../cil/bin/cilly  aget_comb_lib.c > out/aget_comb_lib.out 2>&1
gcc -D_GNUCC -E -DCIL=1 aget_comb_lib.c -o /tmp/cil-hMIitnQC.i
/export/home/mwh/src/tmp/locksmith/cil/obj/x86_LINUX/cilly.asm.exe --out /tmp/cil-YD3QWlBW.cil.c --list-guardedby --list-shared --locksmith-version /tmp/cil-hMIitnQC.i

************************* STARTING *************************


aget_comb.c:880: Warning: subtyping incompatible types:
int
struct in_addr {}

aget_comb.c:1137: Warning: assigning pointer to non-pointer: struct thread_data {
                                                                                   <(*(wthread + i)).clength:aget_comb.c:176> clength: 
                                                                                   

                                                                                   <(*(wthread + i)).fd:aget_comb.c:176> fd: 
                                                                                   

                                                                                   <(*(wthread + i)).foffset:aget_comb.c:176> foffset: 
                                                                                   

                                                                                   <(*(wthread + i)).getstr:aget_comb.c:176> getstr: 
                                                                                   

                                                                                   <(*(wthread + i)).offset:aget_comb.c:176> offset: 
                                                                                   

                                                                                   <(*(wthread + i)).sin:aget_comb.c:176> sin: 
                                                                                   

                                                                                   <(*(wthread + i)).soffset:aget_comb.c:176> soffset: 
                                                                                   

                                                                                   <(*(wthread + i)).status:aget_comb.c:176> status: 
                                                                                   

                                                                                   <(*(wthread + i)).tid:aget_comb.c:176> tid: 
                                                                                   }
 ->
 struct thread_data {}*^{h.wthread:aget_comb.c:1112}

lib.c:143: Warning: subtyping incompatible types:
int
(void)

lib.c:173: Warning: subtyping incompatible types:
int
(void)

lib.c:211: Warning: subtyping incompatible types:
int
(void)

lib.c:217: Warning: subtyping incompatible types:
(void)
int

lib.c:254: Warning: subtyping incompatible types:
int
(void)

lib.c:259: Warning: subtyping incompatible types:
(void)
int

lib.c:282: Warning: subtyping incompatible types:
int
(void)

lib.c:299: Warning: subtyping incompatible types:
int
(void)

lib.c:306: Warning: subtyping incompatible types:
int
(void)
shared: &nthreads:aget_comb.c:172
        &prev:aget_comb.c:779
        &bwritten:aget_comb.c:943
        alloc.status:aget_comb.c:435
        alloc.soffset:aget_comb.c:435
        alloc.fd:aget_comb.c:435
        alloc.foffset:aget_comb.c:435
        alloc.offset:aget_comb.c:435
        alloc.clength:aget_comb.c:435
        alloc.status:aget_comb.c:335
        alloc.soffset:aget_comb.c:335
        alloc.fd:aget_comb.c:335
        alloc.foffset:aget_comb.c:335
        alloc.offset:aget_comb.c:335
        alloc.clength:aget_comb.c:335

Warning: Possible data race: &nthreads:aget_comb.c:172 is not protected!
 references:
  dereference at aget_comb.c:970
    locations possibly dereferenced: 
      &nthreads:aget_comb.c:172
    locks acquired at dereference: 
      <empty>
    in: FORK at aget_comb.c:193 -> signal_waiter aget_comb.c:193 -> sigint_handler aget_comb.c:954

  dereference at aget_comb.c:222
    locations possibly dereferenced: 
      &nthreads:aget_comb.c:172
    locks acquired at dereference: 
      <empty>
    in: main at aget_comb.c:242

  dereference at aget_comb.c:223
    locations possibly dereferenced: 
      &nthreads:aget_comb.c:172
    locks acquired at dereference: 
      <empty>
    in: main at aget_comb.c:242

  dereference at aget_comb.c:250
    locations possibly dereferenced: 
      &nthreads:aget_comb.c:172
    locks acquired at dereference: 
      <empty>
    in: main at aget_comb.c:242

  dereference at aget_comb.c:970
    locations possibly dereferenced: 
      &nthreads:aget_comb.c:172
    locks acquired at dereference: 
      <empty>
    in: main at aget_comb.c:242 -> signal_waiter aget_comb.c:193 -> sigint_handler aget_comb.c:954


Warning: Possible data race: &prev:aget_comb.c:779 is not protected!
 references:
  dereference at aget_comb.c:788
    locations possibly dereferenced: 
      &prev:aget_comb.c:779
    locks acquired at dereference: 
      <empty>
    in: FORK at aget_comb.c:468 -> http_get aget_comb.c:468 -> updateProgressBar aget_comb.c:1094

  dereference at aget_comb.c:788
    locations possibly dereferenced: 
      &prev:aget_comb.c:779
    locks acquired at dereference: 
      <empty>
    in: FORK at aget_comb.c:391 -> http_get aget_comb.c:391 -> updateProgressBar aget_comb.c:1094

  dereference at aget_comb.c:788
    locations possibly dereferenced: 
      &prev:aget_comb.c:779
    locks acquired at dereference: 
      <empty>
    in: FORK at aget_comb.c:193 -> signal_waiter aget_comb.c:193 -> sigalrm_handler aget_comb.c:957 -> updateProgressBar aget_comb.c:984

  dereference at aget_comb.c:788
    locations possibly dereferenced: 
      &prev:aget_comb.c:779
    locks acquired at dereference: 
      <empty>
    in: main at aget_comb.c:242 -> signal_waiter aget_comb.c:193 -> sigalrm_handler aget_comb.c:957 -> updateProgressBar aget_comb.c:984

  dereference at aget_comb.c:788
    locations possibly dereferenced: 
      &prev:aget_comb.c:779
    locks acquired at dereference: 
      <empty>
    in: main at aget_comb.c:242 -> resume_get aget_comb.c:276 -> http_get aget_comb.c:468 -> updateProgressBar aget_comb.c:1094

  dereference at aget_comb.c:788
    locations possibly dereferenced: 
      &prev:aget_comb.c:779
    locks acquired at dereference: 
      <empty>
    in: main at aget_comb.c:242 -> get aget_comb.c:278 -> http_get aget_comb.c:391 -> updateProgressBar aget_comb.c:1094


Warning: Possible data race: &bwritten:aget_comb.c:943 is not protected!
 references:
  dereference at aget_comb.c:1079
    locations possibly dereferenced: 
      &bwritten:aget_comb.c:943
    locks acquired at dereference: 
      bwritten_mutex:aget_comb.c:996
      bwritten_mutex:aget_comb.c:996
      concrete bwritten_mutex:aget_comb.c:996
    in: FORK at aget_comb.c:468 -> http_get aget_comb.c:468

  dereference at aget_comb.c:1094
    locations possibly dereferenced: 
      &bwritten:aget_comb.c:943
    locks acquired at dereference: 
      <empty>
    in: FORK at aget_comb.c:468 -> http_get aget_comb.c:468

  dereference at aget_comb.c:1079
    locations possibly dereferenced: 
      &bwritten:aget_comb.c:943
    locks acquired at dereference: 
      bwritten_mutex:aget_comb.c:996
      bwritten_mutex:aget_comb.c:996
      concrete bwritten_mutex:aget_comb.c:996
    in: FORK at aget_comb.c:391 -> http_get aget_comb.c:391

  dereference at aget_comb.c:1094
    locations possibly dereferenced: 
      &bwritten:aget_comb.c:943
    locks acquired at dereference: 
      <empty>
    in: FORK at aget_comb.c:391 -> http_get aget_comb.c:391

  dereference at aget_comb.c:984
    locations possibly dereferenced: 
      &bwritten:aget_comb.c:943
    locks acquired at dereference: 
      <empty>
    in: FORK at aget_comb.c:193 -> signal_waiter aget_comb.c:193 -> sigalrm_handler aget_comb.c:957

  dereference at aget_comb.c:984
    locations possibly dereferenced: 
      &bwritten:aget_comb.c:943
    locks acquired at dereference: 
      <empty>
    in: main at aget_comb.c:242 -> signal_waiter aget_comb.c:193 -> sigalrm_handler aget_comb.c:957

  dereference at aget_comb.c:1079
    locations possibly dereferenced: 
      &bwritten:aget_comb.c:943
    locks acquired at dereference: 
      bwritten_mutex:aget_comb.c:996
      bwritten_mutex:aget_comb.c:996
      concrete bwritten_mutex:aget_comb.c:996
    in: main at aget_comb.c:242 -> resume_get aget_comb.c:276 -> http_get aget_comb.c:468

  dereference at aget_comb.c:1094
    locations possibly dereferenced: 
      &bwritten:aget_comb.c:943
    locks acquired at dereference: 
      <empty>
    in: main at aget_comb.c:242 -> resume_get aget_comb.c:276 -> http_get aget_comb.c:468

  dereference at aget_comb.c:1079
    locations possibly dereferenced: 
      &bwritten:aget_comb.c:943
    locks acquired at dereference: 
      bwritten_mutex:aget_comb.c:996
      bwritten_mutex:aget_comb.c:996
      concrete bwritten_mutex:aget_comb.c:996
    in: main at aget_comb.c:242 -> get aget_comb.c:278 -> http_get aget_comb.c:391

  dereference at aget_comb.c:1094
    locations possibly dereferenced: 
      &bwritten:aget_comb.c:943
    locks acquired at dereference: 
      <empty>
    in: main at aget_comb.c:242 -> get aget_comb.c:278 -> http_get aget_comb.c:391


Warning: Possible data race: alloc.status:aget_comb.c:435 is not protected!
 references:
  dereference at aget_comb.c:1097
    locations possibly dereferenced: 
      (*(wthread + i)).status:aget_comb.c:176
      (*(h, *read_log.h, *resume_get.h).wthread).status:aget_comb.c:182
      alloc.status:aget_comb.c:435
      alloc.status:aget_comb.c:335
    locks acquired at dereference: 
      <empty>
    in: FORK at aget_comb.c:468 -> http_get aget_comb.c:468

  dereference at aget_comb.c:1097
    locations possibly dereferenced: 
      (*(wthread + i)).status:aget_comb.c:176
      (*(h, *read_log.h, *resume_get.h).wthread).status:aget_comb.c:182
      alloc.status:aget_comb.c:435
      alloc.status:aget_comb.c:335
    locks acquired at dereference: 
      <empty>
    in: FORK at aget_comb.c:391 -> http_get aget_comb.c:391

  dereference at aget_comb.c:972
    locations possibly dereferenced: 
      (*(wthread + i)).status:aget_comb.c:176
      (*(h, *read_log.h, *resume_get.h).wthread).status:aget_comb.c:182
      alloc.status:aget_comb.c:435
      alloc.status:aget_comb.c:335
    locks acquired at dereference: 
      <empty>
    in: FORK at aget_comb.c:193 -> signal_waiter aget_comb.c:193 -> sigint_handler aget_comb.c:954

  dereference at aget_comb.c:972
    locations possibly dereferenced: 
      (*(wthread + i)).status:aget_comb.c:176
      (*(h, *read_log.h, *resume_get.h).wthread).status:aget_comb.c:182
      alloc.status:aget_comb.c:435
      alloc.status:aget_comb.c:335
    locks acquired at dereference: 
      <empty>
    in: main at aget_comb.c:242 -> signal_waiter aget_comb.c:193 -> sigint_handler aget_comb.c:954

  dereference at aget_comb.c:1097
    locations possibly dereferenced: 
      (*(wthread + i)).status:aget_comb.c:176
      (*(h, *read_log.h, *resume_get.h).wthread).status:aget_comb.c:182
      alloc.status:aget_comb.c:435
      alloc.status:aget_comb.c:335
    locks acquired at dereference: 
      <empty>
    in: main at aget_comb.c:242 -> resume_get aget_comb.c:276 -> http_get aget_comb.c:468

  dereference at aget_comb.c:1097
    locations possibly dereferenced: 
      (*(wthread + i)).status:aget_comb.c:176
      (*(h, *read_log.h, *resume_get.h).wthread).status:aget_comb.c:182
      alloc.status:aget_comb.c:435
      alloc.status:aget_comb.c:335
    locks acquired at dereference: 
      <empty>
    in: main at aget_comb.c:242 -> get aget_comb.c:278 -> http_get aget_comb.c:391


Warning: Possible data race: alloc.soffset:aget_comb.c:435 is not protected!
 references:
  dereference at aget_comb.c:1071
    locations possibly dereferenced: 
      (*(wthread + i)).soffset:aget_comb.c:176
      (*(h, *read_log.h, *resume_get.h).wthread).soffset:aget_comb.c:182
      alloc.soffset:aget_comb.c:435
      alloc.soffset:aget_comb.c:335
    locks acquired at dereference: 
      <empty>
    in: FORK at aget_comb.c:468 -> http_get aget_comb.c:468

  dereference at aget_comb.c:1071
    locations possibly dereferenced: 
      (*(wthread + i)).soffset:aget_comb.c:176
      (*(h, *read_log.h, *resume_get.h).wthread).soffset:aget_comb.c:182
      alloc.soffset:aget_comb.c:435
      alloc.soffset:aget_comb.c:335
    locks acquired at dereference: 
      <empty>
    in: FORK at aget_comb.c:391 -> http_get aget_comb.c:391

  dereference at aget_comb.c:1071
    locations possibly dereferenced: 
      (*(wthread + i)).soffset:aget_comb.c:176
      (*(h, *read_log.h, *resume_get.h).wthread).soffset:aget_comb.c:182
      alloc.soffset:aget_comb.c:435
      alloc.soffset:aget_comb.c:335
    locks acquired at dereference: 
      <empty>
    in: main at aget_comb.c:242 -> resume_get aget_comb.c:276 -> http_get aget_comb.c:468

  dereference at aget_comb.c:1071
    locations possibly dereferenced: 
      (*(wthread + i)).soffset:aget_comb.c:176
      (*(h, *read_log.h, *resume_get.h).wthread).soffset:aget_comb.c:182
      alloc.soffset:aget_comb.c:435
      alloc.soffset:aget_comb.c:335
    locks acquired at dereference: 
      <empty>
    in: main at aget_comb.c:242 -> get aget_comb.c:278 -> http_get aget_comb.c:391


Warning: Possible data race: alloc.fd:aget_comb.c:435 is not protected!
 references:
  dereference at aget_comb.c:1073
    locations possibly dereferenced: 
      (*(wthread + i)).fd:aget_comb.c:176
      (*(h, *read_log.h, *resume_get.h).wthread).fd:aget_comb.c:182
      alloc.fd:aget_comb.c:435
      alloc.fd:aget_comb.c:335
    locks acquired at dereference: 
      <empty>
    in: FORK at aget_comb.c:468 -> http_get aget_comb.c:468

  dereference at aget_comb.c:1073
    locations possibly dereferenced: 
      (*(wthread + i)).fd:aget_comb.c:176
      (*(h, *read_log.h, *resume_get.h).wthread).fd:aget_comb.c:182
      alloc.fd:aget_comb.c:435
      alloc.fd:aget_comb.c:335
    locks acquired at dereference: 
      <empty>
    in: FORK at aget_comb.c:391 -> http_get aget_comb.c:391

  dereference at aget_comb.c:1073
    locations possibly dereferenced: 
      (*(wthread + i)).fd:aget_comb.c:176
      (*(h, *read_log.h, *resume_get.h).wthread).fd:aget_comb.c:182
      alloc.fd:aget_comb.c:435
      alloc.fd:aget_comb.c:335
    locks acquired at dereference: 
      <empty>
    in: main at aget_comb.c:242 -> resume_get aget_comb.c:276 -> http_get aget_comb.c:468

  dereference at aget_comb.c:1073
    locations possibly dereferenced: 
      (*(wthread + i)).fd:aget_comb.c:176
      (*(h, *read_log.h, *resume_get.h).wthread).fd:aget_comb.c:182
      alloc.fd:aget_comb.c:435
      alloc.fd:aget_comb.c:335
    locks acquired at dereference: 
      <empty>
    in: main at aget_comb.c:242 -> get aget_comb.c:278 -> http_get aget_comb.c:391


Warning: Possible data race: alloc.foffset:aget_comb.c:435 is not protected!
 references:
  dereference at aget_comb.c:1021
    locations possibly dereferenced: 
      (*(wthread + i)).foffset:aget_comb.c:176
      (*(h, *read_log.h, *resume_get.h).wthread).foffset:aget_comb.c:182
      alloc.foffset:aget_comb.c:435
      alloc.foffset:aget_comb.c:335
    locks acquired at dereference: 
      <empty>
    in: FORK at aget_comb.c:468 -> http_get aget_comb.c:468

  dereference at aget_comb.c:1021
    locations possibly dereferenced: 
      (*(wthread + i)).foffset:aget_comb.c:176
      (*(h, *read_log.h, *resume_get.h).wthread).foffset:aget_comb.c:182
      alloc.foffset:aget_comb.c:435
      alloc.foffset:aget_comb.c:335
    locks acquired at dereference: 
      <empty>
    in: FORK at aget_comb.c:391 -> http_get aget_comb.c:391

  dereference at aget_comb.c:1021
    locations possibly dereferenced: 
      (*(wthread + i)).foffset:aget_comb.c:176
      (*(h, *read_log.h, *resume_get.h).wthread).foffset:aget_comb.c:182
      alloc.foffset:aget_comb.c:435
      alloc.foffset:aget_comb.c:335
    locks acquired at dereference: 
      <empty>
    in: main at aget_comb.c:242 -> resume_get aget_comb.c:276 -> http_get aget_comb.c:468

  dereference at aget_comb.c:1021
    locations possibly dereferenced: 
      (*(wthread + i)).foffset:aget_comb.c:176
      (*(h, *read_log.h, *resume_get.h).wthread).foffset:aget_comb.c:182
      alloc.foffset:aget_comb.c:435
      alloc.foffset:aget_comb.c:335
    locks acquired at dereference: 
      <empty>
    in: main at aget_comb.c:242 -> get aget_comb.c:278 -> http_get aget_comb.c:391


Warning: Possible data race: alloc.offset:aget_comb.c:435 is not protected!
 references:
  dereference at aget_comb.c:1071
    locations possibly dereferenced: 
      (*(wthread + i)).offset:aget_comb.c:176
      (*(h, *read_log.h, *resume_get.h).wthread).offset:aget_comb.c:182
      alloc.offset:aget_comb.c:435
      alloc.offset:aget_comb.c:335
    locks acquired at dereference: 
      <empty>
    in: FORK at aget_comb.c:468 -> http_get aget_comb.c:468

  dereference at aget_comb.c:1071
    locations possibly dereferenced: 
      (*(wthread + i)).offset:aget_comb.c:176
      (*(h, *read_log.h, *resume_get.h).wthread).offset:aget_comb.c:182
      alloc.offset:aget_comb.c:435
      alloc.offset:aget_comb.c:335
    locks acquired at dereference: 
      <empty>
    in: FORK at aget_comb.c:391 -> http_get aget_comb.c:391

  dereference at aget_comb.c:1071
    locations possibly dereferenced: 
      (*(wthread + i)).offset:aget_comb.c:176
      (*(h, *read_log.h, *resume_get.h).wthread).offset:aget_comb.c:182
      alloc.offset:aget_comb.c:435
      alloc.offset:aget_comb.c:335
    locks acquired at dereference: 
      <empty>
    in: main at aget_comb.c:242 -> resume_get aget_comb.c:276 -> http_get aget_comb.c:468

  dereference at aget_comb.c:1071
    locations possibly dereferenced: 
      (*(wthread + i)).offset:aget_comb.c:176
      (*(h, *read_log.h, *resume_get.h).wthread).offset:aget_comb.c:182
      alloc.offset:aget_comb.c:435
      alloc.offset:aget_comb.c:335
    locks acquired at dereference: 
      <empty>
    in: main at aget_comb.c:242 -> get aget_comb.c:278 -> http_get aget_comb.c:391


Warning: Possible data race: alloc.clength:aget_comb.c:435 is not protected!
 references:
  dereference at aget_comb.c:1094
    locations possibly dereferenced: 
      (*(wthread + i)).clength:aget_comb.c:176
      (*(h, *read_log.h, *resume_get.h).wthread).clength:aget_comb.c:182
      alloc.clength:aget_comb.c:435
      alloc.clength:aget_comb.c:335
    locks acquired at dereference: 
      <empty>
    in: FORK at aget_comb.c:468 -> http_get aget_comb.c:468

  dereference at aget_comb.c:1094
    locations possibly dereferenced: 
      (*(wthread + i)).clength:aget_comb.c:176
      (*(h, *read_log.h, *resume_get.h).wthread).clength:aget_comb.c:182
      alloc.clength:aget_comb.c:435
      alloc.clength:aget_comb.c:335
    locks acquired at dereference: 
      <empty>
    in: FORK at aget_comb.c:391 -> http_get aget_comb.c:391

  dereference at aget_comb.c:1094
    locations possibly dereferenced: 
      (*(wthread + i)).clength:aget_comb.c:176
      (*(h, *read_log.h, *resume_get.h).wthread).clength:aget_comb.c:182
      alloc.clength:aget_comb.c:435
      alloc.clength:aget_comb.c:335
    locks acquired at dereference: 
      <empty>
    in: main at aget_comb.c:242 -> resume_get aget_comb.c:276 -> http_get aget_comb.c:468

  dereference at aget_comb.c:1094
    locations possibly dereferenced: 
      (*(wthread + i)).clength:aget_comb.c:176
      (*(h, *read_log.h, *resume_get.h).wthread).clength:aget_comb.c:182
      alloc.clength:aget_comb.c:435
      alloc.clength:aget_comb.c:335
    locks acquired at dereference: 
      <empty>
    in: main at aget_comb.c:242 -> get aget_comb.c:278 -> http_get aget_comb.c:391


Warning: Possible data race: alloc.status:aget_comb.c:335 is not protected!
 references:
  dereference at aget_comb.c:1097
    locations possibly dereferenced: 
      (*(wthread + i)).status:aget_comb.c:176
      (*(h, *read_log.h, *resume_get.h).wthread).status:aget_comb.c:182
      alloc.status:aget_comb.c:435
      alloc.status:aget_comb.c:335
    locks acquired at dereference: 
      <empty>
    in: FORK at aget_comb.c:468 -> http_get aget_comb.c:468

  dereference at aget_comb.c:1097
    locations possibly dereferenced: 
      (*(wthread + i)).status:aget_comb.c:176
      (*(h, *read_log.h, *resume_get.h).wthread).status:aget_comb.c:182
      alloc.status:aget_comb.c:435
      alloc.status:aget_comb.c:335
    locks acquired at dereference: 
      <empty>
    in: FORK at aget_comb.c:391 -> http_get aget_comb.c:391

  dereference at aget_comb.c:972
    locations possibly dereferenced: 
      (*(wthread + i)).status:aget_comb.c:176
      (*(h, *read_log.h, *resume_get.h).wthread).status:aget_comb.c:182
      alloc.status:aget_comb.c:435
      alloc.status:aget_comb.c:335
    locks acquired at dereference: 
      <empty>
    in: FORK at aget_comb.c:193 -> signal_waiter aget_comb.c:193 -> sigint_handler aget_comb.c:954

  dereference at aget_comb.c:972
    locations possibly dereferenced: 
      (*(wthread + i)).status:aget_comb.c:176
      (*(h, *read_log.h, *resume_get.h).wthread).status:aget_comb.c:182
      alloc.status:aget_comb.c:435
      alloc.status:aget_comb.c:335
    locks acquired at dereference: 
      <empty>
    in: main at aget_comb.c:242 -> signal_waiter aget_comb.c:193 -> sigint_handler aget_comb.c:954

  dereference at aget_comb.c:1097
    locations possibly dereferenced: 
      (*(wthread + i)).status:aget_comb.c:176
      (*(h, *read_log.h, *resume_get.h).wthread).status:aget_comb.c:182
      alloc.status:aget_comb.c:435
      alloc.status:aget_comb.c:335
    locks acquired at dereference: 
      <empty>
    in: main at aget_comb.c:242 -> resume_get aget_comb.c:276 -> http_get aget_comb.c:468

  dereference at aget_comb.c:1097
    locations possibly dereferenced: 
      (*(wthread + i)).status:aget_comb.c:176
      (*(h, *read_log.h, *resume_get.h).wthread).status:aget_comb.c:182
      alloc.status:aget_comb.c:435
      alloc.status:aget_comb.c:335
    locks acquired at dereference: 
      <empty>
    in: main at aget_comb.c:242 -> get aget_comb.c:278 -> http_get aget_comb.c:391


Warning: Possible data race: alloc.soffset:aget_comb.c:335 is not protected!
 references:
  dereference at aget_comb.c:1071
    locations possibly dereferenced: 
      (*(wthread + i)).soffset:aget_comb.c:176
      (*(h, *read_log.h, *resume_get.h).wthread).soffset:aget_comb.c:182
      alloc.soffset:aget_comb.c:435
      alloc.soffset:aget_comb.c:335
    locks acquired at dereference: 
      <empty>
    in: FORK at aget_comb.c:468 -> http_get aget_comb.c:468

  dereference at aget_comb.c:1071
    locations possibly dereferenced: 
      (*(wthread + i)).soffset:aget_comb.c:176
      (*(h, *read_log.h, *resume_get.h).wthread).soffset:aget_comb.c:182
      alloc.soffset:aget_comb.c:435
      alloc.soffset:aget_comb.c:335
    locks acquired at dereference: 
      <empty>
    in: FORK at aget_comb.c:391 -> http_get aget_comb.c:391

  dereference at aget_comb.c:1071
    locations possibly dereferenced: 
      (*(wthread + i)).soffset:aget_comb.c:176
      (*(h, *read_log.h, *resume_get.h).wthread).soffset:aget_comb.c:182
      alloc.soffset:aget_comb.c:435
      alloc.soffset:aget_comb.c:335
    locks acquired at dereference: 
      <empty>
    in: main at aget_comb.c:242 -> resume_get aget_comb.c:276 -> http_get aget_comb.c:468

  dereference at aget_comb.c:1071
    locations possibly dereferenced: 
      (*(wthread + i)).soffset:aget_comb.c:176
      (*(h, *read_log.h, *resume_get.h).wthread).soffset:aget_comb.c:182
      alloc.soffset:aget_comb.c:435
      alloc.soffset:aget_comb.c:335
    locks acquired at dereference: 
      <empty>
    in: main at aget_comb.c:242 -> get aget_comb.c:278 -> http_get aget_comb.c:391


Warning: Possible data race: alloc.fd:aget_comb.c:335 is not protected!
 references:
  dereference at aget_comb.c:1073
    locations possibly dereferenced: 
      (*(wthread + i)).fd:aget_comb.c:176
      (*(h, *read_log.h, *resume_get.h).wthread).fd:aget_comb.c:182
      alloc.fd:aget_comb.c:435
      alloc.fd:aget_comb.c:335
    locks acquired at dereference: 
      <empty>
    in: FORK at aget_comb.c:468 -> http_get aget_comb.c:468

  dereference at aget_comb.c:1073
    locations possibly dereferenced: 
      (*(wthread + i)).fd:aget_comb.c:176
      (*(h, *read_log.h, *resume_get.h).wthread).fd:aget_comb.c:182
      alloc.fd:aget_comb.c:435
      alloc.fd:aget_comb.c:335
    locks acquired at dereference: 
      <empty>
    in: FORK at aget_comb.c:391 -> http_get aget_comb.c:391

  dereference at aget_comb.c:1073
    locations possibly dereferenced: 
      (*(wthread + i)).fd:aget_comb.c:176
      (*(h, *read_log.h, *resume_get.h).wthread).fd:aget_comb.c:182
      alloc.fd:aget_comb.c:435
      alloc.fd:aget_comb.c:335
    locks acquired at dereference: 
      <empty>
    in: main at aget_comb.c:242 -> resume_get aget_comb.c:276 -> http_get aget_comb.c:468

  dereference at aget_comb.c:1073
    locations possibly dereferenced: 
      (*(wthread + i)).fd:aget_comb.c:176
      (*(h, *read_log.h, *resume_get.h).wthread).fd:aget_comb.c:182
      alloc.fd:aget_comb.c:435
      alloc.fd:aget_comb.c:335
    locks acquired at dereference: 
      <empty>
    in: main at aget_comb.c:242 -> get aget_comb.c:278 -> http_get aget_comb.c:391


Warning: Possible data race: alloc.foffset:aget_comb.c:335 is not protected!
 references:
  dereference at aget_comb.c:1021
    locations possibly dereferenced: 
      (*(wthread + i)).foffset:aget_comb.c:176
      (*(h, *read_log.h, *resume_get.h).wthread).foffset:aget_comb.c:182
      alloc.foffset:aget_comb.c:435
      alloc.foffset:aget_comb.c:335
    locks acquired at dereference: 
      <empty>
    in: FORK at aget_comb.c:468 -> http_get aget_comb.c:468

  dereference at aget_comb.c:1021
    locations possibly dereferenced: 
      (*(wthread + i)).foffset:aget_comb.c:176
      (*(h, *read_log.h, *resume_get.h).wthread).foffset:aget_comb.c:182
      alloc.foffset:aget_comb.c:435
      alloc.foffset:aget_comb.c:335
    locks acquired at dereference: 
      <empty>
    in: FORK at aget_comb.c:391 -> http_get aget_comb.c:391

  dereference at aget_comb.c:1021
    locations possibly dereferenced: 
      (*(wthread + i)).foffset:aget_comb.c:176
      (*(h, *read_log.h, *resume_get.h).wthread).foffset:aget_comb.c:182
      alloc.foffset:aget_comb.c:435
      alloc.foffset:aget_comb.c:335
    locks acquired at dereference: 
      <empty>
    in: main at aget_comb.c:242 -> resume_get aget_comb.c:276 -> http_get aget_comb.c:468

  dereference at aget_comb.c:1021
    locations possibly dereferenced: 
      (*(wthread + i)).foffset:aget_comb.c:176
      (*(h, *read_log.h, *resume_get.h).wthread).foffset:aget_comb.c:182
      alloc.foffset:aget_comb.c:435
      alloc.foffset:aget_comb.c:335
    locks acquired at dereference: 
      <empty>
    in: main at aget_comb.c:242 -> get aget_comb.c:278 -> http_get aget_comb.c:391


Warning: Possible data race: alloc.offset:aget_comb.c:335 is not protected!
 references:
  dereference at aget_comb.c:1071
    locations possibly dereferenced: 
      (*(wthread + i)).offset:aget_comb.c:176
      (*(h, *read_log.h, *resume_get.h).wthread).offset:aget_comb.c:182
      alloc.offset:aget_comb.c:435
      alloc.offset:aget_comb.c:335
    locks acquired at dereference: 
      <empty>
    in: FORK at aget_comb.c:468 -> http_get aget_comb.c:468

  dereference at aget_comb.c:1071
    locations possibly dereferenced: 
      (*(wthread + i)).offset:aget_comb.c:176
      (*(h, *read_log.h, *resume_get.h).wthread).offset:aget_comb.c:182
      alloc.offset:aget_comb.c:435
      alloc.offset:aget_comb.c:335
    locks acquired at dereference: 
      <empty>
    in: FORK at aget_comb.c:391 -> http_get aget_comb.c:391

  dereference at aget_comb.c:1071
    locations possibly dereferenced: 
      (*(wthread + i)).offset:aget_comb.c:176
      (*(h, *read_log.h, *resume_get.h).wthread).offset:aget_comb.c:182
      alloc.offset:aget_comb.c:435
      alloc.offset:aget_comb.c:335
    locks acquired at dereference: 
      <empty>
    in: main at aget_comb.c:242 -> resume_get aget_comb.c:276 -> http_get aget_comb.c:468

  dereference at aget_comb.c:1071
    locations possibly dereferenced: 
      (*(wthread + i)).offset:aget_comb.c:176
      (*(h, *read_log.h, *resume_get.h).wthread).offset:aget_comb.c:182
      alloc.offset:aget_comb.c:435
      alloc.offset:aget_comb.c:335
    locks acquired at dereference: 
      <empty>
    in: main at aget_comb.c:242 -> get aget_comb.c:278 -> http_get aget_comb.c:391


Warning: Possible data race: alloc.clength:aget_comb.c:335 is not protected!
 references:
  dereference at aget_comb.c:1094
    locations possibly dereferenced: 
      (*(wthread + i)).clength:aget_comb.c:176
      (*(h, *read_log.h, *resume_get.h).wthread).clength:aget_comb.c:182
      alloc.clength:aget_comb.c:435
      alloc.clength:aget_comb.c:335
    locks acquired at dereference: 
      <empty>
    in: FORK at aget_comb.c:468 -> http_get aget_comb.c:468

  dereference at aget_comb.c:1094
    locations possibly dereferenced: 
      (*(wthread + i)).clength:aget_comb.c:176
      (*(h, *read_log.h, *resume_get.h).wthread).clength:aget_comb.c:182
      alloc.clength:aget_comb.c:435
      alloc.clength:aget_comb.c:335
    locks acquired at dereference: 
      <empty>
    in: FORK at aget_comb.c:391 -> http_get aget_comb.c:391

  dereference at aget_comb.c:1094
    locations possibly dereferenced: 
      (*(wthread + i)).clength:aget_comb.c:176
      (*(h, *read_log.h, *resume_get.h).wthread).clength:aget_comb.c:182
      alloc.clength:aget_comb.c:435
      alloc.clength:aget_comb.c:335
    locks acquired at dereference: 
      <empty>
    in: main at aget_comb.c:242 -> resume_get aget_comb.c:276 -> http_get aget_comb.c:468

  dereference at aget_comb.c:1094
    locations possibly dereferenced: 
      (*(wthread + i)).clength:aget_comb.c:176
      (*(h, *read_log.h, *resume_get.h).wthread).clength:aget_comb.c:182
      alloc.clength:aget_comb.c:435
      alloc.clength:aget_comb.c:335
    locks acquired at dereference: 
      <empty>
    in: main at aget_comb.c:242 -> get aget_comb.c:278 -> http_get aget_comb.c:391

*************************** DONE ***************************

LockSmith run for: 0.480000 seconds

LockSmith build #$Rev: 1737 $gcc -D_GNUCC -E /tmp/cil-YD3QWlBW.cil.c -o /tmp/cil-jniV1pEY.cil.i
gcc -D_GNUCC -c -o ./aget_comb_lib.o /tmp/cil-jniV1pEY.cil.i
aget_comb.c:145: warning: `__unique__' attribute directive ignored
aget_comb.c:286: warning: `__unique__' attribute directive ignored
