../cil/bin/cilly  ctrace_comb_lib.c > out/ctrace_comb_lib.out 2>&1
gcc -D_GNUCC -E -DCIL=1 ctrace_comb_lib.c -o /tmp/cil-nIsMsOKa.i
/export/home/mwh/src/tmp/locksmith/cil/obj/x86_LINUX/cilly.asm.exe --out /tmp/cil-2QvxhjRJ.cil.c --list-guardedby --list-shared --locksmith-version /tmp/cil-nIsMsOKa.i

************************* STARTING *************************


ctrace_comb.c:1132: Warning: number of args non-equal. first extra arg: int

ctrace_comb.c:1135: Warning: subtyping incompatible types:
int
struct in_addr {
                  <serv_addr.sin_addr.s_addr:ctrace_comb.c:1108> s_addr: 
                  }

lib.c:143: Warning: subtyping incompatible types:
int
(void)

lib.c:173: Warning: subtyping incompatible types:
int
(void)

lib.c:211: Warning: subtyping incompatible types:
int
(void)

lib.c:217: Warning: subtyping incompatible types:
(void)
int

lib.c:254: Warning: subtyping incompatible types:
int
(void)

lib.c:259: Warning: subtyping incompatible types:
(void)
int

lib.c:282: Warning: subtyping incompatible types:
int
(void)

lib.c:299: Warning: subtyping incompatible types:
int
(void)

lib.c:306: Warning: subtyping incompatible types:
int
(void)
functions declared but not defined:
  gethostname
  sem_destroy
  localtime
  strftime
  htonl
  accept
  listen
  setsockopt
  bind
  perror
  vsprintf
shared: &_server:ctrace_comb.c:229
        &_msgs:ctrace_comb.c:230
        &_numthreads:ctrace_comb.c:236
        &_hashreads:ctrace_comb.c:238
        alloc:ctrace_comb.c:419
        alloc.level:ctrace_comb.c:419
        alloc.next:ctrace_comb.c:419
        alloc.on:ctrace_comb.c:419
        alloc.id:ctrace_comb.c:419

Warning: Possible data race: &_server:ctrace_comb.c:229 is not protected!
 references:
  dereference at ctrace_comb.c:1085
    locations possibly dereferenced: 
      &_server:ctrace_comb.c:229
    locks acquired at dereference: 
      sem:ctrace_comb.c:1232
      concrete sem:ctrace_comb.c:1260
      *sem_destroy.__sem:ctrace_comb.c:1299
    in: FORK at ctrace_comb.c:1273 -> thread2 ctrace_comb.c:1273 -> trc_trace ctrace_comb.c:1363

  dereference at ctrace_comb.c:1085
    locations possibly dereferenced: 
      &_server:ctrace_comb.c:229
    locks acquired at dereference: 
      sem:ctrace_comb.c:1232
      concrete sem:ctrace_comb.c:1260
      *sem_destroy.__sem:ctrace_comb.c:1299
    in: FORK at ctrace_comb.c:1268 -> thread1 ctrace_comb.c:1268 -> trc_trace ctrace_comb.c:1320

  dereference at ctrace_comb.c:287
    locations possibly dereferenced: 
      &_server:ctrace_comb.c:229
    locks acquired at dereference: 
      <empty>
    in: main at ctrace_comb.c:1295 -> trc_init ctrace_comb.c:1261

  dereference at ctrace_comb.c:309
    locations possibly dereferenced: 
      &_server:ctrace_comb.c:229
    locks acquired at dereference: 
      _startclient:ctrace_comb.c:233
      concrete _startclient:ctrace_comb.c:286
      *sem_destroy.__sem:ctrace_comb.c:326
      concrete _startclient::-1 -> trc_init ctrace_comb.c:1261
    in: main at ctrace_comb.c:1295 -> trc_init ctrace_comb.c:1261 -> trc_end ctrace_comb.c:292

  dereference at ctrace_comb.c:1085
    locations possibly dereferenced: 
      &_server:ctrace_comb.c:229
    locks acquired at dereference: 
      <empty>
    in: main at ctrace_comb.c:1295 -> trc_trace ctrace_comb.c:1295

  dereference at ctrace_comb.c:1085
    locations possibly dereferenced: 
      &_server:ctrace_comb.c:229
    locks acquired at dereference: 
      <empty>
    in: main at ctrace_comb.c:1295 -> trc_trace ctrace_comb.c:1287

  dereference at ctrace_comb.c:1085
    locations possibly dereferenced: 
      &_server:ctrace_comb.c:229
    locks acquired at dereference: 
      <empty>
    in: main at ctrace_comb.c:1295 -> trc_trace ctrace_comb.c:1283

  dereference at ctrace_comb.c:1085
    locations possibly dereferenced: 
      &_server:ctrace_comb.c:229
    locks acquired at dereference: 
      <empty>
    in: main at ctrace_comb.c:1295 -> trc_trace ctrace_comb.c:1265

  dereference at ctrace_comb.c:1085
    locations possibly dereferenced: 
      &_server:ctrace_comb.c:229
    locks acquired at dereference: 
      <empty>
    in: main at ctrace_comb.c:1295 -> myprocedure ctrace_comb.c:1280 -> trc_trace ctrace_comb.c:1242

  dereference at ctrace_comb.c:1085
    locations possibly dereferenced: 
      &_server:ctrace_comb.c:229
    locks acquired at dereference: 
      sem:ctrace_comb.c:1232
      concrete sem:ctrace_comb.c:1260
      *sem_destroy.__sem:ctrace_comb.c:1299
    in: main at ctrace_comb.c:1295 -> thread2 ctrace_comb.c:1273 -> trc_trace ctrace_comb.c:1363

  dereference at ctrace_comb.c:1085
    locations possibly dereferenced: 
      &_server:ctrace_comb.c:229
    locks acquired at dereference: 
      sem:ctrace_comb.c:1232
      concrete sem:ctrace_comb.c:1260
      *sem_destroy.__sem:ctrace_comb.c:1299
    in: main at ctrace_comb.c:1295 -> thread1 ctrace_comb.c:1268 -> trc_trace ctrace_comb.c:1320

  dereference at ctrace_comb.c:1196
    locations possibly dereferenced: 
      &_server:ctrace_comb.c:229
    locks acquired at dereference: 
      <empty>
    in: FORK at ctrace_comb.c:289 -> trc_start_server ctrace_comb.c:289


Warning: Possible data race: &_msgs:ctrace_comb.c:230 is not protected!
 references:
  dereference at ctrace_comb.c:1093
    locations possibly dereferenced: 
      &_msgs:ctrace_comb.c:230
    locks acquired at dereference: 
      sem:ctrace_comb.c:1232
      concrete sem:ctrace_comb.c:1260
      *sem_destroy.__sem:ctrace_comb.c:1299
    in: FORK at ctrace_comb.c:1273 -> thread2 ctrace_comb.c:1273 -> trc_trace ctrace_comb.c:1363

  dereference at ctrace_comb.c:1093
    locations possibly dereferenced: 
      &_msgs:ctrace_comb.c:230
    locks acquired at dereference: 
      sem:ctrace_comb.c:1232
      concrete sem:ctrace_comb.c:1260
      *sem_destroy.__sem:ctrace_comb.c:1299
    in: FORK at ctrace_comb.c:1268 -> thread1 ctrace_comb.c:1268 -> trc_trace ctrace_comb.c:1320

  dereference at ctrace_comb.c:1093
    locations possibly dereferenced: 
      &_msgs:ctrace_comb.c:230
    locks acquired at dereference: 
      <empty>
    in: main at ctrace_comb.c:1295 -> trc_trace ctrace_comb.c:1295

  dereference at ctrace_comb.c:1093
    locations possibly dereferenced: 
      &_msgs:ctrace_comb.c:230
    locks acquired at dereference: 
      <empty>
    in: main at ctrace_comb.c:1295 -> trc_trace ctrace_comb.c:1287

  dereference at ctrace_comb.c:1093
    locations possibly dereferenced: 
      &_msgs:ctrace_comb.c:230
    locks acquired at dereference: 
      <empty>
    in: main at ctrace_comb.c:1295 -> trc_trace ctrace_comb.c:1283

  dereference at ctrace_comb.c:1093
    locations possibly dereferenced: 
      &_msgs:ctrace_comb.c:230
    locks acquired at dereference: 
      <empty>
    in: main at ctrace_comb.c:1295 -> trc_trace ctrace_comb.c:1265

  dereference at ctrace_comb.c:1093
    locations possibly dereferenced: 
      &_msgs:ctrace_comb.c:230
    locks acquired at dereference: 
      <empty>
    in: main at ctrace_comb.c:1295 -> myprocedure ctrace_comb.c:1280 -> trc_trace ctrace_comb.c:1242

  dereference at ctrace_comb.c:1202
    locations possibly dereferenced: 
      &_msgs:ctrace_comb.c:230
    locks acquired at dereference: 
      <empty>
    in: main at ctrace_comb.c:1295 -> trc_init ctrace_comb.c:1261 -> trc_start_server ctrace_comb.c:289

  dereference at ctrace_comb.c:1093
    locations possibly dereferenced: 
      &_msgs:ctrace_comb.c:230
    locks acquired at dereference: 
      sem:ctrace_comb.c:1232
      concrete sem:ctrace_comb.c:1260
      *sem_destroy.__sem:ctrace_comb.c:1299
    in: main at ctrace_comb.c:1295 -> thread2 ctrace_comb.c:1273 -> trc_trace ctrace_comb.c:1363

  dereference at ctrace_comb.c:1093
    locations possibly dereferenced: 
      &_msgs:ctrace_comb.c:230
    locks acquired at dereference: 
      sem:ctrace_comb.c:1232
      concrete sem:ctrace_comb.c:1260
      *sem_destroy.__sem:ctrace_comb.c:1299
    in: main at ctrace_comb.c:1295 -> thread1 ctrace_comb.c:1268 -> trc_trace ctrace_comb.c:1320

  dereference at ctrace_comb.c:1202
    locations possibly dereferenced: 
      &_msgs:ctrace_comb.c:230
    locks acquired at dereference: 
      <empty>
    in: FORK at ctrace_comb.c:289 -> trc_start_server ctrace_comb.c:289

&_numthreads:ctrace_comb.c:236 is protected by:
  _hashsem:ctrace_comb.c:239
  concrete _hashsem:ctrace_comb.c:285
  *sem_destroy.__sem:ctrace_comb.c:325
  concrete _hashsem::-1 -> trc_init ctrace_comb.c:1261
&_hashreads:ctrace_comb.c:238 is protected by:
  _hashmutex:ctrace_comb.c:237
  concrete _hashmutex:ctrace_comb.c:281
  concrete _hashmutex::-1 -> trc_init ctrace_comb.c:1261

Warning: Possible data race: alloc:ctrace_comb.c:419 is not protected!
 references:
  dereference at ctrace_comb.c:414
    locations possibly dereferenced: 
      **_thread:ctrace_comb.c:235
      (*cur).next:ctrace_comb.c:235
      *t:ctrace_comb.c:403
      trc_thread.return:ctrace_comb.c:411
      alloc:ctrace_comb.c:419
      (*t).next:ctrace_comb.c:403
      trc_thread.return:ctrace_comb.c:557
      trc_thread.return:ctrace_comb.c:587
      trc_thread.return:ctrace_comb.c:769
      trc_thread.return:ctrace_comb.c:793
      trc_thread.return:ctrace_comb.c:817
      trc_thread.return:ctrace_comb.c:950
      trc_thread.return:ctrace_comb.c:1000
    locks acquired at dereference: 
      _hashsem:ctrace_comb.c:239
      concrete _hashsem:ctrace_comb.c:285
      *sem_destroy.__sem:ctrace_comb.c:325
      concrete _hashsem::-1 -> trc_init ctrace_comb.c:1261
    in: FORK at ctrace_comb.c:1273 -> thread2 ctrace_comb.c:1273 -> trc_add_thread ctrace_comb.c:1359

  dereference at ctrace_comb.c:957
    locations possibly dereferenced: 
      **_thread:ctrace_comb.c:235
      (*cur).next:ctrace_comb.c:235
      *t:ctrace_comb.c:403
      trc_thread.return:ctrace_comb.c:411
      alloc:ctrace_comb.c:419
      (*t).next:ctrace_comb.c:403
      trc_thread.return:ctrace_comb.c:557
      trc_thread.return:ctrace_comb.c:587
      trc_thread.return:ctrace_comb.c:769
      trc_thread.return:ctrace_comb.c:793
      trc_thread.return:ctrace_comb.c:817
      trc_thread.return:ctrace_comb.c:950
      trc_thread.return:ctrace_comb.c:1000
    locks acquired at dereference: 
      sem:ctrace_comb.c:1232
      concrete sem:ctrace_comb.c:1260
      *sem_destroy.__sem:ctrace_comb.c:1299
    in: FORK at ctrace_comb.c:1273 -> thread2 ctrace_comb.c:1273 -> trc_varargs ctrace_comb.c:1362

  dereference at ctrace_comb.c:414
    locations possibly dereferenced: 
      **_thread:ctrace_comb.c:235
      (*cur).next:ctrace_comb.c:235
      *t:ctrace_comb.c:403
      trc_thread.return:ctrace_comb.c:411
      alloc:ctrace_comb.c:419
      (*t).next:ctrace_comb.c:403
      trc_thread.return:ctrace_comb.c:557
      trc_thread.return:ctrace_comb.c:587
      trc_thread.return:ctrace_comb.c:769
      trc_thread.return:ctrace_comb.c:793
      trc_thread.return:ctrace_comb.c:817
      trc_thread.return:ctrace_comb.c:950
      trc_thread.return:ctrace_comb.c:1000
    locks acquired at dereference: 
      _hashsem:ctrace_comb.c:239
      concrete _hashsem:ctrace_comb.c:285
      *sem_destroy.__sem:ctrace_comb.c:325
      concrete _hashsem::-1 -> trc_init ctrace_comb.c:1261
    in: FORK at ctrace_comb.c:1268 -> thread1 ctrace_comb.c:1268 -> trc_add_thread ctrace_comb.c:1312

  dereference at ctrace_comb.c:559
    locations possibly dereferenced: 
      **_thread:ctrace_comb.c:235
      (*cur).next:ctrace_comb.c:235
      *t:ctrace_comb.c:403
      trc_thread.return:ctrace_comb.c:411
      alloc:ctrace_comb.c:419
      (*t).next:ctrace_comb.c:403
      trc_thread.return:ctrace_comb.c:557
      trc_thread.return:ctrace_comb.c:587
      trc_thread.return:ctrace_comb.c:769
      trc_thread.return:ctrace_comb.c:793
      trc_thread.return:ctrace_comb.c:817
      trc_thread.return:ctrace_comb.c:950
      trc_thread.return:ctrace_comb.c:1000
    locks acquired at dereference: 
      <empty>
    in: FORK at ctrace_comb.c:1268 -> thread1 ctrace_comb.c:1268 -> trc_turn_thread_on ctrace_comb.c:1316

  dereference at ctrace_comb.c:957
    locations possibly dereferenced: 
      **_thread:ctrace_comb.c:235
      (*cur).next:ctrace_comb.c:235
      *t:ctrace_comb.c:403
      trc_thread.return:ctrace_comb.c:411
      alloc:ctrace_comb.c:419
      (*t).next:ctrace_comb.c:403
      trc_thread.return:ctrace_comb.c:557
      trc_thread.return:ctrace_comb.c:587
      trc_thread.return:ctrace_comb.c:769
      trc_thread.return:ctrace_comb.c:793
      trc_thread.return:ctrace_comb.c:817
      trc_thread.return:ctrace_comb.c:950
      trc_thread.return:ctrace_comb.c:1000
    locks acquired at dereference: 
      sem:ctrace_comb.c:1232
      concrete sem:ctrace_comb.c:1260
      *sem_destroy.__sem:ctrace_comb.c:1299
    in: FORK at ctrace_comb.c:1268 -> thread1 ctrace_comb.c:1268 -> trc_varargs ctrace_comb.c:1319

  dereference at ctrace_comb.c:456
    locations possibly dereferenced: 
      **_thread:ctrace_comb.c:235
      (*cur).next:ctrace_comb.c:235
      *t:ctrace_comb.c:403
      trc_thread.return:ctrace_comb.c:411
      alloc:ctrace_comb.c:419
      (*t).next:ctrace_comb.c:403
      trc_thread.return:ctrace_comb.c:557
      trc_thread.return:ctrace_comb.c:587
      trc_thread.return:ctrace_comb.c:769
      trc_thread.return:ctrace_comb.c:793
      trc_thread.return:ctrace_comb.c:817
      trc_thread.return:ctrace_comb.c:950
      trc_thread.return:ctrace_comb.c:1000
    locks acquired at dereference: 
      _hashsem:ctrace_comb.c:239
      concrete _hashsem:ctrace_comb.c:285
      *sem_destroy.__sem:ctrace_comb.c:325
      concrete _hashsem::-1 -> trc_init ctrace_comb.c:1261
    in: main at ctrace_comb.c:1295 -> trc_remove_thread ctrace_comb.c:1292

  dereference at ctrace_comb.c:456
    locations possibly dereferenced: 
      **_thread:ctrace_comb.c:235
      (*cur).next:ctrace_comb.c:235
      *t:ctrace_comb.c:403
      trc_thread.return:ctrace_comb.c:411
      alloc:ctrace_comb.c:419
      (*t).next:ctrace_comb.c:403
      trc_thread.return:ctrace_comb.c:557
      trc_thread.return:ctrace_comb.c:587
      trc_thread.return:ctrace_comb.c:769
      trc_thread.return:ctrace_comb.c:793
      trc_thread.return:ctrace_comb.c:817
      trc_thread.return:ctrace_comb.c:950
      trc_thread.return:ctrace_comb.c:1000
    locks acquired at dereference: 
      _hashsem:ctrace_comb.c:239
      concrete _hashsem:ctrace_comb.c:285
      *sem_destroy.__sem:ctrace_comb.c:325
      concrete _hashsem::-1 -> trc_init ctrace_comb.c:1261
    in: main at ctrace_comb.c:1295 -> trc_remove_thread ctrace_comb.c:1290

  dereference at ctrace_comb.c:458
    locations possibly dereferenced: 
      **_thread:ctrace_comb.c:235
      (*cur).next:ctrace_comb.c:235
      *t:ctrace_comb.c:403
      trc_thread.return:ctrace_comb.c:411
      alloc:ctrace_comb.c:419
      (*t).next:ctrace_comb.c:403
      trc_thread.return:ctrace_comb.c:557
      trc_thread.return:ctrace_comb.c:587
      trc_thread.return:ctrace_comb.c:769
      trc_thread.return:ctrace_comb.c:793
      trc_thread.return:ctrace_comb.c:817
      trc_thread.return:ctrace_comb.c:950
      trc_thread.return:ctrace_comb.c:1000
    locks acquired at dereference: 
      _hashsem:ctrace_comb.c:239
      concrete _hashsem:ctrace_comb.c:285
      *sem_destroy.__sem:ctrace_comb.c:325
      concrete _hashsem::-1 -> trc_init ctrace_comb.c:1261
    in: main at ctrace_comb.c:1295 -> trc_remove_thread ctrace_comb.c:1292

  dereference at ctrace_comb.c:458
    locations possibly dereferenced: 
      **_thread:ctrace_comb.c:235
      (*cur).next:ctrace_comb.c:235
      *t:ctrace_comb.c:403
      trc_thread.return:ctrace_comb.c:411
      alloc:ctrace_comb.c:419
      (*t).next:ctrace_comb.c:403
      trc_thread.return:ctrace_comb.c:557
      trc_thread.return:ctrace_comb.c:587
      trc_thread.return:ctrace_comb.c:769
      trc_thread.return:ctrace_comb.c:793
      trc_thread.return:ctrace_comb.c:817
      trc_thread.return:ctrace_comb.c:950
      trc_thread.return:ctrace_comb.c:1000
    locks acquired at dereference: 
      _hashsem:ctrace_comb.c:239
      concrete _hashsem:ctrace_comb.c:285
      *sem_destroy.__sem:ctrace_comb.c:325
      concrete _hashsem::-1 -> trc_init ctrace_comb.c:1261
    in: main at ctrace_comb.c:1295 -> trc_remove_thread ctrace_comb.c:1290

  dereference at ctrace_comb.c:414
    locations possibly dereferenced: 
      **_thread:ctrace_comb.c:235
      (*cur).next:ctrace_comb.c:235
      *t:ctrace_comb.c:403
      trc_thread.return:ctrace_comb.c:411
      alloc:ctrace_comb.c:419
      (*t).next:ctrace_comb.c:403
      trc_thread.return:ctrace_comb.c:557
      trc_thread.return:ctrace_comb.c:587
      trc_thread.return:ctrace_comb.c:769
      trc_thread.return:ctrace_comb.c:793
      trc_thread.return:ctrace_comb.c:817
      trc_thread.return:ctrace_comb.c:950
      trc_thread.return:ctrace_comb.c:1000
    locks acquired at dereference: 
      _hashsem:ctrace_comb.c:239
      concrete _hashsem:ctrace_comb.c:285
      *sem_destroy.__sem:ctrace_comb.c:325
      concrete _hashsem::-1 -> trc_init ctrace_comb.c:1261
    in: main at ctrace_comb.c:1295 -> trc_add_thread ctrace_comb.c:1262

  dereference at ctrace_comb.c:471
    locations possibly dereferenced: 
      **_thread:ctrace_comb.c:235
      (*cur).next:ctrace_comb.c:235
      *t:ctrace_comb.c:403
      trc_thread.return:ctrace_comb.c:411
      alloc:ctrace_comb.c:419
      (*t).next:ctrace_comb.c:403
      trc_thread.return:ctrace_comb.c:557
      trc_thread.return:ctrace_comb.c:587
      trc_thread.return:ctrace_comb.c:769
      trc_thread.return:ctrace_comb.c:793
      trc_thread.return:ctrace_comb.c:817
      trc_thread.return:ctrace_comb.c:950
      trc_thread.return:ctrace_comb.c:1000
    locks acquired at dereference: 
      _hashsem:ctrace_comb.c:239
      concrete _hashsem:ctrace_comb.c:285
      *sem_destroy.__sem:ctrace_comb.c:325
      concrete _hashsem::-1 -> trc_init ctrace_comb.c:1261
    in: main at ctrace_comb.c:1295 -> trc_remove_thread ctrace_comb.c:1292

  dereference at ctrace_comb.c:471
    locations possibly dereferenced: 
      **_thread:ctrace_comb.c:235
      (*cur).next:ctrace_comb.c:235
      *t:ctrace_comb.c:403
      trc_thread.return:ctrace_comb.c:411
      alloc:ctrace_comb.c:419
      (*t).next:ctrace_comb.c:403
      trc_thread.return:ctrace_comb.c:557
      trc_thread.return:ctrace_comb.c:587
      trc_thread.return:ctrace_comb.c:769
      trc_thread.return:ctrace_comb.c:793
      trc_thread.return:ctrace_comb.c:817
      trc_thread.return:ctrace_comb.c:950
      trc_thread.return:ctrace_comb.c:1000
    locks acquired at dereference: 
      _hashsem:ctrace_comb.c:239
      concrete _hashsem:ctrace_comb.c:285
      *sem_destroy.__sem:ctrace_comb.c:325
      concrete _hashsem::-1 -> trc_init ctrace_comb.c:1261
    in: main at ctrace_comb.c:1295 -> trc_remove_thread ctrace_comb.c:1290

  dereference at ctrace_comb.c:957
    locations possibly dereferenced: 
      **_thread:ctrace_comb.c:235
      (*cur).next:ctrace_comb.c:235
      *t:ctrace_comb.c:403
      trc_thread.return:ctrace_comb.c:411
      alloc:ctrace_comb.c:419
      (*t).next:ctrace_comb.c:403
      trc_thread.return:ctrace_comb.c:557
      trc_thread.return:ctrace_comb.c:587
      trc_thread.return:ctrace_comb.c:769
      trc_thread.return:ctrace_comb.c:793
      trc_thread.return:ctrace_comb.c:817
      trc_thread.return:ctrace_comb.c:950
      trc_thread.return:ctrace_comb.c:1000
    locks acquired at dereference: 
      <empty>
    in: main at ctrace_comb.c:1295 -> trc_varargs ctrace_comb.c:1294

  dereference at ctrace_comb.c:957
    locations possibly dereferenced: 
      **_thread:ctrace_comb.c:235
      (*cur).next:ctrace_comb.c:235
      *t:ctrace_comb.c:403
      trc_thread.return:ctrace_comb.c:411
      alloc:ctrace_comb.c:419
      (*t).next:ctrace_comb.c:403
      trc_thread.return:ctrace_comb.c:557
      trc_thread.return:ctrace_comb.c:587
      trc_thread.return:ctrace_comb.c:769
      trc_thread.return:ctrace_comb.c:793
      trc_thread.return:ctrace_comb.c:817
      trc_thread.return:ctrace_comb.c:950
      trc_thread.return:ctrace_comb.c:1000
    locks acquired at dereference: 
      <empty>
    in: main at ctrace_comb.c:1295 -> trc_varargs ctrace_comb.c:1286

  dereference at ctrace_comb.c:957
    locations possibly dereferenced: 
      **_thread:ctrace_comb.c:235
      (*cur).next:ctrace_comb.c:235
      *t:ctrace_comb.c:403
      trc_thread.return:ctrace_comb.c:411
      alloc:ctrace_comb.c:419
      (*t).next:ctrace_comb.c:403
      trc_thread.return:ctrace_comb.c:557
      trc_thread.return:ctrace_comb.c:587
      trc_thread.return:ctrace_comb.c:769
      trc_thread.return:ctrace_comb.c:793
      trc_thread.return:ctrace_comb.c:817
      trc_thread.return:ctrace_comb.c:950
      trc_thread.return:ctrace_comb.c:1000
    locks acquired at dereference: 
      <empty>
    in: main at ctrace_comb.c:1295 -> trc_varargs ctrace_comb.c:1282

  dereference at ctrace_comb.c:957
    locations possibly dereferenced: 
      **_thread:ctrace_comb.c:235
      (*cur).next:ctrace_comb.c:235
      *t:ctrace_comb.c:403
      trc_thread.return:ctrace_comb.c:411
      alloc:ctrace_comb.c:419
      (*t).next:ctrace_comb.c:403
      trc_thread.return:ctrace_comb.c:557
      trc_thread.return:ctrace_comb.c:587
      trc_thread.return:ctrace_comb.c:769
      trc_thread.return:ctrace_comb.c:793
      trc_thread.return:ctrace_comb.c:817
      trc_thread.return:ctrace_comb.c:950
      trc_thread.return:ctrace_comb.c:1000
    locks acquired at dereference: 
      <empty>
    in: main at ctrace_comb.c:1295 -> trc_varargs ctrace_comb.c:1264

  dereference at ctrace_comb.c:414
    locations possibly dereferenced: 
      **_thread:ctrace_comb.c:235
      (*cur).next:ctrace_comb.c:235
      *t:ctrace_comb.c:403
      trc_thread.return:ctrace_comb.c:411
      alloc:ctrace_comb.c:419
      (*t).next:ctrace_comb.c:403
      trc_thread.return:ctrace_comb.c:557
      trc_thread.return:ctrace_comb.c:587
      trc_thread.return:ctrace_comb.c:769
      trc_thread.return:ctrace_comb.c:793
      trc_thread.return:ctrace_comb.c:817
      trc_thread.return:ctrace_comb.c:950
      trc_thread.return:ctrace_comb.c:1000
    locks acquired at dereference: 
      _hashsem:ctrace_comb.c:239
      concrete _hashsem:ctrace_comb.c:285
      *sem_destroy.__sem:ctrace_comb.c:325
      concrete _hashsem::-1 -> trc_init ctrace_comb.c:1261
    in: main at ctrace_comb.c:1295 -> thread2 ctrace_comb.c:1273 -> trc_add_thread ctrace_comb.c:1359

  dereference at ctrace_comb.c:414
    locations possibly dereferenced: 
      **_thread:ctrace_comb.c:235
      (*cur).next:ctrace_comb.c:235
      *t:ctrace_comb.c:403
      trc_thread.return:ctrace_comb.c:411
      alloc:ctrace_comb.c:419
      (*t).next:ctrace_comb.c:403
      trc_thread.return:ctrace_comb.c:557
      trc_thread.return:ctrace_comb.c:587
      trc_thread.return:ctrace_comb.c:769
      trc_thread.return:ctrace_comb.c:793
      trc_thread.return:ctrace_comb.c:817
      trc_thread.return:ctrace_comb.c:950
      trc_thread.return:ctrace_comb.c:1000
    locks acquired at dereference: 
      _hashsem:ctrace_comb.c:239
      concrete _hashsem:ctrace_comb.c:285
      *sem_destroy.__sem:ctrace_comb.c:325
      concrete _hashsem::-1 -> trc_init ctrace_comb.c:1261
    in: main at ctrace_comb.c:1295 -> thread1 ctrace_comb.c:1268 -> trc_add_thread ctrace_comb.c:1312

  dereference at ctrace_comb.c:957
    locations possibly dereferenced: 
      **_thread:ctrace_comb.c:235
      (*cur).next:ctrace_comb.c:235
      *t:ctrace_comb.c:403
      trc_thread.return:ctrace_comb.c:411
      alloc:ctrace_comb.c:419
      (*t).next:ctrace_comb.c:403
      trc_thread.return:ctrace_comb.c:557
      trc_thread.return:ctrace_comb.c:587
      trc_thread.return:ctrace_comb.c:769
      trc_thread.return:ctrace_comb.c:793
      trc_thread.return:ctrace_comb.c:817
      trc_thread.return:ctrace_comb.c:950
      trc_thread.return:ctrace_comb.c:1000
    locks acquired at dereference: 
      <empty>
    in: main at ctrace_comb.c:1295 -> myprocedure ctrace_comb.c:1280 -> trc_varargs ctrace_comb.c:1238

  dereference at ctrace_comb.c:1034
    locations possibly dereferenced: 
      **_thread:ctrace_comb.c:235
      (*cur).next:ctrace_comb.c:235
      *t:ctrace_comb.c:403
      trc_thread.return:ctrace_comb.c:411
      alloc:ctrace_comb.c:419
      (*t).next:ctrace_comb.c:403
      trc_thread.return:ctrace_comb.c:557
      trc_thread.return:ctrace_comb.c:587
      trc_thread.return:ctrace_comb.c:769
      trc_thread.return:ctrace_comb.c:793
      trc_thread.return:ctrace_comb.c:817
      trc_thread.return:ctrace_comb.c:950
      trc_thread.return:ctrace_comb.c:1000
    locks acquired at dereference: 
      <empty>
    in: main at ctrace_comb.c:1295 -> trc_trace ctrace_comb.c:1295

  dereference at ctrace_comb.c:1034
    locations possibly dereferenced: 
      **_thread:ctrace_comb.c:235
      (*cur).next:ctrace_comb.c:235
      *t:ctrace_comb.c:403
      trc_thread.return:ctrace_comb.c:411
      alloc:ctrace_comb.c:419
      (*t).next:ctrace_comb.c:403
      trc_thread.return:ctrace_comb.c:557
      trc_thread.return:ctrace_comb.c:587
      trc_thread.return:ctrace_comb.c:769
      trc_thread.return:ctrace_comb.c:793
      trc_thread.return:ctrace_comb.c:817
      trc_thread.return:ctrace_comb.c:950
      trc_thread.return:ctrace_comb.c:1000
    locks acquired at dereference: 
      <empty>
    in: main at ctrace_comb.c:1295 -> trc_trace ctrace_comb.c:1287

  dereference at ctrace_comb.c:1034
    locations possibly dereferenced: 
      **_thread:ctrace_comb.c:235
      (*cur).next:ctrace_comb.c:235
      *t:ctrace_comb.c:403
      trc_thread.return:ctrace_comb.c:411
      alloc:ctrace_comb.c:419
      (*t).next:ctrace_comb.c:403
      trc_thread.return:ctrace_comb.c:557
      trc_thread.return:ctrace_comb.c:587
      trc_thread.return:ctrace_comb.c:769
      trc_thread.return:ctrace_comb.c:793
      trc_thread.return:ctrace_comb.c:817
      trc_thread.return:ctrace_comb.c:950
      trc_thread.return:ctrace_comb.c:1000
    locks acquired at dereference: 
      <empty>
    in: main at ctrace_comb.c:1295 -> trc_trace ctrace_comb.c:1283

  dereference at ctrace_comb.c:1034
    locations possibly dereferenced: 
      **_thread:ctrace_comb.c:235
      (*cur).next:ctrace_comb.c:235
      *t:ctrace_comb.c:403
      trc_thread.return:ctrace_comb.c:411
      alloc:ctrace_comb.c:419
      (*t).next:ctrace_comb.c:403
      trc_thread.return:ctrace_comb.c:557
      trc_thread.return:ctrace_comb.c:587
      trc_thread.return:ctrace_comb.c:769
      trc_thread.return:ctrace_comb.c:793
      trc_thread.return:ctrace_comb.c:817
      trc_thread.return:ctrace_comb.c:950
      trc_thread.return:ctrace_comb.c:1000
    locks acquired at dereference: 
      <empty>
    in: main at ctrace_comb.c:1295 -> trc_trace ctrace_comb.c:1265

  dereference at ctrace_comb.c:365
    locations possibly dereferenced: 
      **_thread:ctrace_comb.c:235
      (*cur).next:ctrace_comb.c:235
      *t:ctrace_comb.c:403
      trc_thread.return:ctrace_comb.c:411
      alloc:ctrace_comb.c:419
      (*t).next:ctrace_comb.c:403
      trc_thread.return:ctrace_comb.c:557
      trc_thread.return:ctrace_comb.c:587
      trc_thread.return:ctrace_comb.c:769
      trc_thread.return:ctrace_comb.c:793
      trc_thread.return:ctrace_comb.c:817
      trc_thread.return:ctrace_comb.c:950
      trc_thread.return:ctrace_comb.c:1000
    locks acquired at dereference: 
      <empty>
    in: main at ctrace_comb.c:1295 -> trc_varargs ctrace_comb.c:1294 -> trc_thread ctrace_comb.c:950

  dereference at ctrace_comb.c:365
    locations possibly dereferenced: 
      **_thread:ctrace_comb.c:235
      (*cur).next:ctrace_comb.c:235
      *t:ctrace_comb.c:403
      trc_thread.return:ctrace_comb.c:411
      alloc:ctrace_comb.c:419
      (*t).next:ctrace_comb.c:403
      trc_thread.return:ctrace_comb.c:557
      trc_thread.return:ctrace_comb.c:587
      trc_thread.return:ctrace_comb.c:769
      trc_thread.return:ctrace_comb.c:793
      trc_thread.return:ctrace_comb.c:817
      trc_thread.return:ctrace_comb.c:950
      trc_thread.return:ctrace_comb.c:1000
    locks acquired at dereference: 
      <empty>
    in: main at ctrace_comb.c:1295 -> trc_varargs ctrace_comb.c:1286 -> trc_thread ctrace_comb.c:950

  dereference at ctrace_comb.c:365
    locations possibly dereferenced: 
      **_thread:ctrace_comb.c:235
      (*cur).next:ctrace_comb.c:235
      *t:ctrace_comb.c:403
      trc_thread.return:ctrace_comb.c:411
      alloc:ctrace_comb.c:419
      (*t).next:ctrace_comb.c:403
      trc_thread.return:ctrace_comb.c:557
      trc_thread.return:ctrace_comb.c:587
      trc_thread.return:ctrace_comb.c:769
      trc_thread.return:ctrace_comb.c:793
      trc_thread.return:ctrace_comb.c:817
      trc_thread.return:ctrace_comb.c:950
      trc_thread.return:ctrace_comb.c:1000
    locks acquired at dereference: 
      <empty>
    in: main at ctrace_comb.c:1295 -> trc_varargs ctrace_comb.c:1282 -> trc_thread ctrace_comb.c:950

  dereference at ctrace_comb.c:365
    locations possibly dereferenced: 
      **_thread:ctrace_comb.c:235
      (*cur).next:ctrace_comb.c:235
      *t:ctrace_comb.c:403
      trc_thread.return:ctrace_comb.c:411
      alloc:ctrace_comb.c:419
      (*t).next:ctrace_comb.c:403
      trc_thread.return:ctrace_comb.c:557
      trc_thread.return:ctrace_comb.c:587
      trc_thread.return:ctrace_comb.c:769
      trc_thread.return:ctrace_comb.c:793
      trc_thread.return:ctrace_comb.c:817
      trc_thread.return:ctrace_comb.c:950
      trc_thread.return:ctrace_comb.c:1000
    locks acquired at dereference: 
      <empty>
    in: main at ctrace_comb.c:1295 -> trc_varargs ctrace_comb.c:1264 -> trc_thread ctrace_comb.c:950

  dereference at ctrace_comb.c:365
    locations possibly dereferenced: 
      **_thread:ctrace_comb.c:235
      (*cur).next:ctrace_comb.c:235
      *t:ctrace_comb.c:403
      trc_thread.return:ctrace_comb.c:411
      alloc:ctrace_comb.c:419
      (*t).next:ctrace_comb.c:403
      trc_thread.return:ctrace_comb.c:557
      trc_thread.return:ctrace_comb.c:587
      trc_thread.return:ctrace_comb.c:769
      trc_thread.return:ctrace_comb.c:793
      trc_thread.return:ctrace_comb.c:817
      trc_thread.return:ctrace_comb.c:950
      trc_thread.return:ctrace_comb.c:1000
    locks acquired at dereference: 
      <empty>
    in: main at ctrace_comb.c:1295 -> trc_trace ctrace_comb.c:1295 -> trc_thread ctrace_comb.c:1000

  dereference at ctrace_comb.c:365
    locations possibly dereferenced: 
      **_thread:ctrace_comb.c:235
      (*cur).next:ctrace_comb.c:235
      *t:ctrace_comb.c:403
      trc_thread.return:ctrace_comb.c:411
      alloc:ctrace_comb.c:419
      (*t).next:ctrace_comb.c:403
      trc_thread.return:ctrace_comb.c:557
      trc_thread.return:ctrace_comb.c:587
      trc_thread.return:ctrace_comb.c:769
      trc_thread.return:ctrace_comb.c:793
      trc_thread.return:ctrace_comb.c:817
      trc_thread.return:ctrace_comb.c:950
      trc_thread.return:ctrace_comb.c:1000
    locks acquired at dereference: 
      <empty>
    in: main at ctrace_comb.c:1295 -> trc_trace ctrace_comb.c:1287 -> trc_thread ctrace_comb.c:1000

  dereference at ctrace_comb.c:365
    locations possibly dereferenced: 
      **_thread:ctrace_comb.c:235
      (*cur).next:ctrace_comb.c:235
      *t:ctrace_comb.c:403
      trc_thread.return:ctrace_comb.c:411
      alloc:ctrace_comb.c:419
      (*t).next:ctrace_comb.c:403
      trc_thread.return:ctrace_comb.c:557
      trc_thread.return:ctrace_comb.c:587
      trc_thread.return:ctrace_comb.c:769
      trc_thread.return:ctrace_comb.c:793
      trc_thread.return:ctrace_comb.c:817
      trc_thread.return:ctrace_comb.c:950
      trc_thread.return:ctrace_comb.c:1000
    locks acquired at dereference: 
      <empty>
    in: main at ctrace_comb.c:1295 -> trc_trace ctrace_comb.c:1283 -> trc_thread ctrace_comb.c:1000

  dereference at ctrace_comb.c:365
    locations possibly dereferenced: 
      **_thread:ctrace_comb.c:235
      (*cur).next:ctrace_comb.c:235
      *t:ctrace_comb.c:403
      trc_thread.return:ctrace_comb.c:411
      alloc:ctrace_comb.c:419
      (*t).next:ctrace_comb.c:403
      trc_thread.return:ctrace_comb.c:557
      trc_thread.return:ctrace_comb.c:587
      trc_thread.return:ctrace_comb.c:769
      trc_thread.return:ctrace_comb.c:793
      trc_thread.return:ctrace_comb.c:817
      trc_thread.return:ctrace_comb.c:950
      trc_thread.return:ctrace_comb.c:1000
    locks acquired at dereference: 
      <empty>
    in: main at ctrace_comb.c:1295 -> trc_trace ctrace_comb.c:1265 -> trc_thread ctrace_comb.c:1000

  dereference at ctrace_comb.c:715
    locations possibly dereferenced: 
      **_thread:ctrace_comb.c:235
      (*cur).next:ctrace_comb.c:235
      *t:ctrace_comb.c:403
      trc_thread.return:ctrace_comb.c:411
      alloc:ctrace_comb.c:419
      (*t).next:ctrace_comb.c:403
      trc_thread.return:ctrace_comb.c:557
      trc_thread.return:ctrace_comb.c:587
      trc_thread.return:ctrace_comb.c:769
      trc_thread.return:ctrace_comb.c:793
      trc_thread.return:ctrace_comb.c:817
      trc_thread.return:ctrace_comb.c:950
      trc_thread.return:ctrace_comb.c:1000
    locks acquired at dereference: 
      _hashsem:ctrace_comb.c:239
      concrete _hashsem:ctrace_comb.c:285
      *sem_destroy.__sem:ctrace_comb.c:325
      concrete _hashsem::-1 -> trc_init ctrace_comb.c:1261
    in: main at ctrace_comb.c:1295 -> trc_add_level ctrace_comb.c:1267

  dereference at ctrace_comb.c:957
    locations possibly dereferenced: 
      **_thread:ctrace_comb.c:235
      (*cur).next:ctrace_comb.c:235
      *t:ctrace_comb.c:403
      trc_thread.return:ctrace_comb.c:411
      alloc:ctrace_comb.c:419
      (*t).next:ctrace_comb.c:403
      trc_thread.return:ctrace_comb.c:557
      trc_thread.return:ctrace_comb.c:587
      trc_thread.return:ctrace_comb.c:769
      trc_thread.return:ctrace_comb.c:793
      trc_thread.return:ctrace_comb.c:817
      trc_thread.return:ctrace_comb.c:950
      trc_thread.return:ctrace_comb.c:1000
    locks acquired at dereference: 
      sem:ctrace_comb.c:1232
      concrete sem:ctrace_comb.c:1260
      *sem_destroy.__sem:ctrace_comb.c:1299
    in: main at ctrace_comb.c:1295 -> thread2 ctrace_comb.c:1273 -> trc_varargs ctrace_comb.c:1362

  dereference at ctrace_comb.c:559
    locations possibly dereferenced: 
      **_thread:ctrace_comb.c:235
      (*cur).next:ctrace_comb.c:235
      *t:ctrace_comb.c:403
      trc_thread.return:ctrace_comb.c:411
      alloc:ctrace_comb.c:419
      (*t).next:ctrace_comb.c:403
      trc_thread.return:ctrace_comb.c:557
      trc_thread.return:ctrace_comb.c:587
      trc_thread.return:ctrace_comb.c:769
      trc_thread.return:ctrace_comb.c:793
      trc_thread.return:ctrace_comb.c:817
      trc_thread.return:ctrace_comb.c:950
      trc_thread.return:ctrace_comb.c:1000
    locks acquired at dereference: 
      <empty>
    in: main at ctrace_comb.c:1295 -> thread1 ctrace_comb.c:1268 -> trc_turn_thread_on ctrace_comb.c:1316

  dereference at ctrace_comb.c:957
    locations possibly dereferenced: 
      **_thread:ctrace_comb.c:235
      (*cur).next:ctrace_comb.c:235
      *t:ctrace_comb.c:403
      trc_thread.return:ctrace_comb.c:411
      alloc:ctrace_comb.c:419
      (*t).next:ctrace_comb.c:403
      trc_thread.return:ctrace_comb.c:557
      trc_thread.return:ctrace_comb.c:587
      trc_thread.return:ctrace_comb.c:769
      trc_thread.return:ctrace_comb.c:793
      trc_thread.return:ctrace_comb.c:817
      trc_thread.return:ctrace_comb.c:950
      trc_thread.return:ctrace_comb.c:1000
    locks acquired at dereference: 
      sem:ctrace_comb.c:1232
      concrete sem:ctrace_comb.c:1260
      *sem_destroy.__sem:ctrace_comb.c:1299
    in: main at ctrace_comb.c:1295 -> thread1 ctrace_comb.c:1268 -> trc_varargs ctrace_comb.c:1319

  dereference at ctrace_comb.c:318
    locations possibly dereferenced: 
      **_thread:ctrace_comb.c:235
      (*cur).next:ctrace_comb.c:235
      *t:ctrace_comb.c:403
      trc_thread.return:ctrace_comb.c:411
      alloc:ctrace_comb.c:419
      (*t).next:ctrace_comb.c:403
      trc_thread.return:ctrace_comb.c:557
      trc_thread.return:ctrace_comb.c:587
      trc_thread.return:ctrace_comb.c:769
      trc_thread.return:ctrace_comb.c:793
      trc_thread.return:ctrace_comb.c:817
      trc_thread.return:ctrace_comb.c:950
      trc_thread.return:ctrace_comb.c:1000
    locks acquired at dereference: 
      _startclient:ctrace_comb.c:233
      concrete _startclient:ctrace_comb.c:286
      *sem_destroy.__sem:ctrace_comb.c:326
      concrete _startclient::-1 -> trc_init ctrace_comb.c:1261
    in: main at ctrace_comb.c:1295 -> trc_init ctrace_comb.c:1261 -> trc_end ctrace_comb.c:292


Warning: Possible data race: alloc.level:ctrace_comb.c:419 is not protected!
 references:
  dereference at ctrace_comb.c:432
    locations possibly dereferenced: 
      (*t).level:ctrace_comb.c:235
      (*t).level:ctrace_comb.c:403
      (*t).level:ctrace_comb.c:759
      (*t).level:ctrace_comb.c:783
      (*t).level:ctrace_comb.c:807
      (*t).level:ctrace_comb.c:977
      (**t, *trc_thread.return).level:ctrace_comb.c:543
      (**t, *trc_thread.return).level:ctrace_comb.c:573
      (**t, *trc_thread.return).level:ctrace_comb.c:937
      alloc.level:ctrace_comb.c:419
    locks acquired at dereference: 
      _hashsem:ctrace_comb.c:239
      concrete _hashsem:ctrace_comb.c:285
      *sem_destroy.__sem:ctrace_comb.c:325
      concrete _hashsem::-1 -> trc_init ctrace_comb.c:1261
    in: FORK at ctrace_comb.c:1273 -> thread2 ctrace_comb.c:1273 -> trc_add_thread ctrace_comb.c:1359

  dereference at ctrace_comb.c:1035
    locations possibly dereferenced: 
      (*t).level:ctrace_comb.c:235
      (*t).level:ctrace_comb.c:403
      (*t).level:ctrace_comb.c:759
      (*t).level:ctrace_comb.c:783
      (*t).level:ctrace_comb.c:807
      (*t).level:ctrace_comb.c:977
      (**t, *trc_thread.return).level:ctrace_comb.c:543
      (**t, *trc_thread.return).level:ctrace_comb.c:573
      (**t, *trc_thread.return).level:ctrace_comb.c:937
      alloc.level:ctrace_comb.c:419
    locks acquired at dereference: 
      sem:ctrace_comb.c:1232
      concrete sem:ctrace_comb.c:1260
      *sem_destroy.__sem:ctrace_comb.c:1299
    in: FORK at ctrace_comb.c:1273 -> thread2 ctrace_comb.c:1273 -> trc_trace ctrace_comb.c:1363

  dereference at ctrace_comb.c:773
    locations possibly dereferenced: 
      (*t).level:ctrace_comb.c:235
      (*t).level:ctrace_comb.c:403
      (*t).level:ctrace_comb.c:759
      (*t).level:ctrace_comb.c:783
      (*t).level:ctrace_comb.c:807
      (*t).level:ctrace_comb.c:977
      (**t, *trc_thread.return).level:ctrace_comb.c:543
      (**t, *trc_thread.return).level:ctrace_comb.c:573
      (**t, *trc_thread.return).level:ctrace_comb.c:937
      alloc.level:ctrace_comb.c:419
    locks acquired at dereference: 
      _hashsem:ctrace_comb.c:239
      concrete _hashsem:ctrace_comb.c:285
      *sem_destroy.__sem:ctrace_comb.c:325
      concrete _hashsem::-1 -> trc_init ctrace_comb.c:1261
    in: FORK at ctrace_comb.c:1268 -> thread1 ctrace_comb.c:1268 -> trc_set_thread_level ctrace_comb.c:1313

  dereference at ctrace_comb.c:1035
    locations possibly dereferenced: 
      (*t).level:ctrace_comb.c:235
      (*t).level:ctrace_comb.c:403
      (*t).level:ctrace_comb.c:759
      (*t).level:ctrace_comb.c:783
      (*t).level:ctrace_comb.c:807
      (*t).level:ctrace_comb.c:977
      (**t, *trc_thread.return).level:ctrace_comb.c:543
      (**t, *trc_thread.return).level:ctrace_comb.c:573
      (**t, *trc_thread.return).level:ctrace_comb.c:937
      alloc.level:ctrace_comb.c:419
    locks acquired at dereference: 
      sem:ctrace_comb.c:1232
      concrete sem:ctrace_comb.c:1260
      *sem_destroy.__sem:ctrace_comb.c:1299
    in: FORK at ctrace_comb.c:1268 -> thread1 ctrace_comb.c:1268 -> trc_trace ctrace_comb.c:1320

  dereference at ctrace_comb.c:432
    locations possibly dereferenced: 
      (*t).level:ctrace_comb.c:235
      (*t).level:ctrace_comb.c:403
      (*t).level:ctrace_comb.c:759
      (*t).level:ctrace_comb.c:783
      (*t).level:ctrace_comb.c:807
      (*t).level:ctrace_comb.c:977
      (**t, *trc_thread.return).level:ctrace_comb.c:543
      (**t, *trc_thread.return).level:ctrace_comb.c:573
      (**t, *trc_thread.return).level:ctrace_comb.c:937
      alloc.level:ctrace_comb.c:419
    locks acquired at dereference: 
      _hashsem:ctrace_comb.c:239
      concrete _hashsem:ctrace_comb.c:285
      *sem_destroy.__sem:ctrace_comb.c:325
      concrete _hashsem::-1 -> trc_init ctrace_comb.c:1261
    in: main at ctrace_comb.c:1295 -> trc_add_thread ctrace_comb.c:1262

  dereference at ctrace_comb.c:1035
    locations possibly dereferenced: 
      (*t).level:ctrace_comb.c:235
      (*t).level:ctrace_comb.c:403
      (*t).level:ctrace_comb.c:759
      (*t).level:ctrace_comb.c:783
      (*t).level:ctrace_comb.c:807
      (*t).level:ctrace_comb.c:977
      (**t, *trc_thread.return).level:ctrace_comb.c:543
      (**t, *trc_thread.return).level:ctrace_comb.c:573
      (**t, *trc_thread.return).level:ctrace_comb.c:937
      alloc.level:ctrace_comb.c:419
    locks acquired at dereference: 
      <empty>
    in: main at ctrace_comb.c:1295 -> trc_trace ctrace_comb.c:1295

  dereference at ctrace_comb.c:1035
    locations possibly dereferenced: 
      (*t).level:ctrace_comb.c:235
      (*t).level:ctrace_comb.c:403
      (*t).level:ctrace_comb.c:759
      (*t).level:ctrace_comb.c:783
      (*t).level:ctrace_comb.c:807
      (*t).level:ctrace_comb.c:977
      (**t, *trc_thread.return).level:ctrace_comb.c:543
      (**t, *trc_thread.return).level:ctrace_comb.c:573
      (**t, *trc_thread.return).level:ctrace_comb.c:937
      alloc.level:ctrace_comb.c:419
    locks acquired at dereference: 
      <empty>
    in: main at ctrace_comb.c:1295 -> trc_trace ctrace_comb.c:1287

  dereference at ctrace_comb.c:1035
    locations possibly dereferenced: 
      (*t).level:ctrace_comb.c:235
      (*t).level:ctrace_comb.c:403
      (*t).level:ctrace_comb.c:759
      (*t).level:ctrace_comb.c:783
      (*t).level:ctrace_comb.c:807
      (*t).level:ctrace_comb.c:977
      (**t, *trc_thread.return).level:ctrace_comb.c:543
      (**t, *trc_thread.return).level:ctrace_comb.c:573
      (**t, *trc_thread.return).level:ctrace_comb.c:937
      alloc.level:ctrace_comb.c:419
    locks acquired at dereference: 
      <empty>
    in: main at ctrace_comb.c:1295 -> trc_trace ctrace_comb.c:1283

  dereference at ctrace_comb.c:1035
    locations possibly dereferenced: 
      (*t).level:ctrace_comb.c:235
      (*t).level:ctrace_comb.c:403
      (*t).level:ctrace_comb.c:759
      (*t).level:ctrace_comb.c:783
      (*t).level:ctrace_comb.c:807
      (*t).level:ctrace_comb.c:977
      (**t, *trc_thread.return).level:ctrace_comb.c:543
      (**t, *trc_thread.return).level:ctrace_comb.c:573
      (**t, *trc_thread.return).level:ctrace_comb.c:937
      alloc.level:ctrace_comb.c:419
    locks acquired at dereference: 
      <empty>
    in: main at ctrace_comb.c:1295 -> trc_trace ctrace_comb.c:1265

  dereference at ctrace_comb.c:773
    locations possibly dereferenced: 
      (*t).level:ctrace_comb.c:235
      (*t).level:ctrace_comb.c:403
      (*t).level:ctrace_comb.c:759
      (*t).level:ctrace_comb.c:783
      (*t).level:ctrace_comb.c:807
      (*t).level:ctrace_comb.c:977
      (**t, *trc_thread.return).level:ctrace_comb.c:543
      (**t, *trc_thread.return).level:ctrace_comb.c:573
      (**t, *trc_thread.return).level:ctrace_comb.c:937
      alloc.level:ctrace_comb.c:419
    locks acquired at dereference: 
      _hashsem:ctrace_comb.c:239
      concrete _hashsem:ctrace_comb.c:285
      *sem_destroy.__sem:ctrace_comb.c:325
      concrete _hashsem::-1 -> trc_init ctrace_comb.c:1261
    in: main at ctrace_comb.c:1295 -> thread1 ctrace_comb.c:1268 -> trc_set_thread_level ctrace_comb.c:1313

  dereference at ctrace_comb.c:715
    locations possibly dereferenced: 
      (*t).level:ctrace_comb.c:235
      (*t).level:ctrace_comb.c:403
      (*t).level:ctrace_comb.c:759
      (*t).level:ctrace_comb.c:783
      (*t).level:ctrace_comb.c:807
      (*t).level:ctrace_comb.c:977
      (**t, *trc_thread.return).level:ctrace_comb.c:543
      (**t, *trc_thread.return).level:ctrace_comb.c:573
      (**t, *trc_thread.return).level:ctrace_comb.c:937
      alloc.level:ctrace_comb.c:419
    locks acquired at dereference: 
      _hashsem:ctrace_comb.c:239
      concrete _hashsem:ctrace_comb.c:285
      *sem_destroy.__sem:ctrace_comb.c:325
      concrete _hashsem::-1 -> trc_init ctrace_comb.c:1261
    in: main at ctrace_comb.c:1295 -> trc_add_level ctrace_comb.c:1267

  dereference at ctrace_comb.c:432
    locations possibly dereferenced: 
      (*t).level:ctrace_comb.c:235
      (*t).level:ctrace_comb.c:403
      (*t).level:ctrace_comb.c:759
      (*t).level:ctrace_comb.c:783
      (*t).level:ctrace_comb.c:807
      (*t).level:ctrace_comb.c:977
      (**t, *trc_thread.return).level:ctrace_comb.c:543
      (**t, *trc_thread.return).level:ctrace_comb.c:573
      (**t, *trc_thread.return).level:ctrace_comb.c:937
      alloc.level:ctrace_comb.c:419
    locks acquired at dereference: 
      _hashsem:ctrace_comb.c:239
      concrete _hashsem:ctrace_comb.c:285
      *sem_destroy.__sem:ctrace_comb.c:325
      concrete _hashsem::-1 -> trc_init ctrace_comb.c:1261
    in: main at ctrace_comb.c:1295 -> thread2 ctrace_comb.c:1273 -> trc_add_thread ctrace_comb.c:1359

  dereference at ctrace_comb.c:1035
    locations possibly dereferenced: 
      (*t).level:ctrace_comb.c:235
      (*t).level:ctrace_comb.c:403
      (*t).level:ctrace_comb.c:759
      (*t).level:ctrace_comb.c:783
      (*t).level:ctrace_comb.c:807
      (*t).level:ctrace_comb.c:977
      (**t, *trc_thread.return).level:ctrace_comb.c:543
      (**t, *trc_thread.return).level:ctrace_comb.c:573
      (**t, *trc_thread.return).level:ctrace_comb.c:937
      alloc.level:ctrace_comb.c:419
    locks acquired at dereference: 
      <empty>
    in: main at ctrace_comb.c:1295 -> myprocedure ctrace_comb.c:1280 -> trc_trace ctrace_comb.c:1242

  dereference at ctrace_comb.c:1035
    locations possibly dereferenced: 
      (*t).level:ctrace_comb.c:235
      (*t).level:ctrace_comb.c:403
      (*t).level:ctrace_comb.c:759
      (*t).level:ctrace_comb.c:783
      (*t).level:ctrace_comb.c:807
      (*t).level:ctrace_comb.c:977
      (**t, *trc_thread.return).level:ctrace_comb.c:543
      (**t, *trc_thread.return).level:ctrace_comb.c:573
      (**t, *trc_thread.return).level:ctrace_comb.c:937
      alloc.level:ctrace_comb.c:419
    locks acquired at dereference: 
      sem:ctrace_comb.c:1232
      concrete sem:ctrace_comb.c:1260
      *sem_destroy.__sem:ctrace_comb.c:1299
    in: main at ctrace_comb.c:1295 -> thread2 ctrace_comb.c:1273 -> trc_trace ctrace_comb.c:1363

  dereference at ctrace_comb.c:1035
    locations possibly dereferenced: 
      (*t).level:ctrace_comb.c:235
      (*t).level:ctrace_comb.c:403
      (*t).level:ctrace_comb.c:759
      (*t).level:ctrace_comb.c:783
      (*t).level:ctrace_comb.c:807
      (*t).level:ctrace_comb.c:977
      (**t, *trc_thread.return).level:ctrace_comb.c:543
      (**t, *trc_thread.return).level:ctrace_comb.c:573
      (**t, *trc_thread.return).level:ctrace_comb.c:937
      alloc.level:ctrace_comb.c:419
    locks acquired at dereference: 
      sem:ctrace_comb.c:1232
      concrete sem:ctrace_comb.c:1260
      *sem_destroy.__sem:ctrace_comb.c:1299
    in: main at ctrace_comb.c:1295 -> thread1 ctrace_comb.c:1268 -> trc_trace ctrace_comb.c:1320


Warning: Possible data race: alloc.next:ctrace_comb.c:419 is not protected!
 references:
  dereference at ctrace_comb.c:368
    locations possibly dereferenced: 
      (*cur).next:ctrace_comb.c:235
      (*t).next:ctrace_comb.c:403
      (**t, *trc_thread.return).next:ctrace_comb.c:807
      (**t, *trc_thread.return).next:ctrace_comb.c:977
      (**t, *trc_thread.return).next:ctrace_comb.c:759
      (**t, *trc_thread.return).next:ctrace_comb.c:543
      (**t, *trc_thread.return).next:ctrace_comb.c:573
      (**t, *trc_thread.return).next:ctrace_comb.c:783
      (**t, *trc_thread.return).next:ctrace_comb.c:937
      alloc.next:ctrace_comb.c:419
    locks acquired at dereference: 
      _hashsem:ctrace_comb.c:239
      concrete _hashsem:ctrace_comb.c:285
      *sem_destroy.__sem:ctrace_comb.c:325
      concrete _hashsem::-1 -> trc_init ctrace_comb.c:1261
    in: FORK at ctrace_comb.c:1273 -> thread2 ctrace_comb.c:1273 -> trc_add_thread ctrace_comb.c:1359 -> trc_thread ctrace_comb.c:411

  dereference at ctrace_comb.c:368
    locations possibly dereferenced: 
      (*cur).next:ctrace_comb.c:235
      (*t).next:ctrace_comb.c:403
      (**t, *trc_thread.return).next:ctrace_comb.c:807
      (**t, *trc_thread.return).next:ctrace_comb.c:977
      (**t, *trc_thread.return).next:ctrace_comb.c:759
      (**t, *trc_thread.return).next:ctrace_comb.c:543
      (**t, *trc_thread.return).next:ctrace_comb.c:573
      (**t, *trc_thread.return).next:ctrace_comb.c:783
      (**t, *trc_thread.return).next:ctrace_comb.c:937
      alloc.next:ctrace_comb.c:419
    locks acquired at dereference: 
      sem:ctrace_comb.c:1232
      concrete sem:ctrace_comb.c:1260
      *sem_destroy.__sem:ctrace_comb.c:1299
    in: FORK at ctrace_comb.c:1273 -> thread2 ctrace_comb.c:1273 -> trc_varargs ctrace_comb.c:1362 -> trc_thread ctrace_comb.c:950

  dereference at ctrace_comb.c:368
    locations possibly dereferenced: 
      (*cur).next:ctrace_comb.c:235
      (*t).next:ctrace_comb.c:403
      (**t, *trc_thread.return).next:ctrace_comb.c:807
      (**t, *trc_thread.return).next:ctrace_comb.c:977
      (**t, *trc_thread.return).next:ctrace_comb.c:759
      (**t, *trc_thread.return).next:ctrace_comb.c:543
      (**t, *trc_thread.return).next:ctrace_comb.c:573
      (**t, *trc_thread.return).next:ctrace_comb.c:783
      (**t, *trc_thread.return).next:ctrace_comb.c:937
      alloc.next:ctrace_comb.c:419
    locks acquired at dereference: 
      _hashsem:ctrace_comb.c:239
      concrete _hashsem:ctrace_comb.c:285
      *sem_destroy.__sem:ctrace_comb.c:325
      concrete _hashsem::-1 -> trc_init ctrace_comb.c:1261
    in: FORK at ctrace_comb.c:1268 -> thread1 ctrace_comb.c:1268 -> trc_add_thread ctrace_comb.c:1312 -> trc_thread ctrace_comb.c:411

  dereference at ctrace_comb.c:368
    locations possibly dereferenced: 
      (*cur).next:ctrace_comb.c:235
      (*t).next:ctrace_comb.c:403
      (**t, *trc_thread.return).next:ctrace_comb.c:807
      (**t, *trc_thread.return).next:ctrace_comb.c:977
      (**t, *trc_thread.return).next:ctrace_comb.c:759
      (**t, *trc_thread.return).next:ctrace_comb.c:543
      (**t, *trc_thread.return).next:ctrace_comb.c:573
      (**t, *trc_thread.return).next:ctrace_comb.c:783
      (**t, *trc_thread.return).next:ctrace_comb.c:937
      alloc.next:ctrace_comb.c:419
    locks acquired at dereference: 
      <empty>
    in: FORK at ctrace_comb.c:1268 -> thread1 ctrace_comb.c:1268 -> trc_turn_thread_on ctrace_comb.c:1316 -> trc_thread ctrace_comb.c:557

  dereference at ctrace_comb.c:368
    locations possibly dereferenced: 
      (*cur).next:ctrace_comb.c:235
      (*t).next:ctrace_comb.c:403
      (**t, *trc_thread.return).next:ctrace_comb.c:807
      (**t, *trc_thread.return).next:ctrace_comb.c:977
      (**t, *trc_thread.return).next:ctrace_comb.c:759
      (**t, *trc_thread.return).next:ctrace_comb.c:543
      (**t, *trc_thread.return).next:ctrace_comb.c:573
      (**t, *trc_thread.return).next:ctrace_comb.c:783
      (**t, *trc_thread.return).next:ctrace_comb.c:937
      alloc.next:ctrace_comb.c:419
    locks acquired at dereference: 
      sem:ctrace_comb.c:1232
      concrete sem:ctrace_comb.c:1260
      *sem_destroy.__sem:ctrace_comb.c:1299
    in: FORK at ctrace_comb.c:1268 -> thread1 ctrace_comb.c:1268 -> trc_varargs ctrace_comb.c:1319 -> trc_thread ctrace_comb.c:950

  dereference at ctrace_comb.c:458
    locations possibly dereferenced: 
      (*cur).next:ctrace_comb.c:235
      (*t).next:ctrace_comb.c:403
      (**t, *trc_thread.return).next:ctrace_comb.c:807
      (**t, *trc_thread.return).next:ctrace_comb.c:977
      (**t, *trc_thread.return).next:ctrace_comb.c:759
      (**t, *trc_thread.return).next:ctrace_comb.c:543
      (**t, *trc_thread.return).next:ctrace_comb.c:573
      (**t, *trc_thread.return).next:ctrace_comb.c:783
      (**t, *trc_thread.return).next:ctrace_comb.c:937
      alloc.next:ctrace_comb.c:419
    locks acquired at dereference: 
      _hashsem:ctrace_comb.c:239
      concrete _hashsem:ctrace_comb.c:285
      *sem_destroy.__sem:ctrace_comb.c:325
      concrete _hashsem::-1 -> trc_init ctrace_comb.c:1261
    in: main at ctrace_comb.c:1295 -> trc_remove_thread ctrace_comb.c:1292

  dereference at ctrace_comb.c:458
    locations possibly dereferenced: 
      (*cur).next:ctrace_comb.c:235
      (*t).next:ctrace_comb.c:403
      (**t, *trc_thread.return).next:ctrace_comb.c:807
      (**t, *trc_thread.return).next:ctrace_comb.c:977
      (**t, *trc_thread.return).next:ctrace_comb.c:759
      (**t, *trc_thread.return).next:ctrace_comb.c:543
      (**t, *trc_thread.return).next:ctrace_comb.c:573
      (**t, *trc_thread.return).next:ctrace_comb.c:783
      (**t, *trc_thread.return).next:ctrace_comb.c:937
      alloc.next:ctrace_comb.c:419
    locks acquired at dereference: 
      _hashsem:ctrace_comb.c:239
      concrete _hashsem:ctrace_comb.c:285
      *sem_destroy.__sem:ctrace_comb.c:325
      concrete _hashsem::-1 -> trc_init ctrace_comb.c:1261
    in: main at ctrace_comb.c:1295 -> trc_remove_thread ctrace_comb.c:1290

  dereference at ctrace_comb.c:368
    locations possibly dereferenced: 
      (*cur).next:ctrace_comb.c:235
      (*t).next:ctrace_comb.c:403
      (**t, *trc_thread.return).next:ctrace_comb.c:807
      (**t, *trc_thread.return).next:ctrace_comb.c:977
      (**t, *trc_thread.return).next:ctrace_comb.c:759
      (**t, *trc_thread.return).next:ctrace_comb.c:543
      (**t, *trc_thread.return).next:ctrace_comb.c:573
      (**t, *trc_thread.return).next:ctrace_comb.c:783
      (**t, *trc_thread.return).next:ctrace_comb.c:937
      alloc.next:ctrace_comb.c:419
    locks acquired at dereference: 
      _hashsem:ctrace_comb.c:239
      concrete _hashsem:ctrace_comb.c:285
      *sem_destroy.__sem:ctrace_comb.c:325
      concrete _hashsem::-1 -> trc_init ctrace_comb.c:1261
    in: main at ctrace_comb.c:1295 -> trc_add_thread ctrace_comb.c:1262 -> trc_thread ctrace_comb.c:411

  dereference at ctrace_comb.c:368
    locations possibly dereferenced: 
      (*cur).next:ctrace_comb.c:235
      (*t).next:ctrace_comb.c:403
      (**t, *trc_thread.return).next:ctrace_comb.c:807
      (**t, *trc_thread.return).next:ctrace_comb.c:977
      (**t, *trc_thread.return).next:ctrace_comb.c:759
      (**t, *trc_thread.return).next:ctrace_comb.c:543
      (**t, *trc_thread.return).next:ctrace_comb.c:573
      (**t, *trc_thread.return).next:ctrace_comb.c:783
      (**t, *trc_thread.return).next:ctrace_comb.c:937
      alloc.next:ctrace_comb.c:419
    locks acquired at dereference: 
      _hashsem:ctrace_comb.c:239
      concrete _hashsem:ctrace_comb.c:285
      *sem_destroy.__sem:ctrace_comb.c:325
      concrete _hashsem::-1 -> trc_init ctrace_comb.c:1261
    in: main at ctrace_comb.c:1295 -> thread2 ctrace_comb.c:1273 -> trc_add_thread ctrace_comb.c:1359 -> trc_thread ctrace_comb.c:411

  dereference at ctrace_comb.c:368
    locations possibly dereferenced: 
      (*cur).next:ctrace_comb.c:235
      (*t).next:ctrace_comb.c:403
      (**t, *trc_thread.return).next:ctrace_comb.c:807
      (**t, *trc_thread.return).next:ctrace_comb.c:977
      (**t, *trc_thread.return).next:ctrace_comb.c:759
      (**t, *trc_thread.return).next:ctrace_comb.c:543
      (**t, *trc_thread.return).next:ctrace_comb.c:573
      (**t, *trc_thread.return).next:ctrace_comb.c:783
      (**t, *trc_thread.return).next:ctrace_comb.c:937
      alloc.next:ctrace_comb.c:419
    locks acquired at dereference: 
      _hashsem:ctrace_comb.c:239
      concrete _hashsem:ctrace_comb.c:285
      *sem_destroy.__sem:ctrace_comb.c:325
      concrete _hashsem::-1 -> trc_init ctrace_comb.c:1261
    in: main at ctrace_comb.c:1295 -> thread1 ctrace_comb.c:1268 -> trc_add_thread ctrace_comb.c:1312 -> trc_thread ctrace_comb.c:411

  dereference at ctrace_comb.c:368
    locations possibly dereferenced: 
      (*cur).next:ctrace_comb.c:235
      (*t).next:ctrace_comb.c:403
      (**t, *trc_thread.return).next:ctrace_comb.c:807
      (**t, *trc_thread.return).next:ctrace_comb.c:977
      (**t, *trc_thread.return).next:ctrace_comb.c:759
      (**t, *trc_thread.return).next:ctrace_comb.c:543
      (**t, *trc_thread.return).next:ctrace_comb.c:573
      (**t, *trc_thread.return).next:ctrace_comb.c:783
      (**t, *trc_thread.return).next:ctrace_comb.c:937
      alloc.next:ctrace_comb.c:419
    locks acquired at dereference: 
      <empty>
    in: main at ctrace_comb.c:1295 -> trc_varargs ctrace_comb.c:1294 -> trc_thread ctrace_comb.c:950

  dereference at ctrace_comb.c:368
    locations possibly dereferenced: 
      (*cur).next:ctrace_comb.c:235
      (*t).next:ctrace_comb.c:403
      (**t, *trc_thread.return).next:ctrace_comb.c:807
      (**t, *trc_thread.return).next:ctrace_comb.c:977
      (**t, *trc_thread.return).next:ctrace_comb.c:759
      (**t, *trc_thread.return).next:ctrace_comb.c:543
      (**t, *trc_thread.return).next:ctrace_comb.c:573
      (**t, *trc_thread.return).next:ctrace_comb.c:783
      (**t, *trc_thread.return).next:ctrace_comb.c:937
      alloc.next:ctrace_comb.c:419
    locks acquired at dereference: 
      <empty>
    in: main at ctrace_comb.c:1295 -> trc_varargs ctrace_comb.c:1286 -> trc_thread ctrace_comb.c:950

  dereference at ctrace_comb.c:368
    locations possibly dereferenced: 
      (*cur).next:ctrace_comb.c:235
      (*t).next:ctrace_comb.c:403
      (**t, *trc_thread.return).next:ctrace_comb.c:807
      (**t, *trc_thread.return).next:ctrace_comb.c:977
      (**t, *trc_thread.return).next:ctrace_comb.c:759
      (**t, *trc_thread.return).next:ctrace_comb.c:543
      (**t, *trc_thread.return).next:ctrace_comb.c:573
      (**t, *trc_thread.return).next:ctrace_comb.c:783
      (**t, *trc_thread.return).next:ctrace_comb.c:937
      alloc.next:ctrace_comb.c:419
    locks acquired at dereference: 
      <empty>
    in: main at ctrace_comb.c:1295 -> trc_varargs ctrace_comb.c:1282 -> trc_thread ctrace_comb.c:950

  dereference at ctrace_comb.c:368
    locations possibly dereferenced: 
      (*cur).next:ctrace_comb.c:235
      (*t).next:ctrace_comb.c:403
      (**t, *trc_thread.return).next:ctrace_comb.c:807
      (**t, *trc_thread.return).next:ctrace_comb.c:977
      (**t, *trc_thread.return).next:ctrace_comb.c:759
      (**t, *trc_thread.return).next:ctrace_comb.c:543
      (**t, *trc_thread.return).next:ctrace_comb.c:573
      (**t, *trc_thread.return).next:ctrace_comb.c:783
      (**t, *trc_thread.return).next:ctrace_comb.c:937
      alloc.next:ctrace_comb.c:419
    locks acquired at dereference: 
      <empty>
    in: main at ctrace_comb.c:1295 -> trc_varargs ctrace_comb.c:1264 -> trc_thread ctrace_comb.c:950

  dereference at ctrace_comb.c:368
    locations possibly dereferenced: 
      (*cur).next:ctrace_comb.c:235
      (*t).next:ctrace_comb.c:403
      (**t, *trc_thread.return).next:ctrace_comb.c:807
      (**t, *trc_thread.return).next:ctrace_comb.c:977
      (**t, *trc_thread.return).next:ctrace_comb.c:759
      (**t, *trc_thread.return).next:ctrace_comb.c:543
      (**t, *trc_thread.return).next:ctrace_comb.c:573
      (**t, *trc_thread.return).next:ctrace_comb.c:783
      (**t, *trc_thread.return).next:ctrace_comb.c:937
      alloc.next:ctrace_comb.c:419
    locks acquired at dereference: 
      <empty>
    in: main at ctrace_comb.c:1295 -> trc_trace ctrace_comb.c:1295 -> trc_thread ctrace_comb.c:1000

  dereference at ctrace_comb.c:368
    locations possibly dereferenced: 
      (*cur).next:ctrace_comb.c:235
      (*t).next:ctrace_comb.c:403
      (**t, *trc_thread.return).next:ctrace_comb.c:807
      (**t, *trc_thread.return).next:ctrace_comb.c:977
      (**t, *trc_thread.return).next:ctrace_comb.c:759
      (**t, *trc_thread.return).next:ctrace_comb.c:543
      (**t, *trc_thread.return).next:ctrace_comb.c:573
      (**t, *trc_thread.return).next:ctrace_comb.c:783
      (**t, *trc_thread.return).next:ctrace_comb.c:937
      alloc.next:ctrace_comb.c:419
    locks acquired at dereference: 
      <empty>
    in: main at ctrace_comb.c:1295 -> trc_trace ctrace_comb.c:1287 -> trc_thread ctrace_comb.c:1000

  dereference at ctrace_comb.c:368
    locations possibly dereferenced: 
      (*cur).next:ctrace_comb.c:235
      (*t).next:ctrace_comb.c:403
      (**t, *trc_thread.return).next:ctrace_comb.c:807
      (**t, *trc_thread.return).next:ctrace_comb.c:977
      (**t, *trc_thread.return).next:ctrace_comb.c:759
      (**t, *trc_thread.return).next:ctrace_comb.c:543
      (**t, *trc_thread.return).next:ctrace_comb.c:573
      (**t, *trc_thread.return).next:ctrace_comb.c:783
      (**t, *trc_thread.return).next:ctrace_comb.c:937
      alloc.next:ctrace_comb.c:419
    locks acquired at dereference: 
      <empty>
    in: main at ctrace_comb.c:1295 -> trc_trace ctrace_comb.c:1283 -> trc_thread ctrace_comb.c:1000

  dereference at ctrace_comb.c:368
    locations possibly dereferenced: 
      (*cur).next:ctrace_comb.c:235
      (*t).next:ctrace_comb.c:403
      (**t, *trc_thread.return).next:ctrace_comb.c:807
      (**t, *trc_thread.return).next:ctrace_comb.c:977
      (**t, *trc_thread.return).next:ctrace_comb.c:759
      (**t, *trc_thread.return).next:ctrace_comb.c:543
      (**t, *trc_thread.return).next:ctrace_comb.c:573
      (**t, *trc_thread.return).next:ctrace_comb.c:783
      (**t, *trc_thread.return).next:ctrace_comb.c:937
      alloc.next:ctrace_comb.c:419
    locks acquired at dereference: 
      <empty>
    in: main at ctrace_comb.c:1295 -> trc_trace ctrace_comb.c:1265 -> trc_thread ctrace_comb.c:1000

  dereference at ctrace_comb.c:716
    locations possibly dereferenced: 
      (*cur).next:ctrace_comb.c:235
      (*t).next:ctrace_comb.c:403
      (**t, *trc_thread.return).next:ctrace_comb.c:807
      (**t, *trc_thread.return).next:ctrace_comb.c:977
      (**t, *trc_thread.return).next:ctrace_comb.c:759
      (**t, *trc_thread.return).next:ctrace_comb.c:543
      (**t, *trc_thread.return).next:ctrace_comb.c:573
      (**t, *trc_thread.return).next:ctrace_comb.c:783
      (**t, *trc_thread.return).next:ctrace_comb.c:937
      alloc.next:ctrace_comb.c:419
    locks acquired at dereference: 
      _hashsem:ctrace_comb.c:239
      concrete _hashsem:ctrace_comb.c:285
      *sem_destroy.__sem:ctrace_comb.c:325
      concrete _hashsem::-1 -> trc_init ctrace_comb.c:1261
    in: main at ctrace_comb.c:1295 -> trc_add_level ctrace_comb.c:1267

  dereference at ctrace_comb.c:368
    locations possibly dereferenced: 
      (*cur).next:ctrace_comb.c:235
      (*t).next:ctrace_comb.c:403
      (**t, *trc_thread.return).next:ctrace_comb.c:807
      (**t, *trc_thread.return).next:ctrace_comb.c:977
      (**t, *trc_thread.return).next:ctrace_comb.c:759
      (**t, *trc_thread.return).next:ctrace_comb.c:543
      (**t, *trc_thread.return).next:ctrace_comb.c:573
      (**t, *trc_thread.return).next:ctrace_comb.c:783
      (**t, *trc_thread.return).next:ctrace_comb.c:937
      alloc.next:ctrace_comb.c:419
    locks acquired at dereference: 
      <empty>
    in: main at ctrace_comb.c:1295 -> myprocedure ctrace_comb.c:1280 -> trc_varargs ctrace_comb.c:1238 -> trc_thread ctrace_comb.c:950

  dereference at ctrace_comb.c:368
    locations possibly dereferenced: 
      (*cur).next:ctrace_comb.c:235
      (*t).next:ctrace_comb.c:403
      (**t, *trc_thread.return).next:ctrace_comb.c:807
      (**t, *trc_thread.return).next:ctrace_comb.c:977
      (**t, *trc_thread.return).next:ctrace_comb.c:759
      (**t, *trc_thread.return).next:ctrace_comb.c:543
      (**t, *trc_thread.return).next:ctrace_comb.c:573
      (**t, *trc_thread.return).next:ctrace_comb.c:783
      (**t, *trc_thread.return).next:ctrace_comb.c:937
      alloc.next:ctrace_comb.c:419
    locks acquired at dereference: 
      sem:ctrace_comb.c:1232
      concrete sem:ctrace_comb.c:1260
      *sem_destroy.__sem:ctrace_comb.c:1299
    in: main at ctrace_comb.c:1295 -> thread2 ctrace_comb.c:1273 -> trc_varargs ctrace_comb.c:1362 -> trc_thread ctrace_comb.c:950

  dereference at ctrace_comb.c:368
    locations possibly dereferenced: 
      (*cur).next:ctrace_comb.c:235
      (*t).next:ctrace_comb.c:403
      (**t, *trc_thread.return).next:ctrace_comb.c:807
      (**t, *trc_thread.return).next:ctrace_comb.c:977
      (**t, *trc_thread.return).next:ctrace_comb.c:759
      (**t, *trc_thread.return).next:ctrace_comb.c:543
      (**t, *trc_thread.return).next:ctrace_comb.c:573
      (**t, *trc_thread.return).next:ctrace_comb.c:783
      (**t, *trc_thread.return).next:ctrace_comb.c:937
      alloc.next:ctrace_comb.c:419
    locks acquired at dereference: 
      <empty>
    in: main at ctrace_comb.c:1295 -> thread1 ctrace_comb.c:1268 -> trc_turn_thread_on ctrace_comb.c:1316 -> trc_thread ctrace_comb.c:557

  dereference at ctrace_comb.c:368
    locations possibly dereferenced: 
      (*cur).next:ctrace_comb.c:235
      (*t).next:ctrace_comb.c:403
      (**t, *trc_thread.return).next:ctrace_comb.c:807
      (**t, *trc_thread.return).next:ctrace_comb.c:977
      (**t, *trc_thread.return).next:ctrace_comb.c:759
      (**t, *trc_thread.return).next:ctrace_comb.c:543
      (**t, *trc_thread.return).next:ctrace_comb.c:573
      (**t, *trc_thread.return).next:ctrace_comb.c:783
      (**t, *trc_thread.return).next:ctrace_comb.c:937
      alloc.next:ctrace_comb.c:419
    locks acquired at dereference: 
      sem:ctrace_comb.c:1232
      concrete sem:ctrace_comb.c:1260
      *sem_destroy.__sem:ctrace_comb.c:1299
    in: main at ctrace_comb.c:1295 -> thread1 ctrace_comb.c:1268 -> trc_varargs ctrace_comb.c:1319 -> trc_thread ctrace_comb.c:950

  dereference at ctrace_comb.c:318
    locations possibly dereferenced: 
      (*cur).next:ctrace_comb.c:235
      (*t).next:ctrace_comb.c:403
      (**t, *trc_thread.return).next:ctrace_comb.c:807
      (**t, *trc_thread.return).next:ctrace_comb.c:977
      (**t, *trc_thread.return).next:ctrace_comb.c:759
      (**t, *trc_thread.return).next:ctrace_comb.c:543
      (**t, *trc_thread.return).next:ctrace_comb.c:573
      (**t, *trc_thread.return).next:ctrace_comb.c:783
      (**t, *trc_thread.return).next:ctrace_comb.c:937
      alloc.next:ctrace_comb.c:419
    locks acquired at dereference: 
      _startclient:ctrace_comb.c:233
      concrete _startclient:ctrace_comb.c:286
      *sem_destroy.__sem:ctrace_comb.c:326
      concrete _startclient::-1 -> trc_init ctrace_comb.c:1261
    in: main at ctrace_comb.c:1295 -> trc_init ctrace_comb.c:1261 -> trc_end ctrace_comb.c:292


Warning: Possible data race: alloc.on:ctrace_comb.c:419 is not protected!
 references:
  dereference at ctrace_comb.c:431
    locations possibly dereferenced: 
      (*t).on:ctrace_comb.c:235
      (*t).on:ctrace_comb.c:403
      (*t).on:ctrace_comb.c:543
      (*t).on:ctrace_comb.c:573
      (*t).on:ctrace_comb.c:977
      (**t, *trc_thread.return).on:ctrace_comb.c:807
      (**t, *trc_thread.return).on:ctrace_comb.c:759
      (**t, *trc_thread.return).on:ctrace_comb.c:783
      (**t, *trc_thread.return).on:ctrace_comb.c:937
      alloc.on:ctrace_comb.c:419
    locks acquired at dereference: 
      _hashsem:ctrace_comb.c:239
      concrete _hashsem:ctrace_comb.c:285
      *sem_destroy.__sem:ctrace_comb.c:325
      concrete _hashsem::-1 -> trc_init ctrace_comb.c:1261
    in: FORK at ctrace_comb.c:1273 -> thread2 ctrace_comb.c:1273 -> trc_add_thread ctrace_comb.c:1359

  dereference at ctrace_comb.c:1034
    locations possibly dereferenced: 
      (*t).on:ctrace_comb.c:235
      (*t).on:ctrace_comb.c:403
      (*t).on:ctrace_comb.c:543
      (*t).on:ctrace_comb.c:573
      (*t).on:ctrace_comb.c:977
      (**t, *trc_thread.return).on:ctrace_comb.c:807
      (**t, *trc_thread.return).on:ctrace_comb.c:759
      (**t, *trc_thread.return).on:ctrace_comb.c:783
      (**t, *trc_thread.return).on:ctrace_comb.c:937
      alloc.on:ctrace_comb.c:419
    locks acquired at dereference: 
      sem:ctrace_comb.c:1232
      concrete sem:ctrace_comb.c:1260
      *sem_destroy.__sem:ctrace_comb.c:1299
    in: FORK at ctrace_comb.c:1273 -> thread2 ctrace_comb.c:1273 -> trc_trace ctrace_comb.c:1363

  dereference at ctrace_comb.c:431
    locations possibly dereferenced: 
      (*t).on:ctrace_comb.c:235
      (*t).on:ctrace_comb.c:403
      (*t).on:ctrace_comb.c:543
      (*t).on:ctrace_comb.c:573
      (*t).on:ctrace_comb.c:977
      (**t, *trc_thread.return).on:ctrace_comb.c:807
      (**t, *trc_thread.return).on:ctrace_comb.c:759
      (**t, *trc_thread.return).on:ctrace_comb.c:783
      (**t, *trc_thread.return).on:ctrace_comb.c:937
      alloc.on:ctrace_comb.c:419
    locks acquired at dereference: 
      _hashsem:ctrace_comb.c:239
      concrete _hashsem:ctrace_comb.c:285
      *sem_destroy.__sem:ctrace_comb.c:325
      concrete _hashsem::-1 -> trc_init ctrace_comb.c:1261
    in: FORK at ctrace_comb.c:1268 -> thread1 ctrace_comb.c:1268 -> trc_add_thread ctrace_comb.c:1312

  dereference at ctrace_comb.c:559
    locations possibly dereferenced: 
      (*t).on:ctrace_comb.c:235
      (*t).on:ctrace_comb.c:403
      (*t).on:ctrace_comb.c:543
      (*t).on:ctrace_comb.c:573
      (*t).on:ctrace_comb.c:977
      (**t, *trc_thread.return).on:ctrace_comb.c:807
      (**t, *trc_thread.return).on:ctrace_comb.c:759
      (**t, *trc_thread.return).on:ctrace_comb.c:783
      (**t, *trc_thread.return).on:ctrace_comb.c:937
      alloc.on:ctrace_comb.c:419
    locks acquired at dereference: 
      <empty>
    in: FORK at ctrace_comb.c:1268 -> thread1 ctrace_comb.c:1268 -> trc_turn_thread_on ctrace_comb.c:1316

  dereference at ctrace_comb.c:1034
    locations possibly dereferenced: 
      (*t).on:ctrace_comb.c:235
      (*t).on:ctrace_comb.c:403
      (*t).on:ctrace_comb.c:543
      (*t).on:ctrace_comb.c:573
      (*t).on:ctrace_comb.c:977
      (**t, *trc_thread.return).on:ctrace_comb.c:807
      (**t, *trc_thread.return).on:ctrace_comb.c:759
      (**t, *trc_thread.return).on:ctrace_comb.c:783
      (**t, *trc_thread.return).on:ctrace_comb.c:937
      alloc.on:ctrace_comb.c:419
    locks acquired at dereference: 
      sem:ctrace_comb.c:1232
      concrete sem:ctrace_comb.c:1260
      *sem_destroy.__sem:ctrace_comb.c:1299
    in: FORK at ctrace_comb.c:1268 -> thread1 ctrace_comb.c:1268 -> trc_trace ctrace_comb.c:1320

  dereference at ctrace_comb.c:431
    locations possibly dereferenced: 
      (*t).on:ctrace_comb.c:235
      (*t).on:ctrace_comb.c:403
      (*t).on:ctrace_comb.c:543
      (*t).on:ctrace_comb.c:573
      (*t).on:ctrace_comb.c:977
      (**t, *trc_thread.return).on:ctrace_comb.c:807
      (**t, *trc_thread.return).on:ctrace_comb.c:759
      (**t, *trc_thread.return).on:ctrace_comb.c:783
      (**t, *trc_thread.return).on:ctrace_comb.c:937
      alloc.on:ctrace_comb.c:419
    locks acquired at dereference: 
      _hashsem:ctrace_comb.c:239
      concrete _hashsem:ctrace_comb.c:285
      *sem_destroy.__sem:ctrace_comb.c:325
      concrete _hashsem::-1 -> trc_init ctrace_comb.c:1261
    in: main at ctrace_comb.c:1295 -> trc_add_thread ctrace_comb.c:1262

  dereference at ctrace_comb.c:1034
    locations possibly dereferenced: 
      (*t).on:ctrace_comb.c:235
      (*t).on:ctrace_comb.c:403
      (*t).on:ctrace_comb.c:543
      (*t).on:ctrace_comb.c:573
      (*t).on:ctrace_comb.c:977
      (**t, *trc_thread.return).on:ctrace_comb.c:807
      (**t, *trc_thread.return).on:ctrace_comb.c:759
      (**t, *trc_thread.return).on:ctrace_comb.c:783
      (**t, *trc_thread.return).on:ctrace_comb.c:937
      alloc.on:ctrace_comb.c:419
    locks acquired at dereference: 
      <empty>
    in: main at ctrace_comb.c:1295 -> trc_trace ctrace_comb.c:1295

  dereference at ctrace_comb.c:1034
    locations possibly dereferenced: 
      (*t).on:ctrace_comb.c:235
      (*t).on:ctrace_comb.c:403
      (*t).on:ctrace_comb.c:543
      (*t).on:ctrace_comb.c:573
      (*t).on:ctrace_comb.c:977
      (**t, *trc_thread.return).on:ctrace_comb.c:807
      (**t, *trc_thread.return).on:ctrace_comb.c:759
      (**t, *trc_thread.return).on:ctrace_comb.c:783
      (**t, *trc_thread.return).on:ctrace_comb.c:937
      alloc.on:ctrace_comb.c:419
    locks acquired at dereference: 
      <empty>
    in: main at ctrace_comb.c:1295 -> trc_trace ctrace_comb.c:1287

  dereference at ctrace_comb.c:1034
    locations possibly dereferenced: 
      (*t).on:ctrace_comb.c:235
      (*t).on:ctrace_comb.c:403
      (*t).on:ctrace_comb.c:543
      (*t).on:ctrace_comb.c:573
      (*t).on:ctrace_comb.c:977
      (**t, *trc_thread.return).on:ctrace_comb.c:807
      (**t, *trc_thread.return).on:ctrace_comb.c:759
      (**t, *trc_thread.return).on:ctrace_comb.c:783
      (**t, *trc_thread.return).on:ctrace_comb.c:937
      alloc.on:ctrace_comb.c:419
    locks acquired at dereference: 
      <empty>
    in: main at ctrace_comb.c:1295 -> trc_trace ctrace_comb.c:1283

  dereference at ctrace_comb.c:1034
    locations possibly dereferenced: 
      (*t).on:ctrace_comb.c:235
      (*t).on:ctrace_comb.c:403
      (*t).on:ctrace_comb.c:543
      (*t).on:ctrace_comb.c:573
      (*t).on:ctrace_comb.c:977
      (**t, *trc_thread.return).on:ctrace_comb.c:807
      (**t, *trc_thread.return).on:ctrace_comb.c:759
      (**t, *trc_thread.return).on:ctrace_comb.c:783
      (**t, *trc_thread.return).on:ctrace_comb.c:937
      alloc.on:ctrace_comb.c:419
    locks acquired at dereference: 
      <empty>
    in: main at ctrace_comb.c:1295 -> trc_trace ctrace_comb.c:1265

  dereference at ctrace_comb.c:431
    locations possibly dereferenced: 
      (*t).on:ctrace_comb.c:235
      (*t).on:ctrace_comb.c:403
      (*t).on:ctrace_comb.c:543
      (*t).on:ctrace_comb.c:573
      (*t).on:ctrace_comb.c:977
      (**t, *trc_thread.return).on:ctrace_comb.c:807
      (**t, *trc_thread.return).on:ctrace_comb.c:759
      (**t, *trc_thread.return).on:ctrace_comb.c:783
      (**t, *trc_thread.return).on:ctrace_comb.c:937
      alloc.on:ctrace_comb.c:419
    locks acquired at dereference: 
      _hashsem:ctrace_comb.c:239
      concrete _hashsem:ctrace_comb.c:285
      *sem_destroy.__sem:ctrace_comb.c:325
      concrete _hashsem::-1 -> trc_init ctrace_comb.c:1261
    in: main at ctrace_comb.c:1295 -> thread2 ctrace_comb.c:1273 -> trc_add_thread ctrace_comb.c:1359

  dereference at ctrace_comb.c:431
    locations possibly dereferenced: 
      (*t).on:ctrace_comb.c:235
      (*t).on:ctrace_comb.c:403
      (*t).on:ctrace_comb.c:543
      (*t).on:ctrace_comb.c:573
      (*t).on:ctrace_comb.c:977
      (**t, *trc_thread.return).on:ctrace_comb.c:807
      (**t, *trc_thread.return).on:ctrace_comb.c:759
      (**t, *trc_thread.return).on:ctrace_comb.c:783
      (**t, *trc_thread.return).on:ctrace_comb.c:937
      alloc.on:ctrace_comb.c:419
    locks acquired at dereference: 
      _hashsem:ctrace_comb.c:239
      concrete _hashsem:ctrace_comb.c:285
      *sem_destroy.__sem:ctrace_comb.c:325
      concrete _hashsem::-1 -> trc_init ctrace_comb.c:1261
    in: main at ctrace_comb.c:1295 -> thread1 ctrace_comb.c:1268 -> trc_add_thread ctrace_comb.c:1312

  dereference at ctrace_comb.c:1034
    locations possibly dereferenced: 
      (*t).on:ctrace_comb.c:235
      (*t).on:ctrace_comb.c:403
      (*t).on:ctrace_comb.c:543
      (*t).on:ctrace_comb.c:573
      (*t).on:ctrace_comb.c:977
      (**t, *trc_thread.return).on:ctrace_comb.c:807
      (**t, *trc_thread.return).on:ctrace_comb.c:759
      (**t, *trc_thread.return).on:ctrace_comb.c:783
      (**t, *trc_thread.return).on:ctrace_comb.c:937
      alloc.on:ctrace_comb.c:419
    locks acquired at dereference: 
      <empty>
    in: main at ctrace_comb.c:1295 -> myprocedure ctrace_comb.c:1280 -> trc_trace ctrace_comb.c:1242

  dereference at ctrace_comb.c:559
    locations possibly dereferenced: 
      (*t).on:ctrace_comb.c:235
      (*t).on:ctrace_comb.c:403
      (*t).on:ctrace_comb.c:543
      (*t).on:ctrace_comb.c:573
      (*t).on:ctrace_comb.c:977
      (**t, *trc_thread.return).on:ctrace_comb.c:807
      (**t, *trc_thread.return).on:ctrace_comb.c:759
      (**t, *trc_thread.return).on:ctrace_comb.c:783
      (**t, *trc_thread.return).on:ctrace_comb.c:937
      alloc.on:ctrace_comb.c:419
    locks acquired at dereference: 
      <empty>
    in: main at ctrace_comb.c:1295 -> thread1 ctrace_comb.c:1268 -> trc_turn_thread_on ctrace_comb.c:1316

  dereference at ctrace_comb.c:1034
    locations possibly dereferenced: 
      (*t).on:ctrace_comb.c:235
      (*t).on:ctrace_comb.c:403
      (*t).on:ctrace_comb.c:543
      (*t).on:ctrace_comb.c:573
      (*t).on:ctrace_comb.c:977
      (**t, *trc_thread.return).on:ctrace_comb.c:807
      (**t, *trc_thread.return).on:ctrace_comb.c:759
      (**t, *trc_thread.return).on:ctrace_comb.c:783
      (**t, *trc_thread.return).on:ctrace_comb.c:937
      alloc.on:ctrace_comb.c:419
    locks acquired at dereference: 
      sem:ctrace_comb.c:1232
      concrete sem:ctrace_comb.c:1260
      *sem_destroy.__sem:ctrace_comb.c:1299
    in: main at ctrace_comb.c:1295 -> thread2 ctrace_comb.c:1273 -> trc_trace ctrace_comb.c:1363

  dereference at ctrace_comb.c:1034
    locations possibly dereferenced: 
      (*t).on:ctrace_comb.c:235
      (*t).on:ctrace_comb.c:403
      (*t).on:ctrace_comb.c:543
      (*t).on:ctrace_comb.c:573
      (*t).on:ctrace_comb.c:977
      (**t, *trc_thread.return).on:ctrace_comb.c:807
      (**t, *trc_thread.return).on:ctrace_comb.c:759
      (**t, *trc_thread.return).on:ctrace_comb.c:783
      (**t, *trc_thread.return).on:ctrace_comb.c:937
      alloc.on:ctrace_comb.c:419
    locks acquired at dereference: 
      sem:ctrace_comb.c:1232
      concrete sem:ctrace_comb.c:1260
      *sem_destroy.__sem:ctrace_comb.c:1299
    in: main at ctrace_comb.c:1295 -> thread1 ctrace_comb.c:1268 -> trc_trace ctrace_comb.c:1320


Warning: Possible data race: alloc.id:ctrace_comb.c:419 is not protected!
 references:
  dereference at ctrace_comb.c:425
    locations possibly dereferenced: 
      (*t).id:ctrace_comb.c:235
      (*t).id:ctrace_comb.c:403
      (**t, *trc_thread.return).id:ctrace_comb.c:807
      (**t, *trc_thread.return).id:ctrace_comb.c:977
      (**t, *trc_thread.return).id:ctrace_comb.c:759
      (**t, *trc_thread.return).id:ctrace_comb.c:543
      (**t, *trc_thread.return).id:ctrace_comb.c:573
      (**t, *trc_thread.return).id:ctrace_comb.c:783
      (**t, *trc_thread.return).id:ctrace_comb.c:937
      alloc.id:ctrace_comb.c:419
    locks acquired at dereference: 
      _hashsem:ctrace_comb.c:239
      concrete _hashsem:ctrace_comb.c:285
      *sem_destroy.__sem:ctrace_comb.c:325
      concrete _hashsem::-1 -> trc_init ctrace_comb.c:1261
    in: FORK at ctrace_comb.c:1273 -> thread2 ctrace_comb.c:1273 -> trc_add_thread ctrace_comb.c:1359

  dereference at ctrace_comb.c:365
    locations possibly dereferenced: 
      (*t).id:ctrace_comb.c:235
      (*t).id:ctrace_comb.c:403
      (**t, *trc_thread.return).id:ctrace_comb.c:807
      (**t, *trc_thread.return).id:ctrace_comb.c:977
      (**t, *trc_thread.return).id:ctrace_comb.c:759
      (**t, *trc_thread.return).id:ctrace_comb.c:543
      (**t, *trc_thread.return).id:ctrace_comb.c:573
      (**t, *trc_thread.return).id:ctrace_comb.c:783
      (**t, *trc_thread.return).id:ctrace_comb.c:937
      alloc.id:ctrace_comb.c:419
    locks acquired at dereference: 
      sem:ctrace_comb.c:1232
      concrete sem:ctrace_comb.c:1260
      *sem_destroy.__sem:ctrace_comb.c:1299
    in: FORK at ctrace_comb.c:1273 -> thread2 ctrace_comb.c:1273 -> trc_varargs ctrace_comb.c:1362 -> trc_thread ctrace_comb.c:950

  dereference at ctrace_comb.c:425
    locations possibly dereferenced: 
      (*t).id:ctrace_comb.c:235
      (*t).id:ctrace_comb.c:403
      (**t, *trc_thread.return).id:ctrace_comb.c:807
      (**t, *trc_thread.return).id:ctrace_comb.c:977
      (**t, *trc_thread.return).id:ctrace_comb.c:759
      (**t, *trc_thread.return).id:ctrace_comb.c:543
      (**t, *trc_thread.return).id:ctrace_comb.c:573
      (**t, *trc_thread.return).id:ctrace_comb.c:783
      (**t, *trc_thread.return).id:ctrace_comb.c:937
      alloc.id:ctrace_comb.c:419
    locks acquired at dereference: 
      _hashsem:ctrace_comb.c:239
      concrete _hashsem:ctrace_comb.c:285
      *sem_destroy.__sem:ctrace_comb.c:325
      concrete _hashsem::-1 -> trc_init ctrace_comb.c:1261
    in: FORK at ctrace_comb.c:1268 -> thread1 ctrace_comb.c:1268 -> trc_add_thread ctrace_comb.c:1312

  dereference at ctrace_comb.c:365
    locations possibly dereferenced: 
      (*t).id:ctrace_comb.c:235
      (*t).id:ctrace_comb.c:403
      (**t, *trc_thread.return).id:ctrace_comb.c:807
      (**t, *trc_thread.return).id:ctrace_comb.c:977
      (**t, *trc_thread.return).id:ctrace_comb.c:759
      (**t, *trc_thread.return).id:ctrace_comb.c:543
      (**t, *trc_thread.return).id:ctrace_comb.c:573
      (**t, *trc_thread.return).id:ctrace_comb.c:783
      (**t, *trc_thread.return).id:ctrace_comb.c:937
      alloc.id:ctrace_comb.c:419
    locks acquired at dereference: 
      <empty>
    in: FORK at ctrace_comb.c:1268 -> thread1 ctrace_comb.c:1268 -> trc_turn_thread_on ctrace_comb.c:1316 -> trc_thread ctrace_comb.c:557

  dereference at ctrace_comb.c:365
    locations possibly dereferenced: 
      (*t).id:ctrace_comb.c:235
      (*t).id:ctrace_comb.c:403
      (**t, *trc_thread.return).id:ctrace_comb.c:807
      (**t, *trc_thread.return).id:ctrace_comb.c:977
      (**t, *trc_thread.return).id:ctrace_comb.c:759
      (**t, *trc_thread.return).id:ctrace_comb.c:543
      (**t, *trc_thread.return).id:ctrace_comb.c:573
      (**t, *trc_thread.return).id:ctrace_comb.c:783
      (**t, *trc_thread.return).id:ctrace_comb.c:937
      alloc.id:ctrace_comb.c:419
    locks acquired at dereference: 
      sem:ctrace_comb.c:1232
      concrete sem:ctrace_comb.c:1260
      *sem_destroy.__sem:ctrace_comb.c:1299
    in: FORK at ctrace_comb.c:1268 -> thread1 ctrace_comb.c:1268 -> trc_varargs ctrace_comb.c:1319 -> trc_thread ctrace_comb.c:950

  dereference at ctrace_comb.c:456
    locations possibly dereferenced: 
      (*t).id:ctrace_comb.c:235
      (*t).id:ctrace_comb.c:403
      (**t, *trc_thread.return).id:ctrace_comb.c:807
      (**t, *trc_thread.return).id:ctrace_comb.c:977
      (**t, *trc_thread.return).id:ctrace_comb.c:759
      (**t, *trc_thread.return).id:ctrace_comb.c:543
      (**t, *trc_thread.return).id:ctrace_comb.c:573
      (**t, *trc_thread.return).id:ctrace_comb.c:783
      (**t, *trc_thread.return).id:ctrace_comb.c:937
      alloc.id:ctrace_comb.c:419
    locks acquired at dereference: 
      _hashsem:ctrace_comb.c:239
      concrete _hashsem:ctrace_comb.c:285
      *sem_destroy.__sem:ctrace_comb.c:325
      concrete _hashsem::-1 -> trc_init ctrace_comb.c:1261
    in: main at ctrace_comb.c:1295 -> trc_remove_thread ctrace_comb.c:1292

  dereference at ctrace_comb.c:456
    locations possibly dereferenced: 
      (*t).id:ctrace_comb.c:235
      (*t).id:ctrace_comb.c:403
      (**t, *trc_thread.return).id:ctrace_comb.c:807
      (**t, *trc_thread.return).id:ctrace_comb.c:977
      (**t, *trc_thread.return).id:ctrace_comb.c:759
      (**t, *trc_thread.return).id:ctrace_comb.c:543
      (**t, *trc_thread.return).id:ctrace_comb.c:573
      (**t, *trc_thread.return).id:ctrace_comb.c:783
      (**t, *trc_thread.return).id:ctrace_comb.c:937
      alloc.id:ctrace_comb.c:419
    locks acquired at dereference: 
      _hashsem:ctrace_comb.c:239
      concrete _hashsem:ctrace_comb.c:285
      *sem_destroy.__sem:ctrace_comb.c:325
      concrete _hashsem::-1 -> trc_init ctrace_comb.c:1261
    in: main at ctrace_comb.c:1295 -> trc_remove_thread ctrace_comb.c:1290

  dereference at ctrace_comb.c:425
    locations possibly dereferenced: 
      (*t).id:ctrace_comb.c:235
      (*t).id:ctrace_comb.c:403
      (**t, *trc_thread.return).id:ctrace_comb.c:807
      (**t, *trc_thread.return).id:ctrace_comb.c:977
      (**t, *trc_thread.return).id:ctrace_comb.c:759
      (**t, *trc_thread.return).id:ctrace_comb.c:543
      (**t, *trc_thread.return).id:ctrace_comb.c:573
      (**t, *trc_thread.return).id:ctrace_comb.c:783
      (**t, *trc_thread.return).id:ctrace_comb.c:937
      alloc.id:ctrace_comb.c:419
    locks acquired at dereference: 
      _hashsem:ctrace_comb.c:239
      concrete _hashsem:ctrace_comb.c:285
      *sem_destroy.__sem:ctrace_comb.c:325
      concrete _hashsem::-1 -> trc_init ctrace_comb.c:1261
    in: main at ctrace_comb.c:1295 -> trc_add_thread ctrace_comb.c:1262

  dereference at ctrace_comb.c:425
    locations possibly dereferenced: 
      (*t).id:ctrace_comb.c:235
      (*t).id:ctrace_comb.c:403
      (**t, *trc_thread.return).id:ctrace_comb.c:807
      (**t, *trc_thread.return).id:ctrace_comb.c:977
      (**t, *trc_thread.return).id:ctrace_comb.c:759
      (**t, *trc_thread.return).id:ctrace_comb.c:543
      (**t, *trc_thread.return).id:ctrace_comb.c:573
      (**t, *trc_thread.return).id:ctrace_comb.c:783
      (**t, *trc_thread.return).id:ctrace_comb.c:937
      alloc.id:ctrace_comb.c:419
    locks acquired at dereference: 
      _hashsem:ctrace_comb.c:239
      concrete _hashsem:ctrace_comb.c:285
      *sem_destroy.__sem:ctrace_comb.c:325
      concrete _hashsem::-1 -> trc_init ctrace_comb.c:1261
    in: main at ctrace_comb.c:1295 -> thread2 ctrace_comb.c:1273 -> trc_add_thread ctrace_comb.c:1359

  dereference at ctrace_comb.c:425
    locations possibly dereferenced: 
      (*t).id:ctrace_comb.c:235
      (*t).id:ctrace_comb.c:403
      (**t, *trc_thread.return).id:ctrace_comb.c:807
      (**t, *trc_thread.return).id:ctrace_comb.c:977
      (**t, *trc_thread.return).id:ctrace_comb.c:759
      (**t, *trc_thread.return).id:ctrace_comb.c:543
      (**t, *trc_thread.return).id:ctrace_comb.c:573
      (**t, *trc_thread.return).id:ctrace_comb.c:783
      (**t, *trc_thread.return).id:ctrace_comb.c:937
      alloc.id:ctrace_comb.c:419
    locks acquired at dereference: 
      _hashsem:ctrace_comb.c:239
      concrete _hashsem:ctrace_comb.c:285
      *sem_destroy.__sem:ctrace_comb.c:325
      concrete _hashsem::-1 -> trc_init ctrace_comb.c:1261
    in: main at ctrace_comb.c:1295 -> thread1 ctrace_comb.c:1268 -> trc_add_thread ctrace_comb.c:1312

  dereference at ctrace_comb.c:365
    locations possibly dereferenced: 
      (*t).id:ctrace_comb.c:235
      (*t).id:ctrace_comb.c:403
      (**t, *trc_thread.return).id:ctrace_comb.c:807
      (**t, *trc_thread.return).id:ctrace_comb.c:977
      (**t, *trc_thread.return).id:ctrace_comb.c:759
      (**t, *trc_thread.return).id:ctrace_comb.c:543
      (**t, *trc_thread.return).id:ctrace_comb.c:573
      (**t, *trc_thread.return).id:ctrace_comb.c:783
      (**t, *trc_thread.return).id:ctrace_comb.c:937
      alloc.id:ctrace_comb.c:419
    locks acquired at dereference: 
      <empty>
    in: main at ctrace_comb.c:1295 -> trc_varargs ctrace_comb.c:1294 -> trc_thread ctrace_comb.c:950

  dereference at ctrace_comb.c:365
    locations possibly dereferenced: 
      (*t).id:ctrace_comb.c:235
      (*t).id:ctrace_comb.c:403
      (**t, *trc_thread.return).id:ctrace_comb.c:807
      (**t, *trc_thread.return).id:ctrace_comb.c:977
      (**t, *trc_thread.return).id:ctrace_comb.c:759
      (**t, *trc_thread.return).id:ctrace_comb.c:543
      (**t, *trc_thread.return).id:ctrace_comb.c:573
      (**t, *trc_thread.return).id:ctrace_comb.c:783
      (**t, *trc_thread.return).id:ctrace_comb.c:937
      alloc.id:ctrace_comb.c:419
    locks acquired at dereference: 
      <empty>
    in: main at ctrace_comb.c:1295 -> trc_varargs ctrace_comb.c:1286 -> trc_thread ctrace_comb.c:950

  dereference at ctrace_comb.c:365
    locations possibly dereferenced: 
      (*t).id:ctrace_comb.c:235
      (*t).id:ctrace_comb.c:403
      (**t, *trc_thread.return).id:ctrace_comb.c:807
      (**t, *trc_thread.return).id:ctrace_comb.c:977
      (**t, *trc_thread.return).id:ctrace_comb.c:759
      (**t, *trc_thread.return).id:ctrace_comb.c:543
      (**t, *trc_thread.return).id:ctrace_comb.c:573
      (**t, *trc_thread.return).id:ctrace_comb.c:783
      (**t, *trc_thread.return).id:ctrace_comb.c:937
      alloc.id:ctrace_comb.c:419
    locks acquired at dereference: 
      <empty>
    in: main at ctrace_comb.c:1295 -> trc_varargs ctrace_comb.c:1282 -> trc_thread ctrace_comb.c:950

  dereference at ctrace_comb.c:365
    locations possibly dereferenced: 
      (*t).id:ctrace_comb.c:235
      (*t).id:ctrace_comb.c:403
      (**t, *trc_thread.return).id:ctrace_comb.c:807
      (**t, *trc_thread.return).id:ctrace_comb.c:977
      (**t, *trc_thread.return).id:ctrace_comb.c:759
      (**t, *trc_thread.return).id:ctrace_comb.c:543
      (**t, *trc_thread.return).id:ctrace_comb.c:573
      (**t, *trc_thread.return).id:ctrace_comb.c:783
      (**t, *trc_thread.return).id:ctrace_comb.c:937
      alloc.id:ctrace_comb.c:419
    locks acquired at dereference: 
      <empty>
    in: main at ctrace_comb.c:1295 -> trc_varargs ctrace_comb.c:1264 -> trc_thread ctrace_comb.c:950

  dereference at ctrace_comb.c:365
    locations possibly dereferenced: 
      (*t).id:ctrace_comb.c:235
      (*t).id:ctrace_comb.c:403
      (**t, *trc_thread.return).id:ctrace_comb.c:807
      (**t, *trc_thread.return).id:ctrace_comb.c:977
      (**t, *trc_thread.return).id:ctrace_comb.c:759
      (**t, *trc_thread.return).id:ctrace_comb.c:543
      (**t, *trc_thread.return).id:ctrace_comb.c:573
      (**t, *trc_thread.return).id:ctrace_comb.c:783
      (**t, *trc_thread.return).id:ctrace_comb.c:937
      alloc.id:ctrace_comb.c:419
    locks acquired at dereference: 
      <empty>
    in: main at ctrace_comb.c:1295 -> trc_trace ctrace_comb.c:1295 -> trc_thread ctrace_comb.c:1000

  dereference at ctrace_comb.c:365
    locations possibly dereferenced: 
      (*t).id:ctrace_comb.c:235
      (*t).id:ctrace_comb.c:403
      (**t, *trc_thread.return).id:ctrace_comb.c:807
      (**t, *trc_thread.return).id:ctrace_comb.c:977
      (**t, *trc_thread.return).id:ctrace_comb.c:759
      (**t, *trc_thread.return).id:ctrace_comb.c:543
      (**t, *trc_thread.return).id:ctrace_comb.c:573
      (**t, *trc_thread.return).id:ctrace_comb.c:783
      (**t, *trc_thread.return).id:ctrace_comb.c:937
      alloc.id:ctrace_comb.c:419
    locks acquired at dereference: 
      <empty>
    in: main at ctrace_comb.c:1295 -> trc_trace ctrace_comb.c:1287 -> trc_thread ctrace_comb.c:1000

  dereference at ctrace_comb.c:365
    locations possibly dereferenced: 
      (*t).id:ctrace_comb.c:235
      (*t).id:ctrace_comb.c:403
      (**t, *trc_thread.return).id:ctrace_comb.c:807
      (**t, *trc_thread.return).id:ctrace_comb.c:977
      (**t, *trc_thread.return).id:ctrace_comb.c:759
      (**t, *trc_thread.return).id:ctrace_comb.c:543
      (**t, *trc_thread.return).id:ctrace_comb.c:573
      (**t, *trc_thread.return).id:ctrace_comb.c:783
      (**t, *trc_thread.return).id:ctrace_comb.c:937
      alloc.id:ctrace_comb.c:419
    locks acquired at dereference: 
      <empty>
    in: main at ctrace_comb.c:1295 -> trc_trace ctrace_comb.c:1283 -> trc_thread ctrace_comb.c:1000

  dereference at ctrace_comb.c:365
    locations possibly dereferenced: 
      (*t).id:ctrace_comb.c:235
      (*t).id:ctrace_comb.c:403
      (**t, *trc_thread.return).id:ctrace_comb.c:807
      (**t, *trc_thread.return).id:ctrace_comb.c:977
      (**t, *trc_thread.return).id:ctrace_comb.c:759
      (**t, *trc_thread.return).id:ctrace_comb.c:543
      (**t, *trc_thread.return).id:ctrace_comb.c:573
      (**t, *trc_thread.return).id:ctrace_comb.c:783
      (**t, *trc_thread.return).id:ctrace_comb.c:937
      alloc.id:ctrace_comb.c:419
    locks acquired at dereference: 
      <empty>
    in: main at ctrace_comb.c:1295 -> trc_trace ctrace_comb.c:1265 -> trc_thread ctrace_comb.c:1000

  dereference at ctrace_comb.c:365
    locations possibly dereferenced: 
      (*t).id:ctrace_comb.c:235
      (*t).id:ctrace_comb.c:403
      (**t, *trc_thread.return).id:ctrace_comb.c:807
      (**t, *trc_thread.return).id:ctrace_comb.c:977
      (**t, *trc_thread.return).id:ctrace_comb.c:759
      (**t, *trc_thread.return).id:ctrace_comb.c:543
      (**t, *trc_thread.return).id:ctrace_comb.c:573
      (**t, *trc_thread.return).id:ctrace_comb.c:783
      (**t, *trc_thread.return).id:ctrace_comb.c:937
      alloc.id:ctrace_comb.c:419
    locks acquired at dereference: 
      <empty>
    in: main at ctrace_comb.c:1295 -> myprocedure ctrace_comb.c:1280 -> trc_varargs ctrace_comb.c:1238 -> trc_thread ctrace_comb.c:950

  dereference at ctrace_comb.c:365
    locations possibly dereferenced: 
      (*t).id:ctrace_comb.c:235
      (*t).id:ctrace_comb.c:403
      (**t, *trc_thread.return).id:ctrace_comb.c:807
      (**t, *trc_thread.return).id:ctrace_comb.c:977
      (**t, *trc_thread.return).id:ctrace_comb.c:759
      (**t, *trc_thread.return).id:ctrace_comb.c:543
      (**t, *trc_thread.return).id:ctrace_comb.c:573
      (**t, *trc_thread.return).id:ctrace_comb.c:783
      (**t, *trc_thread.return).id:ctrace_comb.c:937
      alloc.id:ctrace_comb.c:419
    locks acquired at dereference: 
      sem:ctrace_comb.c:1232
      concrete sem:ctrace_comb.c:1260
      *sem_destroy.__sem:ctrace_comb.c:1299
    in: main at ctrace_comb.c:1295 -> thread2 ctrace_comb.c:1273 -> trc_varargs ctrace_comb.c:1362 -> trc_thread ctrace_comb.c:950

  dereference at ctrace_comb.c:365
    locations possibly dereferenced: 
      (*t).id:ctrace_comb.c:235
      (*t).id:ctrace_comb.c:403
      (**t, *trc_thread.return).id:ctrace_comb.c:807
      (**t, *trc_thread.return).id:ctrace_comb.c:977
      (**t, *trc_thread.return).id:ctrace_comb.c:759
      (**t, *trc_thread.return).id:ctrace_comb.c:543
      (**t, *trc_thread.return).id:ctrace_comb.c:573
      (**t, *trc_thread.return).id:ctrace_comb.c:783
      (**t, *trc_thread.return).id:ctrace_comb.c:937
      alloc.id:ctrace_comb.c:419
    locks acquired at dereference: 
      <empty>
    in: main at ctrace_comb.c:1295 -> thread1 ctrace_comb.c:1268 -> trc_turn_thread_on ctrace_comb.c:1316 -> trc_thread ctrace_comb.c:557

  dereference at ctrace_comb.c:365
    locations possibly dereferenced: 
      (*t).id:ctrace_comb.c:235
      (*t).id:ctrace_comb.c:403
      (**t, *trc_thread.return).id:ctrace_comb.c:807
      (**t, *trc_thread.return).id:ctrace_comb.c:977
      (**t, *trc_thread.return).id:ctrace_comb.c:759
      (**t, *trc_thread.return).id:ctrace_comb.c:543
      (**t, *trc_thread.return).id:ctrace_comb.c:573
      (**t, *trc_thread.return).id:ctrace_comb.c:783
      (**t, *trc_thread.return).id:ctrace_comb.c:937
      alloc.id:ctrace_comb.c:419
    locks acquired at dereference: 
      sem:ctrace_comb.c:1232
      concrete sem:ctrace_comb.c:1260
      *sem_destroy.__sem:ctrace_comb.c:1299
    in: main at ctrace_comb.c:1295 -> thread1 ctrace_comb.c:1268 -> trc_varargs ctrace_comb.c:1319 -> trc_thread ctrace_comb.c:950

*************************** DONE ***************************

LockSmith run for: 0.610000 seconds

LockSmith build #$Rev: 1737 $gcc -D_GNUCC -E /tmp/cil-2QvxhjRJ.cil.c -o /tmp/cil-NJ39Z9gd.cil.i
gcc -D_GNUCC -c -o ./ctrace_comb_lib.o /tmp/cil-NJ39Z9gd.cil.i
ctrace_comb.c:161: warning: `__nothrow__' attribute directive ignored
ctrace_comb.c:164: warning: `__nothrow__' attribute directive ignored
ctrace_comb.c:166: warning: `__nothrow__' attribute directive ignored
ctrace_comb.c:168: warning: `__nothrow__' attribute directive ignored
ctrace_comb.c:171: warning: `__nothrow__' attribute directive ignored
ctrace_comb.c:172: warning: `__nothrow__' attribute directive ignored
ctrace_comb.c:174: warning: `__nothrow__' attribute directive ignored
ctrace_comb.c:175: warning: `__nothrow__' attribute directive ignored
ctrace_comb.c:177: warning: `__nothrow__' attribute directive ignored
ctrace_comb.c:180: warning: `__nothrow__' attribute directive ignored
ctrace_comb.c:181: warning: `__nothrow__' attribute directive ignored
ctrace_comb.c:185: warning: `__nothrow__' attribute directive ignored
ctrace_comb.c:186: warning: `__nothrow__' attribute directive ignored
ctrace_comb.c:189: warning: `__nothrow__' attribute directive ignored
ctrace_comb.c:190: warning: `__nothrow__' attribute directive ignored
ctrace_comb.c:191: warning: `__nothrow__' attribute directive ignored
ctrace_comb.c:192: warning: `__nothrow__' attribute directive ignored
ctrace_comb.c:193: warning: `__nothrow__' attribute directive ignored
ctrace_comb.c:194: warning: `__nothrow__' attribute directive ignored
ctrace_comb.c:196: warning: `__nothrow__' attribute directive ignored
ctrace_comb.c:273: warning: `__unique__' attribute directive ignored
lib.c:162: warning: `__nothrow__' attribute directive ignored
lib.c:195: warning: `__nothrow__' attribute directive ignored
lib.c:207: warning: `__nothrow__' attribute directive ignored
lib.c:303: warning: `__nothrow__' attribute directive ignored
lib.c:358: warning: `__nothrow__' attribute directive ignored
