../cil/bin/cilly  smtprc_comb_lib.c > out/smtprc_comb_lib.out 2>&1
gcc -D_GNUCC -E -DCIL=1 smtprc_comb_lib.c -o /tmp/cil-bKoOa8U5.i
/export/home/mwh/src/tmp/locksmith/cil/obj/x86_LINUX/cilly.asm.exe --out /tmp/cil-4S0ascMR.cil.c --list-guardedby --list-shared --locksmith-version /tmp/cil-bKoOa8U5.i

************************* STARTING *************************


lib.c:143: Warning: subtyping incompatible types:
int
(void)

lib.c:173: Warning: subtyping incompatible types:
int
(void)

lib.c:211: Warning: subtyping incompatible types:
int
(void)

lib.c:217: Warning: subtyping incompatible types:
(void)
int

lib.c:254: Warning: subtyping incompatible types:
int
(void)

lib.c:259: Warning: subtyping incompatible types:
(void)
int

lib.c:282: Warning: subtyping incompatible types:
int
(void)

lib.c:299: Warning: subtyping incompatible types:
int
(void)

lib.c:306: Warning: subtyping incompatible types:
int
(void)
functions declared but not defined:
  alloca
  pthread_attr_getstacksize
  pthread_attr_setstacksize
  pthread_attr_init
  nanosleep
  usleep
  readdir
  closedir
  opendir
  __ctype_b_loc
  strncat
  strcat
  rewind
  fgets
  fgetc
  sscanf
  fcntl
  sleep
  gethostbyaddr
  getsockopt
  select
  perror
shared: alloc:smtprc_comb.c:2291
        alloc:smtprc_comb.c:2412
        alloc:smtprc_comb.c:4559
        alloc:smtprc_comb.c:4574
        alloc:smtprc_comb.c:4590
        alloc:smtprc_comb.c:4603
        alloc:smtprc_comb.c:4643
        alloc:smtprc_comb.c:4674
        alloc:smtprc_comb.c:4689
        alloc:smtprc_comb.c:4702
        alloc:smtprc_comb.c:4752
        alloc:smtprc_comb.c:4784
        alloc:smtprc_comb.c:4813
        alloc:smtprc_comb.c:4830
        alloc:smtprc_comb.c:4849
        alloc:smtprc_comb.c:4867
        alloc:smtprc_comb.c:4926
        alloc:smtprc_comb.c:4960
        alloc:smtprc_comb.c:5000
        alloc:smtprc_comb.c:5017
        alloc:smtprc_comb.c:5036
        alloc:smtprc_comb.c:5056
        alloc:smtprc_comb.c:5091
        alloc:smtprc_comb.c:5158
        alloc:smtprc_comb.c:5187
        alloc:smtprc_comb.c:5204
        alloc:smtprc_comb.c:5223
        alloc:smtprc_comb.c:5241
        alloc:smtprc_comb.c:5338
        alloc:smtprc_comb.c:5355
        alloc:smtprc_comb.c:5374
        alloc:smtprc_comb.c:5394
        alloc:smtprc_comb.c:5426
        alloc:smtprc_comb.c:5446
        alloc:smtprc_comb.c:5503
        alloc:smtprc_comb.c:5515
        alloc:smtprc_comb.c:5565
        alloc:smtprc_comb.c:5576
        alloc.error_code:smtprc_comb.c:2429
        alloc.failed:smtprc_comb.c:2429
        alloc.passed:smtprc_comb.c:2429
        alloc.smtp_open:smtprc_comb.c:1046
        alloc.fatal:smtprc_comb.c:1046
        alloc.fatal_error:smtprc_comb.c:1046
        alloc.resolved:smtprc_comb.c:1046
        alloc.cur_threads:smtprc_comb.c:220

Warning: Possible data race: alloc:smtprc_comb.c:2291 is not protected!
 references:
  dereference at smtprc_comb.c:2397
    locations possibly dereferenced: 
      alloc:smtprc_comb.c:2291
      *o.tid:smtprc_comb.c:220
    locks acquired at dereference: 
      <empty>
    in: FORK at smtprc_comb.c:2311 -> thread_start smtprc_comb.c:2311

  dereference at smtprc_comb.c:2359
    locations possibly dereferenced: 
      alloc:smtprc_comb.c:2291
      *o.tid:smtprc_comb.c:220
    locks acquired at dereference: 
      <empty>
    in: FORK at smtprc_comb.c:2297 -> cleaner_start smtprc_comb.c:2297

  dereference at smtprc_comb.c:2294
    locations possibly dereferenced: 
      alloc:smtprc_comb.c:2291
      *o.tid:smtprc_comb.c:220
    locks acquired at dereference: 
      <empty>
    in: main at smtprc_comb.c:757 -> start_scan smtprc_comb.c:723


Warning: Possible data race: alloc:smtprc_comb.c:2412 is not protected!
 references:
  dereference at smtprc_comb.c:2416
    locations possibly dereferenced: 
      alloc:smtprc_comb.c:2412
      (*((*(hosts + cur_host)))).hostname:smtprc_comb.c:221
    locks acquired at dereference: 
      <empty>
    in: FORK at smtprc_comb.c:2311 -> thread_start smtprc_comb.c:2311

  dereference at smtprc_comb.c:2416
    locations possibly dereferenced: 
      alloc:smtprc_comb.c:2412
      (*((*(hosts + cur_host)))).hostname:smtprc_comb.c:221
    locks acquired at dereference: 
      <empty>
    in: main at smtprc_comb.c:757 -> start_scan smtprc_comb.c:723 -> thread_start smtprc_comb.c:2311

  dereference at lib.c:317
    locations possibly dereferenced: 
      alloc:smtprc_comb.c:2412
      (*((*(hosts + cur_host)))).hostname:smtprc_comb.c:221
    locks acquired at dereference: 
      <empty>
    in: main at smtprc_comb.c:757 -> display_html smtprc_comb.c:764 -> print_link smtprc_comb.c:3047 -> strlen smtprc_comb.c:3705

  dereference at lib.c:317
    locations possibly dereferenced: 
      alloc:smtprc_comb.c:2412
      (*((*(hosts + cur_host)))).hostname:smtprc_comb.c:221
    locks acquired at dereference: 
      <empty>
    in: main at smtprc_comb.c:757 -> display_html smtprc_comb.c:764 -> print_link smtprc_comb.c:3027 -> strlen smtprc_comb.c:3705

  dereference at lib.c:317
    locations possibly dereferenced: 
      alloc:smtprc_comb.c:2412
      (*((*(hosts + cur_host)))).hostname:smtprc_comb.c:221
    locks acquired at dereference: 
      <empty>
    in: main at smtprc_comb.c:757 -> display_html smtprc_comb.c:764 -> print_link smtprc_comb.c:3006 -> strlen smtprc_comb.c:3705

  dereference at lib.c:317
    locations possibly dereferenced: 
      alloc:smtprc_comb.c:2412
      (*((*(hosts + cur_host)))).hostname:smtprc_comb.c:221
    locks acquired at dereference: 
      <empty>
    in: main at smtprc_comb.c:757 -> display_html smtprc_comb.c:764 -> print_link smtprc_comb.c:2978 -> strlen smtprc_comb.c:3705

  dereference at lib.c:317
    locations possibly dereferenced: 
      alloc:smtprc_comb.c:2412
      (*((*(hosts + cur_host)))).hostname:smtprc_comb.c:221
    locks acquired at dereference: 
      <empty>
    in: main at smtprc_comb.c:757 -> display_html smtprc_comb.c:764 -> print_link smtprc_comb.c:2948 -> strlen smtprc_comb.c:3705

  dereference at lib.c:317
    locations possibly dereferenced: 
      alloc:smtprc_comb.c:2412
      (*((*(hosts + cur_host)))).hostname:smtprc_comb.c:221
    locks acquired at dereference: 
      <empty>
    in: main at smtprc_comb.c:757 -> display_html smtprc_comb.c:764 -> print_link smtprc_comb.c:2923 -> strlen smtprc_comb.c:3705

  dereference at lib.c:317
    locations possibly dereferenced: 
      alloc:smtprc_comb.c:2412
      (*((*(hosts + cur_host)))).hostname:smtprc_comb.c:221
    locks acquired at dereference: 
      <empty>
    in: main at smtprc_comb.c:757 -> display_html smtprc_comb.c:764 -> print_link smtprc_comb.c:2902 -> strlen smtprc_comb.c:3705

  dereference at smtprc_comb.c:3744
    locations possibly dereferenced: 
      alloc:smtprc_comb.c:2412
      (*((*(hosts + cur_host)))).hostname:smtprc_comb.c:221
    locks acquired at dereference: 
      <empty>
    in: main at smtprc_comb.c:757 -> display_html smtprc_comb.c:764 -> print_check_details smtprc_comb.c:3066 -> print_errord_check smtprc_comb.c:3131 -> escape_html_chars smtprc_comb.c:3225


Warning: Possible data race: alloc:smtprc_comb.c:4559 is not protected!
 references:
  dereference at smtprc_comb.c:4607
    locations possibly dereferenced: 
      (*((*(((*(hosts + x)))->smtp_check + 0)))).r_banner:smtprc_comb.c:221
      alloc:smtprc_comb.c:4559
      alloc:smtprc_comb.c:4574
      alloc:smtprc_comb.c:4590
      alloc:smtprc_comb.c:4603
    locks acquired at dereference: 
      <empty>
    in: FORK at smtprc_comb.c:2311 -> thread_start smtprc_comb.c:2311 -> relay_check smtprc_comb.c:2435 -> check_banner smtprc_comb.c:3963

  dereference at smtprc_comb.c:4607
    locations possibly dereferenced: 
      (*((*(((*(hosts + x)))->smtp_check + 0)))).r_banner:smtprc_comb.c:221
      alloc:smtprc_comb.c:4559
      alloc:smtprc_comb.c:4574
      alloc:smtprc_comb.c:4590
      alloc:smtprc_comb.c:4603
    locks acquired at dereference: 
      <empty>
    in: main at smtprc_comb.c:757 -> start_scan smtprc_comb.c:723 -> thread_start smtprc_comb.c:2311 -> relay_check smtprc_comb.c:2435 -> check_banner smtprc_comb.c:3963

  dereference at smtprc_comb.c:3744
    locations possibly dereferenced: 
      (*((*(((*(hosts + x)))->smtp_check + 0)))).r_banner:smtprc_comb.c:221
      alloc:smtprc_comb.c:4559
      alloc:smtprc_comb.c:4574
      alloc:smtprc_comb.c:4590
      alloc:smtprc_comb.c:4603
    locks acquired at dereference: 
      <empty>
    in: main at smtprc_comb.c:757 -> display_html smtprc_comb.c:764 -> print_check_details smtprc_comb.c:3066 -> print_check smtprc_comb.c:3148 -> escape_html_chars smtprc_comb.c:3513


Warning: Possible data race: alloc:smtprc_comb.c:4574 is not protected!
 references:
  dereference at smtprc_comb.c:4607
    locations possibly dereferenced: 
      (*((*(((*(hosts + x)))->smtp_check + 0)))).r_banner:smtprc_comb.c:221
      alloc:smtprc_comb.c:4559
      alloc:smtprc_comb.c:4574
      alloc:smtprc_comb.c:4590
      alloc:smtprc_comb.c:4603
    locks acquired at dereference: 
      <empty>
    in: FORK at smtprc_comb.c:2311 -> thread_start smtprc_comb.c:2311 -> relay_check smtprc_comb.c:2435 -> check_banner smtprc_comb.c:3963

  dereference at smtprc_comb.c:4607
    locations possibly dereferenced: 
      (*((*(((*(hosts + x)))->smtp_check + 0)))).r_banner:smtprc_comb.c:221
      alloc:smtprc_comb.c:4559
      alloc:smtprc_comb.c:4574
      alloc:smtprc_comb.c:4590
      alloc:smtprc_comb.c:4603
    locks acquired at dereference: 
      <empty>
    in: main at smtprc_comb.c:757 -> start_scan smtprc_comb.c:723 -> thread_start smtprc_comb.c:2311 -> relay_check smtprc_comb.c:2435 -> check_banner smtprc_comb.c:3963

  dereference at smtprc_comb.c:3744
    locations possibly dereferenced: 
      (*((*(((*(hosts + x)))->smtp_check + 0)))).r_banner:smtprc_comb.c:221
      alloc:smtprc_comb.c:4559
      alloc:smtprc_comb.c:4574
      alloc:smtprc_comb.c:4590
      alloc:smtprc_comb.c:4603
    locks acquired at dereference: 
      <empty>
    in: main at smtprc_comb.c:757 -> display_html smtprc_comb.c:764 -> print_check_details smtprc_comb.c:3066 -> print_check smtprc_comb.c:3148 -> escape_html_chars smtprc_comb.c:3513


Warning: Possible data race: alloc:smtprc_comb.c:4590 is not protected!
 references:
  dereference at smtprc_comb.c:4607
    locations possibly dereferenced: 
      (*((*(((*(hosts + x)))->smtp_check + 0)))).r_banner:smtprc_comb.c:221
      alloc:smtprc_comb.c:4559
      alloc:smtprc_comb.c:4574
      alloc:smtprc_comb.c:4590
      alloc:smtprc_comb.c:4603
    locks acquired at dereference: 
      <empty>
    in: FORK at smtprc_comb.c:2311 -> thread_start smtprc_comb.c:2311 -> relay_check smtprc_comb.c:2435 -> check_banner smtprc_comb.c:3963

  dereference at smtprc_comb.c:4607
    locations possibly dereferenced: 
      (*((*(((*(hosts + x)))->smtp_check + 0)))).r_banner:smtprc_comb.c:221
      alloc:smtprc_comb.c:4559
      alloc:smtprc_comb.c:4574
      alloc:smtprc_comb.c:4590
      alloc:smtprc_comb.c:4603
    locks acquired at dereference: 
      <empty>
    in: main at smtprc_comb.c:757 -> start_scan smtprc_comb.c:723 -> thread_start smtprc_comb.c:2311 -> relay_check smtprc_comb.c:2435 -> check_banner smtprc_comb.c:3963

  dereference at smtprc_comb.c:3744
    locations possibly dereferenced: 
      (*((*(((*(hosts + x)))->smtp_check + 0)))).r_banner:smtprc_comb.c:221
      alloc:smtprc_comb.c:4559
      alloc:smtprc_comb.c:4574
      alloc:smtprc_comb.c:4590
      alloc:smtprc_comb.c:4603
    locks acquired at dereference: 
      <empty>
    in: main at smtprc_comb.c:757 -> display_html smtprc_comb.c:764 -> print_check_details smtprc_comb.c:3066 -> print_check smtprc_comb.c:3148 -> escape_html_chars smtprc_comb.c:3513


Warning: Possible data race: alloc:smtprc_comb.c:4603 is not protected!
 references:
  dereference at smtprc_comb.c:4607
    locations possibly dereferenced: 
      (*((*(((*(hosts + x)))->smtp_check + 0)))).r_banner:smtprc_comb.c:221
      alloc:smtprc_comb.c:4559
      alloc:smtprc_comb.c:4574
      alloc:smtprc_comb.c:4590
      alloc:smtprc_comb.c:4603
    locks acquired at dereference: 
      <empty>
    in: FORK at smtprc_comb.c:2311 -> thread_start smtprc_comb.c:2311 -> relay_check smtprc_comb.c:2435 -> check_banner smtprc_comb.c:3963

  dereference at smtprc_comb.c:4607
    locations possibly dereferenced: 
      (*((*(((*(hosts + x)))->smtp_check + 0)))).r_banner:smtprc_comb.c:221
      alloc:smtprc_comb.c:4559
      alloc:smtprc_comb.c:4574
      alloc:smtprc_comb.c:4590
      alloc:smtprc_comb.c:4603
    locks acquired at dereference: 
      <empty>
    in: main at smtprc_comb.c:757 -> start_scan smtprc_comb.c:723 -> thread_start smtprc_comb.c:2311 -> relay_check smtprc_comb.c:2435 -> check_banner smtprc_comb.c:3963

  dereference at smtprc_comb.c:3744
    locations possibly dereferenced: 
      (*((*(((*(hosts + x)))->smtp_check + 0)))).r_banner:smtprc_comb.c:221
      alloc:smtprc_comb.c:4559
      alloc:smtprc_comb.c:4574
      alloc:smtprc_comb.c:4590
      alloc:smtprc_comb.c:4603
    locks acquired at dereference: 
      <empty>
    in: main at smtprc_comb.c:757 -> display_html smtprc_comb.c:764 -> print_check_details smtprc_comb.c:3066 -> print_check smtprc_comb.c:3148 -> escape_html_chars smtprc_comb.c:3513


Warning: Possible data race: alloc:smtprc_comb.c:4643 is not protected!
 references:
  dereference at smtprc_comb.c:4647
    locations possibly dereferenced: 
      (*((*(((*(hosts + x)))->smtp_check + 0)))).helo:smtprc_comb.c:221
      alloc:smtprc_comb.c:4643
    locks acquired at dereference: 
      <empty>
    in: FORK at smtprc_comb.c:2311 -> thread_start smtprc_comb.c:2311 -> relay_check smtprc_comb.c:2435 -> check_helo smtprc_comb.c:3978

  dereference at smtprc_comb.c:4647
    locations possibly dereferenced: 
      (*((*(((*(hosts + x)))->smtp_check + 0)))).helo:smtprc_comb.c:221
      alloc:smtprc_comb.c:4643
    locks acquired at dereference: 
      <empty>
    in: main at smtprc_comb.c:757 -> start_scan smtprc_comb.c:723 -> thread_start smtprc_comb.c:2311 -> relay_check smtprc_comb.c:2435 -> check_helo smtprc_comb.c:3978

  dereference at smtprc_comb.c:3744
    locations possibly dereferenced: 
      (*((*(((*(hosts + x)))->smtp_check + 0)))).helo:smtprc_comb.c:221
      alloc:smtprc_comb.c:4643
    locks acquired at dereference: 
      <empty>
    in: main at smtprc_comb.c:757 -> display_html smtprc_comb.c:764 -> print_check_details smtprc_comb.c:3066 -> print_check smtprc_comb.c:3148 -> escape_html_chars smtprc_comb.c:3525


Warning: Possible data race: alloc:smtprc_comb.c:4674 is not protected!
 references:
  dereference at smtprc_comb.c:4706
    locations possibly dereferenced: 
      (*((*(((*(hosts + x)))->smtp_check + 0)))).r_helo:smtprc_comb.c:221
      alloc:smtprc_comb.c:4674
      alloc:smtprc_comb.c:4689
      alloc:smtprc_comb.c:4702
    locks acquired at dereference: 
      <empty>
    in: FORK at smtprc_comb.c:2311 -> thread_start smtprc_comb.c:2311 -> relay_check smtprc_comb.c:2435 -> check_helo smtprc_comb.c:3978

  dereference at smtprc_comb.c:4706
    locations possibly dereferenced: 
      (*((*(((*(hosts + x)))->smtp_check + 0)))).r_helo:smtprc_comb.c:221
      alloc:smtprc_comb.c:4674
      alloc:smtprc_comb.c:4689
      alloc:smtprc_comb.c:4702
    locks acquired at dereference: 
      <empty>
    in: main at smtprc_comb.c:757 -> start_scan smtprc_comb.c:723 -> thread_start smtprc_comb.c:2311 -> relay_check smtprc_comb.c:2435 -> check_helo smtprc_comb.c:3978

  dereference at smtprc_comb.c:3744
    locations possibly dereferenced: 
      (*((*(((*(hosts + x)))->smtp_check + 0)))).r_helo:smtprc_comb.c:221
      alloc:smtprc_comb.c:4674
      alloc:smtprc_comb.c:4689
      alloc:smtprc_comb.c:4702
    locks acquired at dereference: 
      <empty>
    in: main at smtprc_comb.c:757 -> display_html smtprc_comb.c:764 -> print_check_details smtprc_comb.c:3066 -> print_check smtprc_comb.c:3148 -> escape_html_chars smtprc_comb.c:3535


Warning: Possible data race: alloc:smtprc_comb.c:4689 is not protected!
 references:
  dereference at smtprc_comb.c:4706
    locations possibly dereferenced: 
      (*((*(((*(hosts + x)))->smtp_check + 0)))).r_helo:smtprc_comb.c:221
      alloc:smtprc_comb.c:4674
      alloc:smtprc_comb.c:4689
      alloc:smtprc_comb.c:4702
    locks acquired at dereference: 
      <empty>
    in: FORK at smtprc_comb.c:2311 -> thread_start smtprc_comb.c:2311 -> relay_check smtprc_comb.c:2435 -> check_helo smtprc_comb.c:3978

  dereference at smtprc_comb.c:4706
    locations possibly dereferenced: 
      (*((*(((*(hosts + x)))->smtp_check + 0)))).r_helo:smtprc_comb.c:221
      alloc:smtprc_comb.c:4674
      alloc:smtprc_comb.c:4689
      alloc:smtprc_comb.c:4702
    locks acquired at dereference: 
      <empty>
    in: main at smtprc_comb.c:757 -> start_scan smtprc_comb.c:723 -> thread_start smtprc_comb.c:2311 -> relay_check smtprc_comb.c:2435 -> check_helo smtprc_comb.c:3978

  dereference at smtprc_comb.c:3744
    locations possibly dereferenced: 
      (*((*(((*(hosts + x)))->smtp_check + 0)))).r_helo:smtprc_comb.c:221
      alloc:smtprc_comb.c:4674
      alloc:smtprc_comb.c:4689
      alloc:smtprc_comb.c:4702
    locks acquired at dereference: 
      <empty>
    in: main at smtprc_comb.c:757 -> display_html smtprc_comb.c:764 -> print_check_details smtprc_comb.c:3066 -> print_check smtprc_comb.c:3148 -> escape_html_chars smtprc_comb.c:3535


Warning: Possible data race: alloc:smtprc_comb.c:4702 is not protected!
 references:
  dereference at smtprc_comb.c:4706
    locations possibly dereferenced: 
      (*((*(((*(hosts + x)))->smtp_check + 0)))).r_helo:smtprc_comb.c:221
      alloc:smtprc_comb.c:4674
      alloc:smtprc_comb.c:4689
      alloc:smtprc_comb.c:4702
    locks acquired at dereference: 
      <empty>
    in: FORK at smtprc_comb.c:2311 -> thread_start smtprc_comb.c:2311 -> relay_check smtprc_comb.c:2435 -> check_helo smtprc_comb.c:3978

  dereference at smtprc_comb.c:4706
    locations possibly dereferenced: 
      (*((*(((*(hosts + x)))->smtp_check + 0)))).r_helo:smtprc_comb.c:221
      alloc:smtprc_comb.c:4674
      alloc:smtprc_comb.c:4689
      alloc:smtprc_comb.c:4702
    locks acquired at dereference: 
      <empty>
    in: main at smtprc_comb.c:757 -> start_scan smtprc_comb.c:723 -> thread_start smtprc_comb.c:2311 -> relay_check smtprc_comb.c:2435 -> check_helo smtprc_comb.c:3978

  dereference at smtprc_comb.c:3744
    locations possibly dereferenced: 
      (*((*(((*(hosts + x)))->smtp_check + 0)))).r_helo:smtprc_comb.c:221
      alloc:smtprc_comb.c:4674
      alloc:smtprc_comb.c:4689
      alloc:smtprc_comb.c:4702
    locks acquired at dereference: 
      <empty>
    in: main at smtprc_comb.c:757 -> display_html smtprc_comb.c:764 -> print_check_details smtprc_comb.c:3066 -> print_check smtprc_comb.c:3148 -> escape_html_chars smtprc_comb.c:3535


Warning: Possible data race: alloc:smtprc_comb.c:4752 is not protected!
 references:
  dereference at smtprc_comb.c:4756
    locations possibly dereferenced: 
      (*((*(((*(hosts + x)))->smtp_check + y)))).mail_from:smtprc_comb.c:221
      alloc:smtprc_comb.c:4752
    locks acquired at dereference: 
      <empty>
    in: FORK at smtprc_comb.c:2311 -> thread_start smtprc_comb.c:2311 -> relay_check smtprc_comb.c:2435 -> check_mail_from smtprc_comb.c:3994

  dereference at smtprc_comb.c:4756
    locations possibly dereferenced: 
      (*((*(((*(hosts + x)))->smtp_check + y)))).mail_from:smtprc_comb.c:221
      alloc:smtprc_comb.c:4752
    locks acquired at dereference: 
      <empty>
    in: main at smtprc_comb.c:757 -> start_scan smtprc_comb.c:723 -> thread_start smtprc_comb.c:2311 -> relay_check smtprc_comb.c:2435 -> check_mail_from smtprc_comb.c:3994

  dereference at smtprc_comb.c:3744
    locations possibly dereferenced: 
      (*((*(((*(hosts + x)))->smtp_check + y)))).mail_from:smtprc_comb.c:221
      alloc:smtprc_comb.c:4752
    locks acquired at dereference: 
      <empty>
    in: main at smtprc_comb.c:757 -> display_html smtprc_comb.c:764 -> print_check_details smtprc_comb.c:3066 -> print_check smtprc_comb.c:3148 -> escape_html_chars smtprc_comb.c:3547


Warning: Possible data race: alloc:smtprc_comb.c:4784 is not protected!
 references:
  dereference at smtprc_comb.c:4871
    locations possibly dereferenced: 
      (*((*(((*(hosts + x)))->smtp_check + y)))).r_mail_from:smtprc_comb.c:221
      alloc:smtprc_comb.c:4784
      alloc:smtprc_comb.c:4813
      alloc:smtprc_comb.c:4830
      alloc:smtprc_comb.c:4849
      alloc:smtprc_comb.c:4867
    locks acquired at dereference: 
      <empty>
    in: FORK at smtprc_comb.c:2311 -> thread_start smtprc_comb.c:2311 -> relay_check smtprc_comb.c:2435 -> check_mail_from smtprc_comb.c:3994

  dereference at smtprc_comb.c:4871
    locations possibly dereferenced: 
      (*((*(((*(hosts + x)))->smtp_check + y)))).r_mail_from:smtprc_comb.c:221
      alloc:smtprc_comb.c:4784
      alloc:smtprc_comb.c:4813
      alloc:smtprc_comb.c:4830
      alloc:smtprc_comb.c:4849
      alloc:smtprc_comb.c:4867
    locks acquired at dereference: 
      <empty>
    in: main at smtprc_comb.c:757 -> start_scan smtprc_comb.c:723 -> thread_start smtprc_comb.c:2311 -> relay_check smtprc_comb.c:2435 -> check_mail_from smtprc_comb.c:3994

  dereference at smtprc_comb.c:3744
    locations possibly dereferenced: 
      (*((*(((*(hosts + x)))->smtp_check + y)))).r_mail_from:smtprc_comb.c:221
      alloc:smtprc_comb.c:4784
      alloc:smtprc_comb.c:4813
      alloc:smtprc_comb.c:4830
      alloc:smtprc_comb.c:4849
      alloc:smtprc_comb.c:4867
    locks acquired at dereference: 
      <empty>
    in: main at smtprc_comb.c:757 -> display_html smtprc_comb.c:764 -> print_check_details smtprc_comb.c:3066 -> print_check smtprc_comb.c:3148 -> escape_html_chars smtprc_comb.c:3558


Warning: Possible data race: alloc:smtprc_comb.c:4813 is not protected!
 references:
  dereference at smtprc_comb.c:4871
    locations possibly dereferenced: 
      (*((*(((*(hosts + x)))->smtp_check + y)))).r_mail_from:smtprc_comb.c:221
      alloc:smtprc_comb.c:4784
      alloc:smtprc_comb.c:4813
      alloc:smtprc_comb.c:4830
      alloc:smtprc_comb.c:4849
      alloc:smtprc_comb.c:4867
    locks acquired at dereference: 
      <empty>
    in: FORK at smtprc_comb.c:2311 -> thread_start smtprc_comb.c:2311 -> relay_check smtprc_comb.c:2435 -> check_mail_from smtprc_comb.c:3994

  dereference at smtprc_comb.c:4871
    locations possibly dereferenced: 
      (*((*(((*(hosts + x)))->smtp_check + y)))).r_mail_from:smtprc_comb.c:221
      alloc:smtprc_comb.c:4784
      alloc:smtprc_comb.c:4813
      alloc:smtprc_comb.c:4830
      alloc:smtprc_comb.c:4849
      alloc:smtprc_comb.c:4867
    locks acquired at dereference: 
      <empty>
    in: main at smtprc_comb.c:757 -> start_scan smtprc_comb.c:723 -> thread_start smtprc_comb.c:2311 -> relay_check smtprc_comb.c:2435 -> check_mail_from smtprc_comb.c:3994

  dereference at smtprc_comb.c:3744
    locations possibly dereferenced: 
      (*((*(((*(hosts + x)))->smtp_check + y)))).r_mail_from:smtprc_comb.c:221
      alloc:smtprc_comb.c:4784
      alloc:smtprc_comb.c:4813
      alloc:smtprc_comb.c:4830
      alloc:smtprc_comb.c:4849
      alloc:smtprc_comb.c:4867
    locks acquired at dereference: 
      <empty>
    in: main at smtprc_comb.c:757 -> display_html smtprc_comb.c:764 -> print_check_details smtprc_comb.c:3066 -> print_check smtprc_comb.c:3148 -> escape_html_chars smtprc_comb.c:3558


Warning: Possible data race: alloc:smtprc_comb.c:4830 is not protected!
 references:
  dereference at smtprc_comb.c:4871
    locations possibly dereferenced: 
      (*((*(((*(hosts + x)))->smtp_check + y)))).r_mail_from:smtprc_comb.c:221
      alloc:smtprc_comb.c:4784
      alloc:smtprc_comb.c:4813
      alloc:smtprc_comb.c:4830
      alloc:smtprc_comb.c:4849
      alloc:smtprc_comb.c:4867
    locks acquired at dereference: 
      <empty>
    in: FORK at smtprc_comb.c:2311 -> thread_start smtprc_comb.c:2311 -> relay_check smtprc_comb.c:2435 -> check_mail_from smtprc_comb.c:3994

  dereference at smtprc_comb.c:4871
    locations possibly dereferenced: 
      (*((*(((*(hosts + x)))->smtp_check + y)))).r_mail_from:smtprc_comb.c:221
      alloc:smtprc_comb.c:4784
      alloc:smtprc_comb.c:4813
      alloc:smtprc_comb.c:4830
      alloc:smtprc_comb.c:4849
      alloc:smtprc_comb.c:4867
    locks acquired at dereference: 
      <empty>
    in: main at smtprc_comb.c:757 -> start_scan smtprc_comb.c:723 -> thread_start smtprc_comb.c:2311 -> relay_check smtprc_comb.c:2435 -> check_mail_from smtprc_comb.c:3994

  dereference at smtprc_comb.c:3744
    locations possibly dereferenced: 
      (*((*(((*(hosts + x)))->smtp_check + y)))).r_mail_from:smtprc_comb.c:221
      alloc:smtprc_comb.c:4784
      alloc:smtprc_comb.c:4813
      alloc:smtprc_comb.c:4830
      alloc:smtprc_comb.c:4849
      alloc:smtprc_comb.c:4867
    locks acquired at dereference: 
      <empty>
    in: main at smtprc_comb.c:757 -> display_html smtprc_comb.c:764 -> print_check_details smtprc_comb.c:3066 -> print_check smtprc_comb.c:3148 -> escape_html_chars smtprc_comb.c:3558


Warning: Possible data race: alloc:smtprc_comb.c:4849 is not protected!
 references:
  dereference at smtprc_comb.c:4871
    locations possibly dereferenced: 
      (*((*(((*(hosts + x)))->smtp_check + y)))).r_mail_from:smtprc_comb.c:221
      alloc:smtprc_comb.c:4784
      alloc:smtprc_comb.c:4813
      alloc:smtprc_comb.c:4830
      alloc:smtprc_comb.c:4849
      alloc:smtprc_comb.c:4867
    locks acquired at dereference: 
      <empty>
    in: FORK at smtprc_comb.c:2311 -> thread_start smtprc_comb.c:2311 -> relay_check smtprc_comb.c:2435 -> check_mail_from smtprc_comb.c:3994

  dereference at smtprc_comb.c:4871
    locations possibly dereferenced: 
      (*((*(((*(hosts + x)))->smtp_check + y)))).r_mail_from:smtprc_comb.c:221
      alloc:smtprc_comb.c:4784
      alloc:smtprc_comb.c:4813
      alloc:smtprc_comb.c:4830
      alloc:smtprc_comb.c:4849
      alloc:smtprc_comb.c:4867
    locks acquired at dereference: 
      <empty>
    in: main at smtprc_comb.c:757 -> start_scan smtprc_comb.c:723 -> thread_start smtprc_comb.c:2311 -> relay_check smtprc_comb.c:2435 -> check_mail_from smtprc_comb.c:3994

  dereference at smtprc_comb.c:3744
    locations possibly dereferenced: 
      (*((*(((*(hosts + x)))->smtp_check + y)))).r_mail_from:smtprc_comb.c:221
      alloc:smtprc_comb.c:4784
      alloc:smtprc_comb.c:4813
      alloc:smtprc_comb.c:4830
      alloc:smtprc_comb.c:4849
      alloc:smtprc_comb.c:4867
    locks acquired at dereference: 
      <empty>
    in: main at smtprc_comb.c:757 -> display_html smtprc_comb.c:764 -> print_check_details smtprc_comb.c:3066 -> print_check smtprc_comb.c:3148 -> escape_html_chars smtprc_comb.c:3558


Warning: Possible data race: alloc:smtprc_comb.c:4867 is not protected!
 references:
  dereference at smtprc_comb.c:4871
    locations possibly dereferenced: 
      (*((*(((*(hosts + x)))->smtp_check + y)))).r_mail_from:smtprc_comb.c:221
      alloc:smtprc_comb.c:4784
      alloc:smtprc_comb.c:4813
      alloc:smtprc_comb.c:4830
      alloc:smtprc_comb.c:4849
      alloc:smtprc_comb.c:4867
    locks acquired at dereference: 
      <empty>
    in: FORK at smtprc_comb.c:2311 -> thread_start smtprc_comb.c:2311 -> relay_check smtprc_comb.c:2435 -> check_mail_from smtprc_comb.c:3994

  dereference at smtprc_comb.c:4871
    locations possibly dereferenced: 
      (*((*(((*(hosts + x)))->smtp_check + y)))).r_mail_from:smtprc_comb.c:221
      alloc:smtprc_comb.c:4784
      alloc:smtprc_comb.c:4813
      alloc:smtprc_comb.c:4830
      alloc:smtprc_comb.c:4849
      alloc:smtprc_comb.c:4867
    locks acquired at dereference: 
      <empty>
    in: main at smtprc_comb.c:757 -> start_scan smtprc_comb.c:723 -> thread_start smtprc_comb.c:2311 -> relay_check smtprc_comb.c:2435 -> check_mail_from smtprc_comb.c:3994

  dereference at smtprc_comb.c:3744
    locations possibly dereferenced: 
      (*((*(((*(hosts + x)))->smtp_check + y)))).r_mail_from:smtprc_comb.c:221
      alloc:smtprc_comb.c:4784
      alloc:smtprc_comb.c:4813
      alloc:smtprc_comb.c:4830
      alloc:smtprc_comb.c:4849
      alloc:smtprc_comb.c:4867
    locks acquired at dereference: 
      <empty>
    in: main at smtprc_comb.c:757 -> display_html smtprc_comb.c:764 -> print_check_details smtprc_comb.c:3066 -> print_check smtprc_comb.c:3148 -> escape_html_chars smtprc_comb.c:3558


Warning: Possible data race: alloc:smtprc_comb.c:4926 is not protected!
 references:
  dereference at smtprc_comb.c:4930
    locations possibly dereferenced: 
      (*((*(((*(hosts + x)))->smtp_check + y)))).rcpt_to:smtprc_comb.c:221
      alloc:smtprc_comb.c:4926
    locks acquired at dereference: 
      <empty>
    in: FORK at smtprc_comb.c:2311 -> thread_start smtprc_comb.c:2311 -> relay_check smtprc_comb.c:2435 -> check_rcpt_to smtprc_comb.c:4009

  dereference at smtprc_comb.c:4930
    locations possibly dereferenced: 
      (*((*(((*(hosts + x)))->smtp_check + y)))).rcpt_to:smtprc_comb.c:221
      alloc:smtprc_comb.c:4926
    locks acquired at dereference: 
      <empty>
    in: main at smtprc_comb.c:757 -> start_scan smtprc_comb.c:723 -> thread_start smtprc_comb.c:2311 -> relay_check smtprc_comb.c:2435 -> check_rcpt_to smtprc_comb.c:4009

  dereference at smtprc_comb.c:3744
    locations possibly dereferenced: 
      (*((*(((*(hosts + x)))->smtp_check + y)))).rcpt_to:smtprc_comb.c:221
      alloc:smtprc_comb.c:4926
    locks acquired at dereference: 
      <empty>
    in: main at smtprc_comb.c:757 -> display_html smtprc_comb.c:764 -> print_check_details smtprc_comb.c:3066 -> print_check smtprc_comb.c:3148 -> escape_html_chars smtprc_comb.c:3570


Warning: Possible data race: alloc:smtprc_comb.c:4960 is not protected!
 references:
  dereference at smtprc_comb.c:5095
    locations possibly dereferenced: 
      (*((*(((*(hosts + x)))->smtp_check + y)))).r_rcpt_to:smtprc_comb.c:221
      alloc:smtprc_comb.c:4960
      alloc:smtprc_comb.c:5000
      alloc:smtprc_comb.c:5017
      alloc:smtprc_comb.c:5036
      alloc:smtprc_comb.c:5056
      alloc:smtprc_comb.c:5091
    locks acquired at dereference: 
      <empty>
    in: FORK at smtprc_comb.c:2311 -> thread_start smtprc_comb.c:2311 -> relay_check smtprc_comb.c:2435 -> check_rcpt_to smtprc_comb.c:4009

  dereference at smtprc_comb.c:5095
    locations possibly dereferenced: 
      (*((*(((*(hosts + x)))->smtp_check + y)))).r_rcpt_to:smtprc_comb.c:221
      alloc:smtprc_comb.c:4960
      alloc:smtprc_comb.c:5000
      alloc:smtprc_comb.c:5017
      alloc:smtprc_comb.c:5036
      alloc:smtprc_comb.c:5056
      alloc:smtprc_comb.c:5091
    locks acquired at dereference: 
      <empty>
    in: main at smtprc_comb.c:757 -> start_scan smtprc_comb.c:723 -> thread_start smtprc_comb.c:2311 -> relay_check smtprc_comb.c:2435 -> check_rcpt_to smtprc_comb.c:4009

  dereference at smtprc_comb.c:3744
    locations possibly dereferenced: 
      (*((*(((*(hosts + x)))->smtp_check + y)))).r_rcpt_to:smtprc_comb.c:221
      alloc:smtprc_comb.c:4960
      alloc:smtprc_comb.c:5000
      alloc:smtprc_comb.c:5017
      alloc:smtprc_comb.c:5036
      alloc:smtprc_comb.c:5056
      alloc:smtprc_comb.c:5091
    locks acquired at dereference: 
      <empty>
    in: main at smtprc_comb.c:757 -> display_html smtprc_comb.c:764 -> print_check_details smtprc_comb.c:3066 -> print_check smtprc_comb.c:3148 -> escape_html_chars smtprc_comb.c:3581


Warning: Possible data race: alloc:smtprc_comb.c:5000 is not protected!
 references:
  dereference at smtprc_comb.c:5095
    locations possibly dereferenced: 
      (*((*(((*(hosts + x)))->smtp_check + y)))).r_rcpt_to:smtprc_comb.c:221
      alloc:smtprc_comb.c:4960
      alloc:smtprc_comb.c:5000
      alloc:smtprc_comb.c:5017
      alloc:smtprc_comb.c:5036
      alloc:smtprc_comb.c:5056
      alloc:smtprc_comb.c:5091
    locks acquired at dereference: 
      <empty>
    in: FORK at smtprc_comb.c:2311 -> thread_start smtprc_comb.c:2311 -> relay_check smtprc_comb.c:2435 -> check_rcpt_to smtprc_comb.c:4009

  dereference at smtprc_comb.c:5095
    locations possibly dereferenced: 
      (*((*(((*(hosts + x)))->smtp_check + y)))).r_rcpt_to:smtprc_comb.c:221
      alloc:smtprc_comb.c:4960
      alloc:smtprc_comb.c:5000
      alloc:smtprc_comb.c:5017
      alloc:smtprc_comb.c:5036
      alloc:smtprc_comb.c:5056
      alloc:smtprc_comb.c:5091
    locks acquired at dereference: 
      <empty>
    in: main at smtprc_comb.c:757 -> start_scan smtprc_comb.c:723 -> thread_start smtprc_comb.c:2311 -> relay_check smtprc_comb.c:2435 -> check_rcpt_to smtprc_comb.c:4009

  dereference at smtprc_comb.c:3744
    locations possibly dereferenced: 
      (*((*(((*(hosts + x)))->smtp_check + y)))).r_rcpt_to:smtprc_comb.c:221
      alloc:smtprc_comb.c:4960
      alloc:smtprc_comb.c:5000
      alloc:smtprc_comb.c:5017
      alloc:smtprc_comb.c:5036
      alloc:smtprc_comb.c:5056
      alloc:smtprc_comb.c:5091
    locks acquired at dereference: 
      <empty>
    in: main at smtprc_comb.c:757 -> display_html smtprc_comb.c:764 -> print_check_details smtprc_comb.c:3066 -> print_check smtprc_comb.c:3148 -> escape_html_chars smtprc_comb.c:3581


Warning: Possible data race: alloc:smtprc_comb.c:5017 is not protected!
 references:
  dereference at smtprc_comb.c:5095
    locations possibly dereferenced: 
      (*((*(((*(hosts + x)))->smtp_check + y)))).r_rcpt_to:smtprc_comb.c:221
      alloc:smtprc_comb.c:4960
      alloc:smtprc_comb.c:5000
      alloc:smtprc_comb.c:5017
      alloc:smtprc_comb.c:5036
      alloc:smtprc_comb.c:5056
      alloc:smtprc_comb.c:5091
    locks acquired at dereference: 
      <empty>
    in: FORK at smtprc_comb.c:2311 -> thread_start smtprc_comb.c:2311 -> relay_check smtprc_comb.c:2435 -> check_rcpt_to smtprc_comb.c:4009

  dereference at smtprc_comb.c:5095
    locations possibly dereferenced: 
      (*((*(((*(hosts + x)))->smtp_check + y)))).r_rcpt_to:smtprc_comb.c:221
      alloc:smtprc_comb.c:4960
      alloc:smtprc_comb.c:5000
      alloc:smtprc_comb.c:5017
      alloc:smtprc_comb.c:5036
      alloc:smtprc_comb.c:5056
      alloc:smtprc_comb.c:5091
    locks acquired at dereference: 
      <empty>
    in: main at smtprc_comb.c:757 -> start_scan smtprc_comb.c:723 -> thread_start smtprc_comb.c:2311 -> relay_check smtprc_comb.c:2435 -> check_rcpt_to smtprc_comb.c:4009

  dereference at smtprc_comb.c:3744
    locations possibly dereferenced: 
      (*((*(((*(hosts + x)))->smtp_check + y)))).r_rcpt_to:smtprc_comb.c:221
      alloc:smtprc_comb.c:4960
      alloc:smtprc_comb.c:5000
      alloc:smtprc_comb.c:5017
      alloc:smtprc_comb.c:5036
      alloc:smtprc_comb.c:5056
      alloc:smtprc_comb.c:5091
    locks acquired at dereference: 
      <empty>
    in: main at smtprc_comb.c:757 -> display_html smtprc_comb.c:764 -> print_check_details smtprc_comb.c:3066 -> print_check smtprc_comb.c:3148 -> escape_html_chars smtprc_comb.c:3581


Warning: Possible data race: alloc:smtprc_comb.c:5036 is not protected!
 references:
  dereference at smtprc_comb.c:5095
    locations possibly dereferenced: 
      (*((*(((*(hosts + x)))->smtp_check + y)))).r_rcpt_to:smtprc_comb.c:221
      alloc:smtprc_comb.c:4960
      alloc:smtprc_comb.c:5000
      alloc:smtprc_comb.c:5017
      alloc:smtprc_comb.c:5036
      alloc:smtprc_comb.c:5056
      alloc:smtprc_comb.c:5091
    locks acquired at dereference: 
      <empty>
    in: FORK at smtprc_comb.c:2311 -> thread_start smtprc_comb.c:2311 -> relay_check smtprc_comb.c:2435 -> check_rcpt_to smtprc_comb.c:4009

  dereference at smtprc_comb.c:5095
    locations possibly dereferenced: 
      (*((*(((*(hosts + x)))->smtp_check + y)))).r_rcpt_to:smtprc_comb.c:221
      alloc:smtprc_comb.c:4960
      alloc:smtprc_comb.c:5000
      alloc:smtprc_comb.c:5017
      alloc:smtprc_comb.c:5036
      alloc:smtprc_comb.c:5056
      alloc:smtprc_comb.c:5091
    locks acquired at dereference: 
      <empty>
    in: main at smtprc_comb.c:757 -> start_scan smtprc_comb.c:723 -> thread_start smtprc_comb.c:2311 -> relay_check smtprc_comb.c:2435 -> check_rcpt_to smtprc_comb.c:4009

  dereference at smtprc_comb.c:3744
    locations possibly dereferenced: 
      (*((*(((*(hosts + x)))->smtp_check + y)))).r_rcpt_to:smtprc_comb.c:221
      alloc:smtprc_comb.c:4960
      alloc:smtprc_comb.c:5000
      alloc:smtprc_comb.c:5017
      alloc:smtprc_comb.c:5036
      alloc:smtprc_comb.c:5056
      alloc:smtprc_comb.c:5091
    locks acquired at dereference: 
      <empty>
    in: main at smtprc_comb.c:757 -> display_html smtprc_comb.c:764 -> print_check_details smtprc_comb.c:3066 -> print_check smtprc_comb.c:3148 -> escape_html_chars smtprc_comb.c:3581


Warning: Possible data race: alloc:smtprc_comb.c:5056 is not protected!
 references:
  dereference at smtprc_comb.c:5095
    locations possibly dereferenced: 
      (*((*(((*(hosts + x)))->smtp_check + y)))).r_rcpt_to:smtprc_comb.c:221
      alloc:smtprc_comb.c:4960
      alloc:smtprc_comb.c:5000
      alloc:smtprc_comb.c:5017
      alloc:smtprc_comb.c:5036
      alloc:smtprc_comb.c:5056
      alloc:smtprc_comb.c:5091
    locks acquired at dereference: 
      <empty>
    in: FORK at smtprc_comb.c:2311 -> thread_start smtprc_comb.c:2311 -> relay_check smtprc_comb.c:2435 -> check_rcpt_to smtprc_comb.c:4009

  dereference at smtprc_comb.c:5095
    locations possibly dereferenced: 
      (*((*(((*(hosts + x)))->smtp_check + y)))).r_rcpt_to:smtprc_comb.c:221
      alloc:smtprc_comb.c:4960
      alloc:smtprc_comb.c:5000
      alloc:smtprc_comb.c:5017
      alloc:smtprc_comb.c:5036
      alloc:smtprc_comb.c:5056
      alloc:smtprc_comb.c:5091
    locks acquired at dereference: 
      <empty>
    in: main at smtprc_comb.c:757 -> start_scan smtprc_comb.c:723 -> thread_start smtprc_comb.c:2311 -> relay_check smtprc_comb.c:2435 -> check_rcpt_to smtprc_comb.c:4009

  dereference at smtprc_comb.c:3744
    locations possibly dereferenced: 
      (*((*(((*(hosts + x)))->smtp_check + y)))).r_rcpt_to:smtprc_comb.c:221
      alloc:smtprc_comb.c:4960
      alloc:smtprc_comb.c:5000
      alloc:smtprc_comb.c:5017
      alloc:smtprc_comb.c:5036
      alloc:smtprc_comb.c:5056
      alloc:smtprc_comb.c:5091
    locks acquired at dereference: 
      <empty>
    in: main at smtprc_comb.c:757 -> display_html smtprc_comb.c:764 -> print_check_details smtprc_comb.c:3066 -> print_check smtprc_comb.c:3148 -> escape_html_chars smtprc_comb.c:3581


Warning: Possible data race: alloc:smtprc_comb.c:5091 is not protected!
 references:
  dereference at smtprc_comb.c:5095
    locations possibly dereferenced: 
      (*((*(((*(hosts + x)))->smtp_check + y)))).r_rcpt_to:smtprc_comb.c:221
      alloc:smtprc_comb.c:4960
      alloc:smtprc_comb.c:5000
      alloc:smtprc_comb.c:5017
      alloc:smtprc_comb.c:5036
      alloc:smtprc_comb.c:5056
      alloc:smtprc_comb.c:5091
    locks acquired at dereference: 
      <empty>
    in: FORK at smtprc_comb.c:2311 -> thread_start smtprc_comb.c:2311 -> relay_check smtprc_comb.c:2435 -> check_rcpt_to smtprc_comb.c:4009

  dereference at smtprc_comb.c:5095
    locations possibly dereferenced: 
      (*((*(((*(hosts + x)))->smtp_check + y)))).r_rcpt_to:smtprc_comb.c:221
      alloc:smtprc_comb.c:4960
      alloc:smtprc_comb.c:5000
      alloc:smtprc_comb.c:5017
      alloc:smtprc_comb.c:5036
      alloc:smtprc_comb.c:5056
      alloc:smtprc_comb.c:5091
    locks acquired at dereference: 
      <empty>
    in: main at smtprc_comb.c:757 -> start_scan smtprc_comb.c:723 -> thread_start smtprc_comb.c:2311 -> relay_check smtprc_comb.c:2435 -> check_rcpt_to smtprc_comb.c:4009

  dereference at smtprc_comb.c:3744
    locations possibly dereferenced: 
      (*((*(((*(hosts + x)))->smtp_check + y)))).r_rcpt_to:smtprc_comb.c:221
      alloc:smtprc_comb.c:4960
      alloc:smtprc_comb.c:5000
      alloc:smtprc_comb.c:5017
      alloc:smtprc_comb.c:5036
      alloc:smtprc_comb.c:5056
      alloc:smtprc_comb.c:5091
    locks acquired at dereference: 
      <empty>
    in: main at smtprc_comb.c:757 -> display_html smtprc_comb.c:764 -> print_check_details smtprc_comb.c:3066 -> print_check smtprc_comb.c:3148 -> escape_html_chars smtprc_comb.c:3581


Warning: Possible data race: alloc:smtprc_comb.c:5158 is not protected!
 references:
  dereference at smtprc_comb.c:5245
    locations possibly dereferenced: 
      (*((*(((*(hosts + x)))->smtp_check + y)))).r_data_start:smtprc_comb.c:221
      alloc:smtprc_comb.c:5158
      alloc:smtprc_comb.c:5187
      alloc:smtprc_comb.c:5204
      alloc:smtprc_comb.c:5223
      alloc:smtprc_comb.c:5241
    locks acquired at dereference: 
      <empty>
    in: FORK at smtprc_comb.c:2311 -> thread_start smtprc_comb.c:2311 -> relay_check smtprc_comb.c:2435 -> check_send_data_start smtprc_comb.c:4024

  dereference at smtprc_comb.c:5245
    locations possibly dereferenced: 
      (*((*(((*(hosts + x)))->smtp_check + y)))).r_data_start:smtprc_comb.c:221
      alloc:smtprc_comb.c:5158
      alloc:smtprc_comb.c:5187
      alloc:smtprc_comb.c:5204
      alloc:smtprc_comb.c:5223
      alloc:smtprc_comb.c:5241
    locks acquired at dereference: 
      <empty>
    in: main at smtprc_comb.c:757 -> start_scan smtprc_comb.c:723 -> thread_start smtprc_comb.c:2311 -> relay_check smtprc_comb.c:2435 -> check_send_data_start smtprc_comb.c:4024

  dereference at smtprc_comb.c:3744
    locations possibly dereferenced: 
      (*((*(((*(hosts + x)))->smtp_check + y)))).r_data_start:smtprc_comb.c:221
      alloc:smtprc_comb.c:5158
      alloc:smtprc_comb.c:5187
      alloc:smtprc_comb.c:5204
      alloc:smtprc_comb.c:5223
      alloc:smtprc_comb.c:5241
    locks acquired at dereference: 
      <empty>
    in: main at smtprc_comb.c:757 -> display_html smtprc_comb.c:764 -> print_check_details smtprc_comb.c:3066 -> print_check smtprc_comb.c:3148 -> escape_html_chars smtprc_comb.c:3603


Warning: Possible data race: alloc:smtprc_comb.c:5187 is not protected!
 references:
  dereference at smtprc_comb.c:5245
    locations possibly dereferenced: 
      (*((*(((*(hosts + x)))->smtp_check + y)))).r_data_start:smtprc_comb.c:221
      alloc:smtprc_comb.c:5158
      alloc:smtprc_comb.c:5187
      alloc:smtprc_comb.c:5204
      alloc:smtprc_comb.c:5223
      alloc:smtprc_comb.c:5241
    locks acquired at dereference: 
      <empty>
    in: FORK at smtprc_comb.c:2311 -> thread_start smtprc_comb.c:2311 -> relay_check smtprc_comb.c:2435 -> check_send_data_start smtprc_comb.c:4024

  dereference at smtprc_comb.c:5245
    locations possibly dereferenced: 
      (*((*(((*(hosts + x)))->smtp_check + y)))).r_data_start:smtprc_comb.c:221
      alloc:smtprc_comb.c:5158
      alloc:smtprc_comb.c:5187
      alloc:smtprc_comb.c:5204
      alloc:smtprc_comb.c:5223
      alloc:smtprc_comb.c:5241
    locks acquired at dereference: 
      <empty>
    in: main at smtprc_comb.c:757 -> start_scan smtprc_comb.c:723 -> thread_start smtprc_comb.c:2311 -> relay_check smtprc_comb.c:2435 -> check_send_data_start smtprc_comb.c:4024

  dereference at smtprc_comb.c:3744
    locations possibly dereferenced: 
      (*((*(((*(hosts + x)))->smtp_check + y)))).r_data_start:smtprc_comb.c:221
      alloc:smtprc_comb.c:5158
      alloc:smtprc_comb.c:5187
      alloc:smtprc_comb.c:5204
      alloc:smtprc_comb.c:5223
      alloc:smtprc_comb.c:5241
    locks acquired at dereference: 
      <empty>
    in: main at smtprc_comb.c:757 -> display_html smtprc_comb.c:764 -> print_check_details smtprc_comb.c:3066 -> print_check smtprc_comb.c:3148 -> escape_html_chars smtprc_comb.c:3603


Warning: Possible data race: alloc:smtprc_comb.c:5204 is not protected!
 references:
  dereference at smtprc_comb.c:5245
    locations possibly dereferenced: 
      (*((*(((*(hosts + x)))->smtp_check + y)))).r_data_start:smtprc_comb.c:221
      alloc:smtprc_comb.c:5158
      alloc:smtprc_comb.c:5187
      alloc:smtprc_comb.c:5204
      alloc:smtprc_comb.c:5223
      alloc:smtprc_comb.c:5241
    locks acquired at dereference: 
      <empty>
    in: FORK at smtprc_comb.c:2311 -> thread_start smtprc_comb.c:2311 -> relay_check smtprc_comb.c:2435 -> check_send_data_start smtprc_comb.c:4024

  dereference at smtprc_comb.c:5245
    locations possibly dereferenced: 
      (*((*(((*(hosts + x)))->smtp_check + y)))).r_data_start:smtprc_comb.c:221
      alloc:smtprc_comb.c:5158
      alloc:smtprc_comb.c:5187
      alloc:smtprc_comb.c:5204
      alloc:smtprc_comb.c:5223
      alloc:smtprc_comb.c:5241
    locks acquired at dereference: 
      <empty>
    in: main at smtprc_comb.c:757 -> start_scan smtprc_comb.c:723 -> thread_start smtprc_comb.c:2311 -> relay_check smtprc_comb.c:2435 -> check_send_data_start smtprc_comb.c:4024

  dereference at smtprc_comb.c:3744
    locations possibly dereferenced: 
      (*((*(((*(hosts + x)))->smtp_check + y)))).r_data_start:smtprc_comb.c:221
      alloc:smtprc_comb.c:5158
      alloc:smtprc_comb.c:5187
      alloc:smtprc_comb.c:5204
      alloc:smtprc_comb.c:5223
      alloc:smtprc_comb.c:5241
    locks acquired at dereference: 
      <empty>
    in: main at smtprc_comb.c:757 -> display_html smtprc_comb.c:764 -> print_check_details smtprc_comb.c:3066 -> print_check smtprc_comb.c:3148 -> escape_html_chars smtprc_comb.c:3603


Warning: Possible data race: alloc:smtprc_comb.c:5223 is not protected!
 references:
  dereference at smtprc_comb.c:5245
    locations possibly dereferenced: 
      (*((*(((*(hosts + x)))->smtp_check + y)))).r_data_start:smtprc_comb.c:221
      alloc:smtprc_comb.c:5158
      alloc:smtprc_comb.c:5187
      alloc:smtprc_comb.c:5204
      alloc:smtprc_comb.c:5223
      alloc:smtprc_comb.c:5241
    locks acquired at dereference: 
      <empty>
    in: FORK at smtprc_comb.c:2311 -> thread_start smtprc_comb.c:2311 -> relay_check smtprc_comb.c:2435 -> check_send_data_start smtprc_comb.c:4024

  dereference at smtprc_comb.c:5245
    locations possibly dereferenced: 
      (*((*(((*(hosts + x)))->smtp_check + y)))).r_data_start:smtprc_comb.c:221
      alloc:smtprc_comb.c:5158
      alloc:smtprc_comb.c:5187
      alloc:smtprc_comb.c:5204
      alloc:smtprc_comb.c:5223
      alloc:smtprc_comb.c:5241
    locks acquired at dereference: 
      <empty>
    in: main at smtprc_comb.c:757 -> start_scan smtprc_comb.c:723 -> thread_start smtprc_comb.c:2311 -> relay_check smtprc_comb.c:2435 -> check_send_data_start smtprc_comb.c:4024

  dereference at smtprc_comb.c:3744
    locations possibly dereferenced: 
      (*((*(((*(hosts + x)))->smtp_check + y)))).r_data_start:smtprc_comb.c:221
      alloc:smtprc_comb.c:5158
      alloc:smtprc_comb.c:5187
      alloc:smtprc_comb.c:5204
      alloc:smtprc_comb.c:5223
      alloc:smtprc_comb.c:5241
    locks acquired at dereference: 
      <empty>
    in: main at smtprc_comb.c:757 -> display_html smtprc_comb.c:764 -> print_check_details smtprc_comb.c:3066 -> print_check smtprc_comb.c:3148 -> escape_html_chars smtprc_comb.c:3603


Warning: Possible data race: alloc:smtprc_comb.c:5241 is not protected!
 references:
  dereference at smtprc_comb.c:5245
    locations possibly dereferenced: 
      (*((*(((*(hosts + x)))->smtp_check + y)))).r_data_start:smtprc_comb.c:221
      alloc:smtprc_comb.c:5158
      alloc:smtprc_comb.c:5187
      alloc:smtprc_comb.c:5204
      alloc:smtprc_comb.c:5223
      alloc:smtprc_comb.c:5241
    locks acquired at dereference: 
      <empty>
    in: FORK at smtprc_comb.c:2311 -> thread_start smtprc_comb.c:2311 -> relay_check smtprc_comb.c:2435 -> check_send_data_start smtprc_comb.c:4024

  dereference at smtprc_comb.c:5245
    locations possibly dereferenced: 
      (*((*(((*(hosts + x)))->smtp_check + y)))).r_data_start:smtprc_comb.c:221
      alloc:smtprc_comb.c:5158
      alloc:smtprc_comb.c:5187
      alloc:smtprc_comb.c:5204
      alloc:smtprc_comb.c:5223
      alloc:smtprc_comb.c:5241
    locks acquired at dereference: 
      <empty>
    in: main at smtprc_comb.c:757 -> start_scan smtprc_comb.c:723 -> thread_start smtprc_comb.c:2311 -> relay_check smtprc_comb.c:2435 -> check_send_data_start smtprc_comb.c:4024

  dereference at smtprc_comb.c:3744
    locations possibly dereferenced: 
      (*((*(((*(hosts + x)))->smtp_check + y)))).r_data_start:smtprc_comb.c:221
      alloc:smtprc_comb.c:5158
      alloc:smtprc_comb.c:5187
      alloc:smtprc_comb.c:5204
      alloc:smtprc_comb.c:5223
      alloc:smtprc_comb.c:5241
    locks acquired at dereference: 
      <empty>
    in: main at smtprc_comb.c:757 -> display_html smtprc_comb.c:764 -> print_check_details smtprc_comb.c:3066 -> print_check smtprc_comb.c:3148 -> escape_html_chars smtprc_comb.c:3603


Warning: Possible data race: alloc:smtprc_comb.c:5338 is not protected!
 references:
  dereference at smtprc_comb.c:5450
    locations possibly dereferenced: 
      (*((*(((*(hosts + x)))->smtp_check + y)))).r_data_end:smtprc_comb.c:221
      alloc:smtprc_comb.c:5338
      alloc:smtprc_comb.c:5355
      alloc:smtprc_comb.c:5374
      alloc:smtprc_comb.c:5394
      alloc:smtprc_comb.c:5426
      alloc:smtprc_comb.c:5446
    locks acquired at dereference: 
      <empty>
    in: FORK at smtprc_comb.c:2311 -> thread_start smtprc_comb.c:2311 -> relay_check smtprc_comb.c:2435 -> check_send_data smtprc_comb.c:4039

  dereference at smtprc_comb.c:5450
    locations possibly dereferenced: 
      (*((*(((*(hosts + x)))->smtp_check + y)))).r_data_end:smtprc_comb.c:221
      alloc:smtprc_comb.c:5338
      alloc:smtprc_comb.c:5355
      alloc:smtprc_comb.c:5374
      alloc:smtprc_comb.c:5394
      alloc:smtprc_comb.c:5426
      alloc:smtprc_comb.c:5446
    locks acquired at dereference: 
      <empty>
    in: main at smtprc_comb.c:757 -> start_scan smtprc_comb.c:723 -> thread_start smtprc_comb.c:2311 -> relay_check smtprc_comb.c:2435 -> check_send_data smtprc_comb.c:4039

  dereference at smtprc_comb.c:3744
    locations possibly dereferenced: 
      (*((*(((*(hosts + x)))->smtp_check + y)))).r_data_end:smtprc_comb.c:221
      alloc:smtprc_comb.c:5338
      alloc:smtprc_comb.c:5355
      alloc:smtprc_comb.c:5374
      alloc:smtprc_comb.c:5394
      alloc:smtprc_comb.c:5426
      alloc:smtprc_comb.c:5446
    locks acquired at dereference: 
      <empty>
    in: main at smtprc_comb.c:757 -> display_html smtprc_comb.c:764 -> print_check_details smtprc_comb.c:3066 -> print_check smtprc_comb.c:3148 -> escape_html_chars smtprc_comb.c:3628


Warning: Possible data race: alloc:smtprc_comb.c:5355 is not protected!
 references:
  dereference at smtprc_comb.c:5450
    locations possibly dereferenced: 
      (*((*(((*(hosts + x)))->smtp_check + y)))).r_data_end:smtprc_comb.c:221
      alloc:smtprc_comb.c:5338
      alloc:smtprc_comb.c:5355
      alloc:smtprc_comb.c:5374
      alloc:smtprc_comb.c:5394
      alloc:smtprc_comb.c:5426
      alloc:smtprc_comb.c:5446
    locks acquired at dereference: 
      <empty>
    in: FORK at smtprc_comb.c:2311 -> thread_start smtprc_comb.c:2311 -> relay_check smtprc_comb.c:2435 -> check_send_data smtprc_comb.c:4039

  dereference at smtprc_comb.c:5450
    locations possibly dereferenced: 
      (*((*(((*(hosts + x)))->smtp_check + y)))).r_data_end:smtprc_comb.c:221
      alloc:smtprc_comb.c:5338
      alloc:smtprc_comb.c:5355
      alloc:smtprc_comb.c:5374
      alloc:smtprc_comb.c:5394
      alloc:smtprc_comb.c:5426
      alloc:smtprc_comb.c:5446
    locks acquired at dereference: 
      <empty>
    in: main at smtprc_comb.c:757 -> start_scan smtprc_comb.c:723 -> thread_start smtprc_comb.c:2311 -> relay_check smtprc_comb.c:2435 -> check_send_data smtprc_comb.c:4039

  dereference at smtprc_comb.c:3744
    locations possibly dereferenced: 
      (*((*(((*(hosts + x)))->smtp_check + y)))).r_data_end:smtprc_comb.c:221
      alloc:smtprc_comb.c:5338
      alloc:smtprc_comb.c:5355
      alloc:smtprc_comb.c:5374
      alloc:smtprc_comb.c:5394
      alloc:smtprc_comb.c:5426
      alloc:smtprc_comb.c:5446
    locks acquired at dereference: 
      <empty>
    in: main at smtprc_comb.c:757 -> display_html smtprc_comb.c:764 -> print_check_details smtprc_comb.c:3066 -> print_check smtprc_comb.c:3148 -> escape_html_chars smtprc_comb.c:3628


Warning: Possible data race: alloc:smtprc_comb.c:5374 is not protected!
 references:
  dereference at smtprc_comb.c:5450
    locations possibly dereferenced: 
      (*((*(((*(hosts + x)))->smtp_check + y)))).r_data_end:smtprc_comb.c:221
      alloc:smtprc_comb.c:5338
      alloc:smtprc_comb.c:5355
      alloc:smtprc_comb.c:5374
      alloc:smtprc_comb.c:5394
      alloc:smtprc_comb.c:5426
      alloc:smtprc_comb.c:5446
    locks acquired at dereference: 
      <empty>
    in: FORK at smtprc_comb.c:2311 -> thread_start smtprc_comb.c:2311 -> relay_check smtprc_comb.c:2435 -> check_send_data smtprc_comb.c:4039

  dereference at smtprc_comb.c:5450
    locations possibly dereferenced: 
      (*((*(((*(hosts + x)))->smtp_check + y)))).r_data_end:smtprc_comb.c:221
      alloc:smtprc_comb.c:5338
      alloc:smtprc_comb.c:5355
      alloc:smtprc_comb.c:5374
      alloc:smtprc_comb.c:5394
      alloc:smtprc_comb.c:5426
      alloc:smtprc_comb.c:5446
    locks acquired at dereference: 
      <empty>
    in: main at smtprc_comb.c:757 -> start_scan smtprc_comb.c:723 -> thread_start smtprc_comb.c:2311 -> relay_check smtprc_comb.c:2435 -> check_send_data smtprc_comb.c:4039

  dereference at smtprc_comb.c:3744
    locations possibly dereferenced: 
      (*((*(((*(hosts + x)))->smtp_check + y)))).r_data_end:smtprc_comb.c:221
      alloc:smtprc_comb.c:5338
      alloc:smtprc_comb.c:5355
      alloc:smtprc_comb.c:5374
      alloc:smtprc_comb.c:5394
      alloc:smtprc_comb.c:5426
      alloc:smtprc_comb.c:5446
    locks acquired at dereference: 
      <empty>
    in: main at smtprc_comb.c:757 -> display_html smtprc_comb.c:764 -> print_check_details smtprc_comb.c:3066 -> print_check smtprc_comb.c:3148 -> escape_html_chars smtprc_comb.c:3628


Warning: Possible data race: alloc:smtprc_comb.c:5394 is not protected!
 references:
  dereference at smtprc_comb.c:5450
    locations possibly dereferenced: 
      (*((*(((*(hosts + x)))->smtp_check + y)))).r_data_end:smtprc_comb.c:221
      alloc:smtprc_comb.c:5338
      alloc:smtprc_comb.c:5355
      alloc:smtprc_comb.c:5374
      alloc:smtprc_comb.c:5394
      alloc:smtprc_comb.c:5426
      alloc:smtprc_comb.c:5446
    locks acquired at dereference: 
      <empty>
    in: FORK at smtprc_comb.c:2311 -> thread_start smtprc_comb.c:2311 -> relay_check smtprc_comb.c:2435 -> check_send_data smtprc_comb.c:4039

  dereference at smtprc_comb.c:5450
    locations possibly dereferenced: 
      (*((*(((*(hosts + x)))->smtp_check + y)))).r_data_end:smtprc_comb.c:221
      alloc:smtprc_comb.c:5338
      alloc:smtprc_comb.c:5355
      alloc:smtprc_comb.c:5374
      alloc:smtprc_comb.c:5394
      alloc:smtprc_comb.c:5426
      alloc:smtprc_comb.c:5446
    locks acquired at dereference: 
      <empty>
    in: main at smtprc_comb.c:757 -> start_scan smtprc_comb.c:723 -> thread_start smtprc_comb.c:2311 -> relay_check smtprc_comb.c:2435 -> check_send_data smtprc_comb.c:4039

  dereference at smtprc_comb.c:3744
    locations possibly dereferenced: 
      (*((*(((*(hosts + x)))->smtp_check + y)))).r_data_end:smtprc_comb.c:221
      alloc:smtprc_comb.c:5338
      alloc:smtprc_comb.c:5355
      alloc:smtprc_comb.c:5374
      alloc:smtprc_comb.c:5394
      alloc:smtprc_comb.c:5426
      alloc:smtprc_comb.c:5446
    locks acquired at dereference: 
      <empty>
    in: main at smtprc_comb.c:757 -> display_html smtprc_comb.c:764 -> print_check_details smtprc_comb.c:3066 -> print_check smtprc_comb.c:3148 -> escape_html_chars smtprc_comb.c:3628


Warning: Possible data race: alloc:smtprc_comb.c:5426 is not protected!
 references:
  dereference at smtprc_comb.c:5450
    locations possibly dereferenced: 
      (*((*(((*(hosts + x)))->smtp_check + y)))).r_data_end:smtprc_comb.c:221
      alloc:smtprc_comb.c:5338
      alloc:smtprc_comb.c:5355
      alloc:smtprc_comb.c:5374
      alloc:smtprc_comb.c:5394
      alloc:smtprc_comb.c:5426
      alloc:smtprc_comb.c:5446
    locks acquired at dereference: 
      <empty>
    in: FORK at smtprc_comb.c:2311 -> thread_start smtprc_comb.c:2311 -> relay_check smtprc_comb.c:2435 -> check_send_data smtprc_comb.c:4039

  dereference at smtprc_comb.c:5450
    locations possibly dereferenced: 
      (*((*(((*(hosts + x)))->smtp_check + y)))).r_data_end:smtprc_comb.c:221
      alloc:smtprc_comb.c:5338
      alloc:smtprc_comb.c:5355
      alloc:smtprc_comb.c:5374
      alloc:smtprc_comb.c:5394
      alloc:smtprc_comb.c:5426
      alloc:smtprc_comb.c:5446
    locks acquired at dereference: 
      <empty>
    in: main at smtprc_comb.c:757 -> start_scan smtprc_comb.c:723 -> thread_start smtprc_comb.c:2311 -> relay_check smtprc_comb.c:2435 -> check_send_data smtprc_comb.c:4039

  dereference at smtprc_comb.c:3744
    locations possibly dereferenced: 
      (*((*(((*(hosts + x)))->smtp_check + y)))).r_data_end:smtprc_comb.c:221
      alloc:smtprc_comb.c:5338
      alloc:smtprc_comb.c:5355
      alloc:smtprc_comb.c:5374
      alloc:smtprc_comb.c:5394
      alloc:smtprc_comb.c:5426
      alloc:smtprc_comb.c:5446
    locks acquired at dereference: 
      <empty>
    in: main at smtprc_comb.c:757 -> display_html smtprc_comb.c:764 -> print_check_details smtprc_comb.c:3066 -> print_check smtprc_comb.c:3148 -> escape_html_chars smtprc_comb.c:3628


Warning: Possible data race: alloc:smtprc_comb.c:5446 is not protected!
 references:
  dereference at smtprc_comb.c:5450
    locations possibly dereferenced: 
      (*((*(((*(hosts + x)))->smtp_check + y)))).r_data_end:smtprc_comb.c:221
      alloc:smtprc_comb.c:5338
      alloc:smtprc_comb.c:5355
      alloc:smtprc_comb.c:5374
      alloc:smtprc_comb.c:5394
      alloc:smtprc_comb.c:5426
      alloc:smtprc_comb.c:5446
    locks acquired at dereference: 
      <empty>
    in: FORK at smtprc_comb.c:2311 -> thread_start smtprc_comb.c:2311 -> relay_check smtprc_comb.c:2435 -> check_send_data smtprc_comb.c:4039

  dereference at smtprc_comb.c:5450
    locations possibly dereferenced: 
      (*((*(((*(hosts + x)))->smtp_check + y)))).r_data_end:smtprc_comb.c:221
      alloc:smtprc_comb.c:5338
      alloc:smtprc_comb.c:5355
      alloc:smtprc_comb.c:5374
      alloc:smtprc_comb.c:5394
      alloc:smtprc_comb.c:5426
      alloc:smtprc_comb.c:5446
    locks acquired at dereference: 
      <empty>
    in: main at smtprc_comb.c:757 -> start_scan smtprc_comb.c:723 -> thread_start smtprc_comb.c:2311 -> relay_check smtprc_comb.c:2435 -> check_send_data smtprc_comb.c:4039

  dereference at smtprc_comb.c:3744
    locations possibly dereferenced: 
      (*((*(((*(hosts + x)))->smtp_check + y)))).r_data_end:smtprc_comb.c:221
      alloc:smtprc_comb.c:5338
      alloc:smtprc_comb.c:5355
      alloc:smtprc_comb.c:5374
      alloc:smtprc_comb.c:5394
      alloc:smtprc_comb.c:5426
      alloc:smtprc_comb.c:5446
    locks acquired at dereference: 
      <empty>
    in: main at smtprc_comb.c:757 -> display_html smtprc_comb.c:764 -> print_check_details smtprc_comb.c:3066 -> print_check smtprc_comb.c:3148 -> escape_html_chars smtprc_comb.c:3628


Warning: Possible data race: alloc:smtprc_comb.c:5503 is not protected!
 references:
  dereference at smtprc_comb.c:5519
    locations possibly dereferenced: 
      (*((*(((*(hosts + x)))->smtp_check + y)))).r_reset:smtprc_comb.c:221
      alloc:smtprc_comb.c:5503
      alloc:smtprc_comb.c:5515
    locks acquired at dereference: 
      <empty>
    in: FORK at smtprc_comb.c:2311 -> thread_start smtprc_comb.c:2311 -> relay_check smtprc_comb.c:2435 -> reset_smtp smtprc_comb.c:4058

  dereference at smtprc_comb.c:5519
    locations possibly dereferenced: 
      (*((*(((*(hosts + x)))->smtp_check + y)))).r_reset:smtprc_comb.c:221
      alloc:smtprc_comb.c:5503
      alloc:smtprc_comb.c:5515
    locks acquired at dereference: 
      <empty>
    in: main at smtprc_comb.c:757 -> start_scan smtprc_comb.c:723 -> thread_start smtprc_comb.c:2311 -> relay_check smtprc_comb.c:2435 -> reset_smtp smtprc_comb.c:4058

  dereference at smtprc_comb.c:3744
    locations possibly dereferenced: 
      (*((*(((*(hosts + x)))->smtp_check + y)))).r_reset:smtprc_comb.c:221
      alloc:smtprc_comb.c:5503
      alloc:smtprc_comb.c:5515
    locks acquired at dereference: 
      <empty>
    in: main at smtprc_comb.c:757 -> display_html smtprc_comb.c:764 -> print_check_details smtprc_comb.c:3066 -> print_check smtprc_comb.c:3148 -> escape_html_chars smtprc_comb.c:3638


Warning: Possible data race: alloc:smtprc_comb.c:5515 is not protected!
 references:
  dereference at smtprc_comb.c:5519
    locations possibly dereferenced: 
      (*((*(((*(hosts + x)))->smtp_check + y)))).r_reset:smtprc_comb.c:221
      alloc:smtprc_comb.c:5503
      alloc:smtprc_comb.c:5515
    locks acquired at dereference: 
      <empty>
    in: FORK at smtprc_comb.c:2311 -> thread_start smtprc_comb.c:2311 -> relay_check smtprc_comb.c:2435 -> reset_smtp smtprc_comb.c:4058

  dereference at smtprc_comb.c:5519
    locations possibly dereferenced: 
      (*((*(((*(hosts + x)))->smtp_check + y)))).r_reset:smtprc_comb.c:221
      alloc:smtprc_comb.c:5503
      alloc:smtprc_comb.c:5515
    locks acquired at dereference: 
      <empty>
    in: main at smtprc_comb.c:757 -> start_scan smtprc_comb.c:723 -> thread_start smtprc_comb.c:2311 -> relay_check smtprc_comb.c:2435 -> reset_smtp smtprc_comb.c:4058

  dereference at smtprc_comb.c:3744
    locations possibly dereferenced: 
      (*((*(((*(hosts + x)))->smtp_check + y)))).r_reset:smtprc_comb.c:221
      alloc:smtprc_comb.c:5503
      alloc:smtprc_comb.c:5515
    locks acquired at dereference: 
      <empty>
    in: main at smtprc_comb.c:757 -> display_html smtprc_comb.c:764 -> print_check_details smtprc_comb.c:3066 -> print_check smtprc_comb.c:3148 -> escape_html_chars smtprc_comb.c:3638


Warning: Possible data race: alloc:smtprc_comb.c:5565 is not protected!
 references:
  dereference at smtprc_comb.c:5579
    locations possibly dereferenced: 
      (*((*(hosts + x)))).r_quit:smtprc_comb.c:221
      alloc:smtprc_comb.c:5565
      alloc:smtprc_comb.c:5576
    locks acquired at dereference: 
      <empty>
    in: FORK at smtprc_comb.c:2311 -> thread_start smtprc_comb.c:2311 -> relay_check smtprc_comb.c:2435 -> quit_smtp smtprc_comb.c:4067

  dereference at smtprc_comb.c:5579
    locations possibly dereferenced: 
      (*((*(hosts + x)))).r_quit:smtprc_comb.c:221
      alloc:smtprc_comb.c:5565
      alloc:smtprc_comb.c:5576
    locks acquired at dereference: 
      <empty>
    in: main at smtprc_comb.c:757 -> start_scan smtprc_comb.c:723 -> thread_start smtprc_comb.c:2311 -> relay_check smtprc_comb.c:2435 -> quit_smtp smtprc_comb.c:4067


Warning: Possible data race: alloc:smtprc_comb.c:5576 is not protected!
 references:
  dereference at smtprc_comb.c:5579
    locations possibly dereferenced: 
      (*((*(hosts + x)))).r_quit:smtprc_comb.c:221
      alloc:smtprc_comb.c:5565
      alloc:smtprc_comb.c:5576
    locks acquired at dereference: 
      <empty>
    in: FORK at smtprc_comb.c:2311 -> thread_start smtprc_comb.c:2311 -> relay_check smtprc_comb.c:2435 -> quit_smtp smtprc_comb.c:4067

  dereference at smtprc_comb.c:5579
    locations possibly dereferenced: 
      (*((*(hosts + x)))).r_quit:smtprc_comb.c:221
      alloc:smtprc_comb.c:5565
      alloc:smtprc_comb.c:5576
    locks acquired at dereference: 
      <empty>
    in: main at smtprc_comb.c:757 -> start_scan smtprc_comb.c:723 -> thread_start smtprc_comb.c:2311 -> relay_check smtprc_comb.c:2435 -> quit_smtp smtprc_comb.c:4067


Warning: Possible data race: alloc.error_code:smtprc_comb.c:2429 is not protected!
 references:
  dereference at smtprc_comb.c:2432
    locations possibly dereferenced: 
      (*((*(((*(hosts + x)))->smtp_check + y)))).error_code:smtprc_comb.c:221
      alloc.error_code:smtprc_comb.c:2429
    locks acquired at dereference: 
      <empty>
    in: FORK at smtprc_comb.c:2311 -> thread_start smtprc_comb.c:2311

  dereference at smtprc_comb.c:2432
    locations possibly dereferenced: 
      (*((*(((*(hosts + x)))->smtp_check + y)))).error_code:smtprc_comb.c:221
      alloc.error_code:smtprc_comb.c:2429
    locks acquired at dereference: 
      <empty>
    in: main at smtprc_comb.c:757 -> start_scan smtprc_comb.c:723 -> thread_start smtprc_comb.c:2311

  dereference at smtprc_comb.c:2872
    locations possibly dereferenced: 
      (*((*(((*(hosts + x)))->smtp_check + y)))).error_code:smtprc_comb.c:221
      alloc.error_code:smtprc_comb.c:2429
    locks acquired at dereference: 
      <empty>
    in: main at smtprc_comb.c:757 -> display_html smtprc_comb.c:764


Warning: Possible data race: alloc.failed:smtprc_comb.c:2429 is not protected!
 references:
  dereference at smtprc_comb.c:2430
    locations possibly dereferenced: 
      (*((*(((*(hosts + x)))->smtp_check + tmp___4)))).failed:smtprc_comb.c:221
      alloc.failed:smtprc_comb.c:2429
    locks acquired at dereference: 
      <empty>
    in: FORK at smtprc_comb.c:2311 -> thread_start smtprc_comb.c:2311

  dereference at smtprc_comb.c:2430
    locations possibly dereferenced: 
      (*((*(((*(hosts + x)))->smtp_check + tmp___4)))).failed:smtprc_comb.c:221
      alloc.failed:smtprc_comb.c:2429
    locks acquired at dereference: 
      <empty>
    in: main at smtprc_comb.c:757 -> start_scan smtprc_comb.c:723 -> thread_start smtprc_comb.c:2311

  dereference at smtprc_comb.c:298
    locations possibly dereferenced: 
      (*((*(((*(hosts + x)))->smtp_check + tmp___4)))).failed:smtprc_comb.c:221
      alloc.failed:smtprc_comb.c:2429
    locks acquired at dereference: 
      <empty>
    in: main at smtprc_comb.c:757 -> parse_mbox smtprc_comb.c:754 -> check_mail_file smtprc_comb.c:2065

  dereference at smtprc_comb.c:298
    locations possibly dereferenced: 
      (*((*(((*(hosts + x)))->smtp_check + tmp___4)))).failed:smtprc_comb.c:221
      alloc.failed:smtprc_comb.c:2429
    locks acquired at dereference: 
      <empty>
    in: main at smtprc_comb.c:757 -> parse_maildir smtprc_comb.c:751 -> check_mail_file smtprc_comb.c:2152

  dereference at smtprc_comb.c:2871
    locations possibly dereferenced: 
      (*((*(((*(hosts + x)))->smtp_check + tmp___4)))).failed:smtprc_comb.c:221
      alloc.failed:smtprc_comb.c:2429
    locks acquired at dereference: 
      <empty>
    in: main at smtprc_comb.c:757 -> display_html smtprc_comb.c:764


Warning: Possible data race: alloc.passed:smtprc_comb.c:2429 is not protected!
 references:
  dereference at smtprc_comb.c:2431
    locations possibly dereferenced: 
      (*((*(((*(hosts + x)))->smtp_check + y)))).passed:smtprc_comb.c:221
      alloc.passed:smtprc_comb.c:2429
    locks acquired at dereference: 
      <empty>
    in: FORK at smtprc_comb.c:2311 -> thread_start smtprc_comb.c:2311

  dereference at smtprc_comb.c:2431
    locations possibly dereferenced: 
      (*((*(((*(hosts + x)))->smtp_check + y)))).passed:smtprc_comb.c:221
      alloc.passed:smtprc_comb.c:2429
    locks acquired at dereference: 
      <empty>
    in: main at smtprc_comb.c:757 -> start_scan smtprc_comb.c:723 -> thread_start smtprc_comb.c:2311

  dereference at smtprc_comb.c:3116
    locations possibly dereferenced: 
      (*((*(((*(hosts + x)))->smtp_check + y)))).passed:smtprc_comb.c:221
      alloc.passed:smtprc_comb.c:2429
    locks acquired at dereference: 
      <empty>
    in: main at smtprc_comb.c:757 -> display_html smtprc_comb.c:764 -> print_check_details smtprc_comb.c:3066


Warning: Possible data race: alloc.smtp_open:smtprc_comb.c:1046 is not protected!
 references:
  dereference at smtprc_comb.c:2423
    locations possibly dereferenced: 
      (*((*(hosts + x)))).smtp_open:smtprc_comb.c:221
      alloc.smtp_open:smtprc_comb.c:1046
    locks acquired at dereference: 
      <empty>
    in: FORK at smtprc_comb.c:2311 -> thread_start smtprc_comb.c:2311

  dereference at smtprc_comb.c:250
    locations possibly dereferenced: 
      (*((*(hosts + x)))).smtp_open:smtprc_comb.c:221
      alloc.smtp_open:smtprc_comb.c:1046
    locks acquired at dereference: 
      <empty>
    in: main at smtprc_comb.c:757 -> parse_mbox smtprc_comb.c:754 -> check_mail_file smtprc_comb.c:2065

  dereference at smtprc_comb.c:250
    locations possibly dereferenced: 
      (*((*(hosts + x)))).smtp_open:smtprc_comb.c:221
      alloc.smtp_open:smtprc_comb.c:1046
    locks acquired at dereference: 
      <empty>
    in: main at smtprc_comb.c:757 -> parse_maildir smtprc_comb.c:751 -> check_mail_file smtprc_comb.c:2152

  dereference at smtprc_comb.c:2423
    locations possibly dereferenced: 
      (*((*(hosts + x)))).smtp_open:smtprc_comb.c:221
      alloc.smtp_open:smtprc_comb.c:1046
    locks acquired at dereference: 
      <empty>
    in: main at smtprc_comb.c:757 -> start_scan smtprc_comb.c:723 -> thread_start smtprc_comb.c:2311

  dereference at smtprc_comb.c:1048
    locations possibly dereferenced: 
      (*((*(hosts + x)))).smtp_open:smtprc_comb.c:221
      alloc.smtp_open:smtprc_comb.c:1046
    locks acquired at dereference: 
      <empty>
    in: main at smtprc_comb.c:757 -> get_ip_range smtprc_comb.c:717

  dereference at smtprc_comb.c:2861
    locations possibly dereferenced: 
      (*((*(hosts + x)))).smtp_open:smtprc_comb.c:221
      alloc.smtp_open:smtprc_comb.c:1046
    locks acquired at dereference: 
      <empty>
    in: main at smtprc_comb.c:757 -> display_html smtprc_comb.c:764


Warning: Possible data race: alloc.fatal:smtprc_comb.c:1046 is not protected!
 references:
  dereference at smtprc_comb.c:5547
    locations possibly dereferenced: 
      (*((*(hosts + hostnames)))).fatal:smtprc_comb.c:221
      alloc.fatal:smtprc_comb.c:1046
    locks acquired at dereference: 
      <empty>
    in: FORK at smtprc_comb.c:2311 -> thread_start smtprc_comb.c:2311 -> relay_check smtprc_comb.c:2435 -> quit_smtp smtprc_comb.c:4067

  dereference at smtprc_comb.c:1049
    locations possibly dereferenced: 
      (*((*(hosts + hostnames)))).fatal:smtprc_comb.c:221
      alloc.fatal:smtprc_comb.c:1046
    locks acquired at dereference: 
      <empty>
    in: main at smtprc_comb.c:757 -> get_ip_range smtprc_comb.c:717

  dereference at smtprc_comb.c:2941
    locations possibly dereferenced: 
      (*((*(hosts + hostnames)))).fatal:smtprc_comb.c:221
      alloc.fatal:smtprc_comb.c:1046
    locks acquired at dereference: 
      <empty>
    in: main at smtprc_comb.c:757 -> display_html smtprc_comb.c:764

  dereference at smtprc_comb.c:5547
    locations possibly dereferenced: 
      (*((*(hosts + hostnames)))).fatal:smtprc_comb.c:221
      alloc.fatal:smtprc_comb.c:1046
    locks acquired at dereference: 
      <empty>
    in: main at smtprc_comb.c:757 -> start_scan smtprc_comb.c:723 -> thread_start smtprc_comb.c:2311 -> relay_check smtprc_comb.c:2435 -> quit_smtp smtprc_comb.c:4067


Warning: Possible data race: alloc.fatal_error:smtprc_comb.c:1046 is not protected!
 references:
  dereference at smtprc_comb.c:4510
    locations possibly dereferenced: 
      (*((*(hosts + x)))).fatal_error:smtprc_comb.c:221
      alloc.fatal_error:smtprc_comb.c:1046
    locks acquired at dereference: 
      <empty>
    in: FORK at smtprc_comb.c:2311 -> thread_start smtprc_comb.c:2311 -> relay_check smtprc_comb.c:2435 -> check_banner smtprc_comb.c:3963 -> read_smtp smtprc_comb.c:4542

  dereference at smtprc_comb.c:1050
    locations possibly dereferenced: 
      (*((*(hosts + x)))).fatal_error:smtprc_comb.c:221
      alloc.fatal_error:smtprc_comb.c:1046
    locks acquired at dereference: 
      <empty>
    in: main at smtprc_comb.c:757 -> get_ip_range smtprc_comb.c:717

  dereference at smtprc_comb.c:2940
    locations possibly dereferenced: 
      (*((*(hosts + x)))).fatal_error:smtprc_comb.c:221
      alloc.fatal_error:smtprc_comb.c:1046
    locks acquired at dereference: 
      <empty>
    in: main at smtprc_comb.c:757 -> display_html smtprc_comb.c:764

  dereference at smtprc_comb.c:4510
    locations possibly dereferenced: 
      (*((*(hosts + x)))).fatal_error:smtprc_comb.c:221
      alloc.fatal_error:smtprc_comb.c:1046
    locks acquired at dereference: 
      <empty>
    in: main at smtprc_comb.c:757 -> start_scan smtprc_comb.c:723 -> thread_start smtprc_comb.c:2311 -> relay_check smtprc_comb.c:2435 -> check_banner smtprc_comb.c:3963 -> read_smtp smtprc_comb.c:4542


Warning: Possible data race: alloc.resolved:smtprc_comb.c:1046 is not protected!
 references:
  dereference at smtprc_comb.c:3945
    locations possibly dereferenced: 
      (*((*(hosts + hostnames)))).resolved:smtprc_comb.c:221
      alloc.resolved:smtprc_comb.c:1046
    locks acquired at dereference: 
      <empty>
    in: FORK at smtprc_comb.c:2311 -> thread_start smtprc_comb.c:2311 -> relay_check smtprc_comb.c:2435

  dereference at smtprc_comb.c:2544
    locations possibly dereferenced: 
      (*((*(hosts + hostnames)))).resolved:smtprc_comb.c:221
      alloc.resolved:smtprc_comb.c:1046
    locks acquired at dereference: 
      <empty>
    in: main at smtprc_comb.c:757 -> parse_mbox smtprc_comb.c:754 -> check_mail_file smtprc_comb.c:2065 -> swap_rule smtprc_comb.c:255

  dereference at smtprc_comb.c:3945
    locations possibly dereferenced: 
      (*((*(hosts + hostnames)))).resolved:smtprc_comb.c:221
      alloc.resolved:smtprc_comb.c:1046
    locks acquired at dereference: 
      <empty>
    in: main at smtprc_comb.c:757 -> start_scan smtprc_comb.c:723 -> thread_start smtprc_comb.c:2311 -> relay_check smtprc_comb.c:2435

  dereference at smtprc_comb.c:2544
    locations possibly dereferenced: 
      (*((*(hosts + hostnames)))).resolved:smtprc_comb.c:221
      alloc.resolved:smtprc_comb.c:1046
    locks acquired at dereference: 
      <empty>
    in: main at smtprc_comb.c:757 -> parse_maildir smtprc_comb.c:751 -> check_mail_file smtprc_comb.c:2152 -> swap_rule smtprc_comb.c:255

  dereference at smtprc_comb.c:1047
    locations possibly dereferenced: 
      (*((*(hosts + hostnames)))).resolved:smtprc_comb.c:221
      alloc.resolved:smtprc_comb.c:1046
    locks acquired at dereference: 
      <empty>
    in: main at smtprc_comb.c:757 -> get_ip_range smtprc_comb.c:717

  dereference at smtprc_comb.c:2899
    locations possibly dereferenced: 
      (*((*(hosts + hostnames)))).resolved:smtprc_comb.c:221
      alloc.resolved:smtprc_comb.c:1046
    locks acquired at dereference: 
      <empty>
    in: main at smtprc_comb.c:757 -> display_html smtprc_comb.c:764


Warning: Possible data race: alloc.cur_threads:smtprc_comb.c:220 is not protected!
 references:
  dereference at smtprc_comb.c:2362
    locations possibly dereferenced: 
      o.cur_threads:smtprc_comb.c:220
      alloc.cur_threads:smtprc_comb.c:220
    locks acquired at dereference: 
      <empty>
    in: FORK at smtprc_comb.c:2297 -> cleaner_start smtprc_comb.c:2297

  dereference at smtprc_comb.c:2305
    locations possibly dereferenced: 
      o.cur_threads:smtprc_comb.c:220
      alloc.cur_threads:smtprc_comb.c:220
    locks acquired at dereference: 
      <empty>
    in: main at smtprc_comb.c:757 -> start_scan smtprc_comb.c:723

*************************** DONE ***************************

LockSmith run for: 5.290000 seconds

LockSmith build #$Rev: 1737 $gcc -D_GNUCC -E /tmp/cil-4S0ascMR.cil.c -o /tmp/cil-pKZX2Uoo.cil.i
gcc -D_GNUCC -c -o ./smtprc_comb_lib.o /tmp/cil-pKZX2Uoo.cil.i
smtprc_comb.c:344: warning: `__unique__' attribute directive ignored
smtprc_comb.c:345: warning: `__unique__' attribute directive ignored
smtprc_comb.c:783: warning: `__unique__' attribute directive ignored
